#! /c/Source/iverilog-install/bin/vvp
:ivl_version "12.0 (devel)" "(s20150603-1539-g2693dd32b)";
:ivl_delay_selection "TYPICAL";
:vpi_time_precision + 0;
:vpi_module "D:\iverilog\lib\ivl\system.vpi";
:vpi_module "D:\iverilog\lib\ivl\vhdl_sys.vpi";
:vpi_module "D:\iverilog\lib\ivl\vhdl_textio.vpi";
:vpi_module "D:\iverilog\lib\ivl\v2005_math.vpi";
:vpi_module "D:\iverilog\lib\ivl\va_math.vpi";
S_000002439dcf7cf0 .scope module, "circuito_exp5" "circuito_exp5" 2 1;
 .timescale 0 0;
    .port_info 0 /INPUT 1 "clock";
    .port_info 1 /INPUT 1 "reset";
    .port_info 2 /INPUT 1 "iniciar";
    .port_info 3 /INPUT 4 "chaves";
    .port_info 4 /OUTPUT 1 "pronto";
    .port_info 5 /OUTPUT 4 "leds";
    .port_info 6 /OUTPUT 1 "db_igual";
    .port_info 7 /OUTPUT 7 "db_contagem";
    .port_info 8 /OUTPUT 7 "db_jogadafeita";
    .port_info 9 /OUTPUT 1 "db_clock";
    .port_info 10 /OUTPUT 7 "db_estado";
    .port_info 11 /OUTPUT 7 "db_memoria";
    .port_info 12 /OUTPUT 1 "acertou";
    .port_info 13 /OUTPUT 1 "errou";
    .port_info 14 /OUTPUT 1 "db_zeraC";
    .port_info 15 /OUTPUT 1 "db_contaC";
    .port_info 16 /OUTPUT 1 "db_fimC";
    .port_info 17 /OUTPUT 1 "db_zeraR";
    .port_info 18 /OUTPUT 1 "db_registraR";
    .port_info 19 /OUTPUT 7 "db_chaves";
    .port_info 20 /OUTPUT 1 "db_tem_jogada";
L_000002439dce1750 .functor BUFZ 1, L_000002439dce1670, C4<0>, C4<0>, C4<0>;
o000002439dcf98c8 .functor BUFZ 1, C4<z>; HiZ drive
L_000002439dce1670 .functor BUFZ 1, o000002439dcf98c8, C4<0>, C4<0>, C4<0>;
L_000002439dce1bb0 .functor BUFZ 1, v000002439dd504d0_0, C4<0>, C4<0>, C4<0>;
L_000002439dce1830 .functor BUFZ 1, v000002439dd513d0_0, C4<0>, C4<0>, C4<0>;
L_000002439dce1f30 .functor BUFZ 1, v000002439dcf69b0_0, C4<0>, C4<0>, C4<0>;
L_000002439dce1a60 .functor BUFZ 1, v000002439dd50570_0, C4<0>, C4<0>, C4<0>;
L_000002439dce1050 .functor BUFZ 1, v000002439dd51650_0, C4<0>, C4<0>, C4<0>;
L_000002439dce10c0 .functor BUFZ 1, L_000002439dda80e0, C4<0>, C4<0>, C4<0>;
v000002439dd506b0_0 .net "acertou", 0 0, v000002439dd50e30_0;  1 drivers
o000002439dcf8d88 .functor BUFZ 4, C4<zzzz>; HiZ drive
v000002439dd52bc0_0 .net "chaves", 3 0, o000002439dcf8d88;  0 drivers
o000002439dcf8878 .functor BUFZ 1, C4<z>; HiZ drive
v000002439dd53ca0_0 .net "clock", 0 0, o000002439dcf8878;  0 drivers
v000002439dd523a0_0 .net "db_chaves", 6 0, v000002439dcf76d0_0;  1 drivers
o000002439dcf9718 .functor BUFZ 1, C4<z>; HiZ drive
v000002439dd52940_0 .net "db_clock", 0 0, o000002439dcf9718;  0 drivers
v000002439dd53480_0 .net "db_contaC", 0 0, L_000002439dce1830;  1 drivers
v000002439dd530c0_0 .net "db_contagem", 6 0, v000002439dcf6190_0;  1 drivers
v000002439dd52800_0 .net "db_estado", 6 0, v000002439dcf65f0_0;  1 drivers
v000002439dd52f80_0 .net "db_fimC", 0 0, L_000002439dce1f30;  1 drivers
v000002439dd528a0_0 .net "db_igual", 0 0, L_000002439dce10c0;  1 drivers
v000002439dd529e0_0 .net "db_iniciar", 0 0, L_000002439dce1750;  1 drivers
o000002439dcf9808 .functor BUFZ 7, C4<zzzzzzz>; HiZ drive
v000002439dd53160_0 .net "db_jogadafeita", 6 0, o000002439dcf9808;  0 drivers
v000002439dd52440_0 .net "db_memoria", 6 0, v000002439dcf6ff0_0;  1 drivers
v000002439dd526c0_0 .net "db_registraR", 0 0, L_000002439dce1050;  1 drivers
v000002439dd53340_0 .net "db_tem_jogada", 0 0, L_000002439dce16e0;  1 drivers
v000002439dd53f20_0 .net "db_zeraC", 0 0, L_000002439dce1bb0;  1 drivers
v000002439dd53c00_0 .net "db_zeraR", 0 0, L_000002439dce1a60;  1 drivers
v000002439dd53200_0 .net "errou", 0 0, v000002439dd51ab0_0;  1 drivers
v000002439dd52620_0 .net "iniciar", 0 0, o000002439dcf98c8;  0 drivers
v000002439dd52da0_0 .net "jogada_feita", 0 0, L_000002439dce1280;  1 drivers
o000002439dcf98f8 .functor BUFZ 4, C4<zzzz>; HiZ drive
v000002439dd53520_0 .net "leds", 3 0, o000002439dcf98f8;  0 drivers
v000002439dd53700_0 .net "pronto", 0 0, v000002439dd50070_0;  1 drivers
o000002439dcf9448 .functor BUFZ 1, C4<z>; HiZ drive
v000002439dd52760_0 .net "reset", 0 0, o000002439dcf9448;  0 drivers
o000002439dcf8038 .functor BUFZ 4, C4<zzzz>; HiZ drive
v000002439dd53ac0_0 .net "s_chaves", 3 0, o000002439dcf8038;  0 drivers
v000002439dd52e40_0 .net "s_contagem", 3 0, L_000002439dce1ad0;  1 drivers
v000002439dd52b20_0 .net "s_estado", 3 0, v000002439dd51510_0;  1 drivers
v000002439dd53d40_0 .net "s_memoria", 3 0, L_000002439dce11a0;  1 drivers
v000002439dd52ee0_0 .net "wireContaC", 0 0, v000002439dd513d0_0;  1 drivers
v000002439dd535c0_0 .net "wireFimC", 0 0, v000002439dcf69b0_0;  1 drivers
v000002439dd52a80_0 .net "wireIgual", 0 0, L_000002439dda80e0;  1 drivers
v000002439dd52c60_0 .net "wireIniciar", 0 0, L_000002439dce1670;  1 drivers
o000002439dcf93e8 .functor BUFZ 1, C4<z>; HiZ drive
v000002439dd52d00_0 .net "wireJogada", 0 0, o000002439dcf93e8;  0 drivers
v000002439dd53660_0 .net "wireRegistraR", 0 0, v000002439dd51650_0;  1 drivers
v000002439dd53020_0 .net "wireZeraC", 0 0, v000002439dd504d0_0;  1 drivers
v000002439dd537a0_0 .net "wireZeraR", 0 0, v000002439dd50570_0;  1 drivers
v000002439dd532a0_0 .net "wire_db_jogada", 3 0, L_000002439dce1130;  1 drivers
S_000002439dca4430 .scope module, "HEX0" "hexa7seg" 2 112, 3 23 0, S_000002439dcf7cf0;
 .timescale 0 0;
    .port_info 0 /INPUT 4 "hexa";
    .port_info 1 /OUTPUT 7 "display";
v000002439dcf6190_0 .var "display", 6 0;
v000002439dcf6230_0 .net "hexa", 3 0, L_000002439dce1ad0;  alias, 1 drivers
E_000002439dce8b50 .event anyedge, v000002439dcf6230_0;
S_000002439dcb8760 .scope module, "HEX1" "hexa7seg" 2 117, 3 23 0, S_000002439dcf7cf0;
 .timescale 0 0;
    .port_info 0 /INPUT 4 "hexa";
    .port_info 1 /OUTPUT 7 "display";
v000002439dcf6ff0_0 .var "display", 6 0;
v000002439dcf73b0_0 .net "hexa", 3 0, L_000002439dce11a0;  alias, 1 drivers
E_000002439dce9290 .event anyedge, v000002439dcf73b0_0;
S_000002439dcb88f0 .scope module, "HEX2" "hexa7seg" 2 107, 3 23 0, S_000002439dcf7cf0;
 .timescale 0 0;
    .port_info 0 /INPUT 4 "hexa";
    .port_info 1 /OUTPUT 7 "display";
v000002439dcf76d0_0 .var "display", 6 0;
v000002439dcf6cd0_0 .net "hexa", 3 0, o000002439dcf8038;  alias, 0 drivers
E_000002439dce9590 .event anyedge, v000002439dcf6cd0_0;
S_000002439dcb34f0 .scope module, "HEX5" "hexa7seg" 2 122, 3 23 0, S_000002439dcf7cf0;
 .timescale 0 0;
    .port_info 0 /INPUT 4 "hexa";
    .port_info 1 /OUTPUT 7 "display";
v000002439dcf65f0_0 .var "display", 6 0;
v000002439dcf7bd0_0 .net "hexa", 3 0, v000002439dd51510_0;  alias, 1 drivers
E_000002439dceab10 .event anyedge, v000002439dcf7bd0_0;
S_000002439dcb3680 .scope module, "fluxo" "fluxo_dados" 2 74, 4 17 0, S_000002439dcf7cf0;
 .timescale 0 0;
    .port_info 0 /INPUT 1 "clock";
    .port_info 1 /INPUT 1 "zeraC";
    .port_info 2 /INPUT 1 "contaC";
    .port_info 3 /INPUT 1 "zeraR";
    .port_info 4 /INPUT 1 "registraR";
    .port_info 5 /INPUT 4 "chaves";
    .port_info 6 /OUTPUT 1 "igual";
    .port_info 7 /OUTPUT 1 "fimC";
    .port_info 8 /OUTPUT 1 "jogada_feita";
    .port_info 9 /OUTPUT 1 "db_tem_jogada";
    .port_info 10 /OUTPUT 4 "db_contagem";
    .port_info 11 /OUTPUT 4 "db_memoria";
    .port_info 12 /OUTPUT 4 "db_jogada";
L_000002439dce1ad0 .functor BUFZ 4, v000002439dcf5f10_0, C4<0000>, C4<0000>, C4<0000>;
L_000002439dce1130 .functor BUFZ 4, v000002439dd50a70_0, C4<0000>, C4<0000>, C4<0000>;
L_000002439dce11a0 .functor BUFZ 4, v000002439dd51b50_0, C4<0000>, C4<0000>, C4<0000>;
L_000002439dce16e0 .functor BUFZ 1, L_000002439dce1210, C4<0>, C4<0>, C4<0>;
L_000002439dce1210 .functor OR 1, L_000002439dd53840, L_000002439dd533e0, L_000002439dd524e0, L_000002439dd538e0;
L_000002439dce17c0 .functor NOT 1, v000002439dd504d0_0, C4<0>, C4<0>, C4<0>;
v000002439dd51c90_0 .net "AGBo", 0 0, L_000002439dcbcca0;  1 drivers
v000002439dd50250_0 .net "ALBo", 0 0, L_000002439dce1360;  1 drivers
v000002439dd50750_0 .net *"_ivl_10", 0 0, L_000002439dd53840;  1 drivers
v000002439dd511f0_0 .net *"_ivl_12", 0 0, L_000002439dd533e0;  1 drivers
v000002439dd502f0_0 .net *"_ivl_14", 0 0, L_000002439dd524e0;  1 drivers
v000002439dd50610_0 .net *"_ivl_16", 0 0, L_000002439dd538e0;  1 drivers
v000002439dd51d30_0 .net "chaves", 3 0, o000002439dcf8d88;  alias, 0 drivers
v000002439dd50ed0_0 .net "clock", 0 0, o000002439dcf8878;  alias, 0 drivers
v000002439dd51830_0 .net "contaC", 0 0, v000002439dd513d0_0;  alias, 1 drivers
v000002439dd518d0_0 .net "db_contagem", 3 0, L_000002439dce1ad0;  alias, 1 drivers
v000002439dd51970_0 .net "db_jogada", 3 0, L_000002439dce1130;  alias, 1 drivers
v000002439dd50110_0 .net "db_memoria", 3 0, L_000002439dce11a0;  alias, 1 drivers
v000002439dd510b0_0 .net "db_tem_jogada", 0 0, L_000002439dce16e0;  alias, 1 drivers
v000002439dd509d0_0 .net "fimC", 0 0, v000002439dcf69b0_0;  alias, 1 drivers
v000002439dd51150_0 .net "igual", 0 0, L_000002439dda80e0;  alias, 1 drivers
v000002439dd51290_0 .net "jogada_feita", 0 0, L_000002439dce1280;  alias, 1 drivers
v000002439dd50430_0 .net "registraR", 0 0, v000002439dd51650_0;  alias, 1 drivers
v000002439dd51a10_0 .net "s_chaves", 3 0, v000002439dd50a70_0;  1 drivers
v000002439dd51330_0 .net "s_dado", 3 0, v000002439dd51b50_0;  1 drivers
v000002439dd51e70_0 .net "s_endereco", 3 0, v000002439dcf5f10_0;  1 drivers
v000002439dd50b10_0 .net "tem_jogada", 0 0, L_000002439dce1210;  1 drivers
v000002439dd50bb0_0 .net "zeraC", 0 0, v000002439dd504d0_0;  alias, 1 drivers
v000002439dd50cf0_0 .net "zeraR", 0 0, v000002439dd50570_0;  alias, 1 drivers
L_000002439dd53840 .part o000002439dcf8d88, 3, 1;
L_000002439dd533e0 .part o000002439dcf8d88, 2, 1;
L_000002439dd524e0 .part o000002439dcf8d88, 1, 1;
L_000002439dd538e0 .part o000002439dcf8d88, 0, 1;
S_000002439dcb1b30 .scope module, "comparador" "comparador_85" 4 82, 5 16 0, S_000002439dcb3680;
 .timescale 0 0;
    .port_info 0 /INPUT 1 "ALBi";
    .port_info 1 /INPUT 1 "AGBi";
    .port_info 2 /INPUT 1 "AEBi";
    .port_info 3 /INPUT 4 "A";
    .port_info 4 /INPUT 4 "B";
    .port_info 5 /OUTPUT 1 "ALBo";
    .port_info 6 /OUTPUT 1 "AGBo";
    .port_info 7 /OUTPUT 1 "AEBo";
L_000002439dce1440 .functor NOT 5, L_000002439dd52080, C4<00000>, C4<00000>, C4<00000>;
L_000002439dce1360 .functor NOT 1, L_000002439dd53a20, C4<0>, C4<0>, C4<0>;
L_000002439dcbc920 .functor NOT 5, L_000002439dd52120, C4<00000>, C4<00000>, C4<00000>;
L_000002439dcbcca0 .functor NOT 1, L_000002439dd52300, C4<0>, C4<0>, C4<0>;
L_000002439dd60310 .functor BUFT 1, C4<1>, C4<0>, C4<0>, C4<0>;
L_000002439dda80e0 .functor AND 1, L_000002439dd52580, L_000002439dd60310, C4<1>, C4<1>;
v000002439dcf7450_0 .net "A", 3 0, v000002439dd51b50_0;  alias, 1 drivers
v000002439dcf64b0_0 .net "AEBi", 0 0, L_000002439dd60310;  1 drivers
v000002439dcf7770_0 .net "AEBo", 0 0, L_000002439dda80e0;  alias, 1 drivers
L_000002439dd602c8 .functor BUFT 1, C4<0>, C4<0>, C4<0>, C4<0>;
v000002439dcf5d30_0 .net "AGBi", 0 0, L_000002439dd602c8;  1 drivers
v000002439dcf7090_0 .net "AGBo", 0 0, L_000002439dcbcca0;  alias, 1 drivers
L_000002439dd60280 .functor BUFT 1, C4<0>, C4<0>, C4<0>, C4<0>;
v000002439dcf5dd0_0 .net "ALBi", 0 0, L_000002439dd60280;  1 drivers
v000002439dcf60f0_0 .net "ALBo", 0 0, L_000002439dce1360;  alias, 1 drivers
v000002439dcf7270_0 .net "B", 3 0, v000002439dd50a70_0;  alias, 1 drivers
v000002439dcf79f0_0 .net "CSG", 4 0, L_000002439dd52260;  1 drivers
v000002439dcf7130_0 .net "CSL", 4 0, L_000002439dd53e80;  1 drivers
v000002439dcf6eb0_0 .net *"_ivl_0", 4 0, L_000002439dd52080;  1 drivers
v000002439dcf6910_0 .net *"_ivl_10", 4 0, L_000002439dd53980;  1 drivers
L_000002439dd60358 .functor BUFT 1, C4<00000>, C4<0>, C4<0>, C4<0>;
v000002439dcf7a90_0 .net *"_ivl_12", 4 0, L_000002439dd60358;  1 drivers
v000002439dcf74f0_0 .net *"_ivl_19", 0 0, L_000002439dd53a20;  1 drivers
v000002439dcf6550_0 .net *"_ivl_22", 4 0, L_000002439dd53b60;  1 drivers
L_000002439dd601f0 .functor BUFT 1, C4<0>, C4<0>, C4<0>, C4<0>;
v000002439dcf7950_0 .net *"_ivl_25", 0 0, L_000002439dd601f0;  1 drivers
v000002439dcf6690_0 .net *"_ivl_26", 4 0, L_000002439dd52120;  1 drivers
L_000002439dd60238 .functor BUFT 1, C4<0>, C4<0>, C4<0>, C4<0>;
v000002439dcf6e10_0 .net *"_ivl_29", 0 0, L_000002439dd60238;  1 drivers
L_000002439dd60160 .functor BUFT 1, C4<0>, C4<0>, C4<0>, C4<0>;
v000002439dcf62d0_0 .net *"_ivl_3", 0 0, L_000002439dd60160;  1 drivers
v000002439dcf71d0_0 .net *"_ivl_30", 4 0, L_000002439dcbc920;  1 drivers
v000002439dcf7810_0 .net *"_ivl_32", 4 0, L_000002439dd521c0;  1 drivers
L_000002439dd603a0 .functor BUFT 1, C4<00000>, C4<0>, C4<0>, C4<0>;
v000002439dcf6370_0 .net *"_ivl_34", 4 0, L_000002439dd603a0;  1 drivers
v000002439dcf7630_0 .net *"_ivl_4", 4 0, L_000002439dce1440;  1 drivers
v000002439dcf6730_0 .net *"_ivl_41", 0 0, L_000002439dd52300;  1 drivers
v000002439dcf67d0_0 .net *"_ivl_44", 0 0, L_000002439dd52580;  1 drivers
v000002439dcf7310_0 .net *"_ivl_6", 4 0, L_000002439dd53de0;  1 drivers
L_000002439dd601a8 .functor BUFT 1, C4<0>, C4<0>, C4<0>, C4<0>;
v000002439dcf7b30_0 .net *"_ivl_9", 0 0, L_000002439dd601a8;  1 drivers
L_000002439dd52080 .concat [ 4 1 0 0], v000002439dd51b50_0, L_000002439dd60160;
L_000002439dd53de0 .concat [ 4 1 0 0], v000002439dd50a70_0, L_000002439dd601a8;
L_000002439dd53980 .arith/sum 5, L_000002439dce1440, L_000002439dd53de0;
L_000002439dd53e80 .arith/sum 5, L_000002439dd53980, L_000002439dd60358;
L_000002439dd53a20 .part L_000002439dd53e80, 4, 1;
L_000002439dd53b60 .concat [ 4 1 0 0], v000002439dd51b50_0, L_000002439dd601f0;
L_000002439dd52120 .concat [ 4 1 0 0], v000002439dd50a70_0, L_000002439dd60238;
L_000002439dd521c0 .arith/sum 5, L_000002439dd53b60, L_000002439dcbc920;
L_000002439dd52260 .arith/sum 5, L_000002439dd521c0, L_000002439dd603a0;
L_000002439dd52300 .part L_000002439dd52260, 4, 1;
L_000002439dd52580 .cmp/eq 4, v000002439dd51b50_0, v000002439dd50a70_0;
S_000002439dcb1cc0 .scope module, "contador" "contador_163" 4 56, 6 16 0, S_000002439dcb3680;
 .timescale 0 0;
    .port_info 0 /INPUT 1 "clock";
    .port_info 1 /INPUT 1 "clr";
    .port_info 2 /INPUT 1 "ld";
    .port_info 3 /INPUT 1 "ent";
    .port_info 4 /INPUT 1 "enp";
    .port_info 5 /INPUT 4 "D";
    .port_info 6 /OUTPUT 4 "Q";
    .port_info 7 /OUTPUT 1 "rco";
L_000002439dd60118 .functor BUFT 1, C4<0000>, C4<0>, C4<0>, C4<0>;
v000002439dcf5e70_0 .net "D", 3 0, L_000002439dd60118;  1 drivers
v000002439dcf5f10_0 .var "Q", 3 0;
v000002439dcf7590_0 .net "clock", 0 0, o000002439dcf8878;  alias, 0 drivers
v000002439dcf6410_0 .net "clr", 0 0, L_000002439dce17c0;  1 drivers
v000002439dcf6f50_0 .net "enp", 0 0, v000002439dd513d0_0;  alias, 1 drivers
L_000002439dd600d0 .functor BUFT 1, C4<1>, C4<0>, C4<0>, C4<0>;
v000002439dcf5fb0_0 .net "ent", 0 0, L_000002439dd600d0;  1 drivers
L_000002439dd60088 .functor BUFT 1, C4<1>, C4<0>, C4<0>, C4<0>;
v000002439dcf6870_0 .net "ld", 0 0, L_000002439dd60088;  1 drivers
v000002439dcf69b0_0 .var "rco", 0 0;
E_000002439dceafd0 .event anyedge, v000002439dcf5fb0_0, v000002439dcf5f10_0;
E_000002439dceb2d0 .event posedge, v000002439dcf7590_0;
S_000002439dcc3f00 .scope module, "edge_detector" "edge_detector" 4 47, 7 21 0, S_000002439dcb3680;
 .timescale 0 0;
    .port_info 0 /INPUT 1 "clock";
    .port_info 1 /INPUT 1 "reset";
    .port_info 2 /INPUT 1 "sinal";
    .port_info 3 /OUTPUT 1 "pulso";
L_000002439dce1b40 .functor NOT 1, v000002439dcdd3e0_0, C4<0>, C4<0>, C4<0>;
L_000002439dce1280 .functor AND 1, L_000002439dce1b40, v000002439dcf6d70_0, C4<1>, C4<1>;
v000002439dcf6a50_0 .net *"_ivl_0", 0 0, L_000002439dce1b40;  1 drivers
v000002439dcf6af0_0 .net "clock", 0 0, o000002439dcf8878;  alias, 0 drivers
v000002439dcf6c30_0 .net "pulso", 0 0, L_000002439dce1280;  alias, 1 drivers
v000002439dcf6d70_0 .var "reg0", 0 0;
v000002439dcdd3e0_0 .var "reg1", 0 0;
o000002439dcf8bd8 .functor BUFZ 1, C4<z>; HiZ drive
v000002439dcddd40_0 .net "reset", 0 0, o000002439dcf8bd8;  0 drivers
v000002439dd50c50_0 .net "sinal", 0 0, L_000002439dce1210;  alias, 1 drivers
E_000002439dceb090 .event posedge, v000002439dcddd40_0, v000002439dcf7590_0;
S_000002439dcc4090 .scope module, "mem" "sync_rom_16x4" 4 67, 8 13 0, S_000002439dcb3680;
 .timescale 0 0;
    .port_info 0 /INPUT 1 "clock";
    .port_info 1 /INPUT 4 "address";
    .port_info 2 /OUTPUT 4 "data_out";
v000002439dd51010_0 .net "address", 3 0, v000002439dcf5f10_0;  alias, 1 drivers
v000002439dd516f0_0 .net "clock", 0 0, o000002439dcf8878;  alias, 0 drivers
v000002439dd51b50_0 .var "data_out", 3 0;
S_000002439dca9be0 .scope module, "reg1" "registrador_4" 4 73, 9 13 0, S_000002439dcb3680;
 .timescale 0 0;
    .port_info 0 /INPUT 1 "clock";
    .port_info 1 /INPUT 1 "clear";
    .port_info 2 /INPUT 1 "enable";
    .port_info 3 /INPUT 4 "D";
    .port_info 4 /OUTPUT 4 "Q";
v000002439dd507f0_0 .net "D", 3 0, o000002439dcf8d88;  alias, 0 drivers
v000002439dd50a70_0 .var "IQ", 3 0;
v000002439dd51790_0 .net "Q", 3 0, v000002439dd50a70_0;  alias, 1 drivers
v000002439dd50930_0 .net "clear", 0 0, v000002439dd50570_0;  alias, 1 drivers
v000002439dd50890_0 .net "clock", 0 0, o000002439dcf8878;  alias, 0 drivers
v000002439dd51bf0_0 .net "enable", 0 0, v000002439dd51650_0;  alias, 1 drivers
E_000002439dceb3d0 .event posedge, v000002439dd50930_0, v000002439dcf7590_0;
S_000002439dca9d70 .scope module, "uc" "unidade_controle" 2 90, 10 15 0, S_000002439dcf7cf0;
 .timescale 0 0;
    .port_info 0 /INPUT 1 "clock";
    .port_info 1 /INPUT 1 "reset";
    .port_info 2 /INPUT 1 "iniciar";
    .port_info 3 /INPUT 1 "fim";
    .port_info 4 /INPUT 1 "jogada";
    .port_info 5 /INPUT 1 "igual";
    .port_info 6 /OUTPUT 1 "zeraC";
    .port_info 7 /OUTPUT 1 "contaC";
    .port_info 8 /OUTPUT 1 "zeraR";
    .port_info 9 /OUTPUT 1 "registraR";
    .port_info 10 /OUTPUT 1 "acertou";
    .port_info 11 /OUTPUT 1 "errou";
    .port_info 12 /OUTPUT 1 "pronto";
    .port_info 13 /OUTPUT 4 "db_estado";
P_000002439dcd28c0 .param/l "comparacao" 0 10 58, C4<0101>;
P_000002439dcd28f8 .param/l "errouState" 0 10 61, C4<1101>;
P_000002439dcd2930 .param/l "fimState" 0 10 60, C4<1100>;
P_000002439dcd2968 .param/l "inicial" 0 10 55, C4<0000>;
P_000002439dcd29a0 .param/l "preparacao" 0 10 56, C4<0001>;
P_000002439dcd29d8 .param/l "proximo" 0 10 59, C4<0110>;
P_000002439dcd2a10 .param/l "registra" 0 10 57, C4<0100>;
v000002439dd51dd0_0 .var "Eatual", 3 0;
v000002439dd50d90_0 .var "Eprox", 3 0;
v000002439dd50e30_0 .var "acertou", 0 0;
v000002439dd50f70_0 .net "clock", 0 0, o000002439dcf8878;  alias, 0 drivers
v000002439dd513d0_0 .var "contaC", 0 0;
v000002439dd51510_0 .var "db_estado", 3 0;
v000002439dd51ab0_0 .var "errou", 0 0;
v000002439dd51470_0 .net "fim", 0 0, v000002439dcf69b0_0;  alias, 1 drivers
v000002439dd515b0_0 .net "igual", 0 0, L_000002439dda80e0;  alias, 1 drivers
v000002439dd51f10_0 .net "iniciar", 0 0, L_000002439dce1670;  alias, 1 drivers
v000002439dd50390_0 .net "jogada", 0 0, o000002439dcf93e8;  alias, 0 drivers
v000002439dd50070_0 .var "pronto", 0 0;
v000002439dd51650_0 .var "registraR", 0 0;
v000002439dd501b0_0 .net "reset", 0 0, o000002439dcf9448;  alias, 0 drivers
v000002439dd504d0_0 .var "zeraC", 0 0;
v000002439dd50570_0 .var "zeraR", 0 0;
E_000002439dceb410 .event anyedge, v000002439dd51dd0_0;
E_000002439dceabd0 .event anyedge, v000002439dd51dd0_0, v000002439dd51f10_0, v000002439dcf69b0_0, v000002439dcf7770_0;
E_000002439dceb5d0 .event posedge, v000002439dd501b0_0, v000002439dcf7590_0;
    .scope S_000002439dcc3f00;
T_0 ;
    %wait E_000002439dceb090;
    %load/vec4 v000002439dcddd40_0;
    %flag_set/vec4 8;
    %jmp/0xz  T_0.0, 8;
    %pushi/vec4 0, 0, 1;
    %assign/vec4 v000002439dcf6d70_0, 0;
    %pushi/vec4 0, 0, 1;
    %assign/vec4 v000002439dcdd3e0_0, 0;
    %jmp T_0.1;
T_0.0 ;
    %load/vec4 v000002439dcf6af0_0;
    %flag_set/vec4 8;
    %jmp/0xz  T_0.2, 8;
    %load/vec4 v000002439dd50c50_0;
    %assign/vec4 v000002439dcf6d70_0, 0;
    %load/vec4 v000002439dcf6d70_0;
    %assign/vec4 v000002439dcdd3e0_0, 0;
T_0.2 ;
T_0.1 ;
    %jmp T_0;
    .thread T_0;
    .scope S_000002439dcb1cc0;
T_1 ;
    %pushi/vec4 0, 0, 4;
    %store/vec4 v000002439dcf5f10_0, 0, 4;
    %end;
    .thread T_1;
    .scope S_000002439dcb1cc0;
T_2 ;
    %wait E_000002439dceb2d0;
    %load/vec4 v000002439dcf6410_0;
    %inv;
    %flag_set/vec4 8;
    %jmp/0xz  T_2.0, 8;
    %pushi/vec4 0, 0, 4;
    %assign/vec4 v000002439dcf5f10_0, 0;
    %jmp T_2.1;
T_2.0 ;
    %load/vec4 v000002439dcf6870_0;
    %inv;
    %flag_set/vec4 8;
    %jmp/0xz  T_2.2, 8;
    %load/vec4 v000002439dcf5e70_0;
    %assign/vec4 v000002439dcf5f10_0, 0;
    %jmp T_2.3;
T_2.2 ;
    %load/vec4 v000002439dcf5fb0_0;
    %flag_set/vec4 9;
    %flag_get/vec4 9;
    %jmp/0 T_2.6, 9;
    %load/vec4 v000002439dcf6f50_0;
    %and;
T_2.6;
    %flag_set/vec4 8;
    %jmp/0xz  T_2.4, 8;
    %load/vec4 v000002439dcf5f10_0;
    %addi 1, 0, 4;
    %assign/vec4 v000002439dcf5f10_0, 0;
    %jmp T_2.5;
T_2.4 ;
    %load/vec4 v000002439dcf5f10_0;
    %assign/vec4 v000002439dcf5f10_0, 0;
T_2.5 ;
T_2.3 ;
T_2.1 ;
    %jmp T_2;
    .thread T_2;
    .scope S_000002439dcb1cc0;
T_3 ;
    %wait E_000002439dceafd0;
    %load/vec4 v000002439dcf5fb0_0;
    %flag_set/vec4 9;
    %flag_get/vec4 9;
    %jmp/0 T_3.2, 9;
    %load/vec4 v000002439dcf5f10_0;
    %pushi/vec4 15, 0, 4;
    %cmp/e;
    %flag_get/vec4 4;
    %and;
T_3.2;
    %flag_set/vec4 8;
    %jmp/0xz  T_3.0, 8;
    %pushi/vec4 1, 0, 1;
    %store/vec4 v000002439dcf69b0_0, 0, 1;
    %jmp T_3.1;
T_3.0 ;
    %pushi/vec4 0, 0, 1;
    %store/vec4 v000002439dcf69b0_0, 0, 1;
T_3.1 ;
    %jmp T_3;
    .thread T_3, $push;
    .scope S_000002439dcc4090;
T_4 ;
    %wait E_000002439dceb2d0;
    %load/vec4 v000002439dd51010_0;
    %dup/vec4;
    %pushi/vec4 0, 0, 4;
    %cmp/u;
    %jmp/1 T_4.0, 6;
    %dup/vec4;
    %pushi/vec4 1, 0, 4;
    %cmp/u;
    %jmp/1 T_4.1, 6;
    %dup/vec4;
    %pushi/vec4 2, 0, 4;
    %cmp/u;
    %jmp/1 T_4.2, 6;
    %dup/vec4;
    %pushi/vec4 3, 0, 4;
    %cmp/u;
    %jmp/1 T_4.3, 6;
    %dup/vec4;
    %pushi/vec4 4, 0, 4;
    %cmp/u;
    %jmp/1 T_4.4, 6;
    %dup/vec4;
    %pushi/vec4 5, 0, 4;
    %cmp/u;
    %jmp/1 T_4.5, 6;
    %dup/vec4;
    %pushi/vec4 6, 0, 4;
    %cmp/u;
    %jmp/1 T_4.6, 6;
    %dup/vec4;
    %pushi/vec4 7, 0, 4;
    %cmp/u;
    %jmp/1 T_4.7, 6;
    %dup/vec4;
    %pushi/vec4 8, 0, 4;
    %cmp/u;
    %jmp/1 T_4.8, 6;
    %dup/vec4;
    %pushi/vec4 9, 0, 4;
    %cmp/u;
    %jmp/1 T_4.9, 6;
    %dup/vec4;
    %pushi/vec4 10, 0, 4;
    %cmp/u;
    %jmp/1 T_4.10, 6;
    %dup/vec4;
    %pushi/vec4 11, 0, 4;
    %cmp/u;
    %jmp/1 T_4.11, 6;
    %dup/vec4;
    %pushi/vec4 12, 0, 4;
    %cmp/u;
    %jmp/1 T_4.12, 6;
    %dup/vec4;
    %pushi/vec4 13, 0, 4;
    %cmp/u;
    %jmp/1 T_4.13, 6;
    %dup/vec4;
    %pushi/vec4 14, 0, 4;
    %cmp/u;
    %jmp/1 T_4.14, 6;
    %dup/vec4;
    %pushi/vec4 15, 0, 4;
    %cmp/u;
    %jmp/1 T_4.15, 6;
    %jmp T_4.16;
T_4.0 ;
    %pushi/vec4 1, 0, 4;
    %store/vec4 v000002439dd51b50_0, 0, 4;
    %jmp T_4.16;
T_4.1 ;
    %pushi/vec4 2, 0, 4;
    %store/vec4 v000002439dd51b50_0, 0, 4;
    %jmp T_4.16;
T_4.2 ;
    %pushi/vec4 4, 0, 4;
    %store/vec4 v000002439dd51b50_0, 0, 4;
    %jmp T_4.16;
T_4.3 ;
    %pushi/vec4 8, 0, 4;
    %store/vec4 v000002439dd51b50_0, 0, 4;
    %jmp T_4.16;
T_4.4 ;
    %pushi/vec4 4, 0, 4;
    %store/vec4 v000002439dd51b50_0, 0, 4;
    %jmp T_4.16;
T_4.5 ;
    %pushi/vec4 2, 0, 4;
    %store/vec4 v000002439dd51b50_0, 0, 4;
    %jmp T_4.16;
T_4.6 ;
    %pushi/vec4 1, 0, 4;
    %store/vec4 v000002439dd51b50_0, 0, 4;
    %jmp T_4.16;
T_4.7 ;
    %pushi/vec4 1, 0, 4;
    %store/vec4 v000002439dd51b50_0, 0, 4;
    %jmp T_4.16;
T_4.8 ;
    %pushi/vec4 2, 0, 4;
    %store/vec4 v000002439dd51b50_0, 0, 4;
    %jmp T_4.16;
T_4.9 ;
    %pushi/vec4 2, 0, 4;
    %store/vec4 v000002439dd51b50_0, 0, 4;
    %jmp T_4.16;
T_4.10 ;
    %pushi/vec4 4, 0, 4;
    %store/vec4 v000002439dd51b50_0, 0, 4;
    %jmp T_4.16;
T_4.11 ;
    %pushi/vec4 4, 0, 4;
    %store/vec4 v000002439dd51b50_0, 0, 4;
    %jmp T_4.16;
T_4.12 ;
    %pushi/vec4 8, 0, 4;
    %store/vec4 v000002439dd51b50_0, 0, 4;
    %jmp T_4.16;
T_4.13 ;
    %pushi/vec4 8, 0, 4;
    %store/vec4 v000002439dd51b50_0, 0, 4;
    %jmp T_4.16;
T_4.14 ;
    %pushi/vec4 1, 0, 4;
    %store/vec4 v000002439dd51b50_0, 0, 4;
    %jmp T_4.16;
T_4.15 ;
    %pushi/vec4 4, 0, 4;
    %store/vec4 v000002439dd51b50_0, 0, 4;
    %jmp T_4.16;
T_4.16 ;
    %pop/vec4 1;
    %jmp T_4;
    .thread T_4;
    .scope S_000002439dca9be0;
T_5 ;
    %wait E_000002439dceb3d0;
    %load/vec4 v000002439dd50930_0;
    %flag_set/vec4 8;
    %jmp/0xz  T_5.0, 8;
    %pushi/vec4 0, 0, 4;
    %assign/vec4 v000002439dd50a70_0, 0;
    %jmp T_5.1;
T_5.0 ;
    %load/vec4 v000002439dd51bf0_0;
    %flag_set/vec4 8;
    %jmp/0xz  T_5.2, 8;
    %load/vec4 v000002439dd507f0_0;
    %assign/vec4 v000002439dd50a70_0, 0;
T_5.2 ;
T_5.1 ;
    %jmp T_5;
    .thread T_5;
    .scope S_000002439dca9d70;
T_6 ;
    %wait E_000002439dceb5d0;
    %load/vec4 v000002439dd501b0_0;
    %flag_set/vec4 8;
    %jmp/0xz  T_6.0, 8;
    %pushi/vec4 0, 0, 4;
    %assign/vec4 v000002439dd51dd0_0, 0;
    %jmp T_6.1;
T_6.0 ;
    %load/vec4 v000002439dd50d90_0;
    %assign/vec4 v000002439dd51dd0_0, 0;
T_6.1 ;
    %jmp T_6;
    .thread T_6;
    .scope S_000002439dca9d70;
T_7 ;
    %wait E_000002439dceabd0;
    %load/vec4 v000002439dd51dd0_0;
    %dup/vec4;
    %pushi/vec4 0, 0, 4;
    %cmp/u;
    %jmp/1 T_7.0, 6;
    %dup/vec4;
    %pushi/vec4 1, 0, 4;
    %cmp/u;
    %jmp/1 T_7.1, 6;
    %dup/vec4;
    %pushi/vec4 4, 0, 4;
    %cmp/u;
    %jmp/1 T_7.2, 6;
    %dup/vec4;
    %pushi/vec4 5, 0, 4;
    %cmp/u;
    %jmp/1 T_7.3, 6;
    %dup/vec4;
    %pushi/vec4 6, 0, 4;
    %cmp/u;
    %jmp/1 T_7.4, 6;
    %dup/vec4;
    %pushi/vec4 12, 0, 4;
    %cmp/u;
    %jmp/1 T_7.5, 6;
    %dup/vec4;
    %pushi/vec4 13, 0, 4;
    %cmp/u;
    %jmp/1 T_7.6, 6;
    %pushi/vec4 0, 0, 4;
    %store/vec4 v000002439dd50d90_0, 0, 4;
    %jmp T_7.8;
T_7.0 ;
    %load/vec4 v000002439dd51f10_0;
    %flag_set/vec4 8;
    %jmp/0 T_7.9, 8;
    %pushi/vec4 1, 0, 4;
    %jmp/1 T_7.10, 8;
T_7.9 ; End of true expr.
    %pushi/vec4 0, 0, 4;
    %jmp/0 T_7.10, 8;
 ; End of false expr.
    %blend;
T_7.10;
    %store/vec4 v000002439dd50d90_0, 0, 4;
    %jmp T_7.8;
T_7.1 ;
    %pushi/vec4 4, 0, 4;
    %store/vec4 v000002439dd50d90_0, 0, 4;
    %jmp T_7.8;
T_7.2 ;
    %pushi/vec4 5, 0, 4;
    %store/vec4 v000002439dd50d90_0, 0, 4;
    %jmp T_7.8;
T_7.3 ;
    %load/vec4 v000002439dd51470_0;
    %flag_set/vec4 8;
    %jmp/0 T_7.11, 8;
    %pushi/vec4 12, 0, 4;
    %jmp/1 T_7.12, 8;
T_7.11 ; End of true expr.
    %load/vec4 v000002439dd515b0_0;
    %inv;
    %flag_set/vec4 9;
    %jmp/0 T_7.13, 9;
    %pushi/vec4 13, 0, 4;
    %jmp/1 T_7.14, 9;
T_7.13 ; End of true expr.
    %pushi/vec4 6, 0, 4;
    %jmp/0 T_7.14, 9;
 ; End of false expr.
    %blend;
T_7.14;
    %jmp/0 T_7.12, 8;
 ; End of false expr.
    %blend;
T_7.12;
    %store/vec4 v000002439dd50d90_0, 0, 4;
    %jmp T_7.8;
T_7.4 ;
    %pushi/vec4 4, 0, 4;
    %store/vec4 v000002439dd50d90_0, 0, 4;
    %jmp T_7.8;
T_7.5 ;
    %pushi/vec4 0, 0, 4;
    %store/vec4 v000002439dd50d90_0, 0, 4;
    %jmp T_7.8;
T_7.6 ;
    %pushi/vec4 0, 0, 4;
    %store/vec4 v000002439dd50d90_0, 0, 4;
    %jmp T_7.8;
T_7.8 ;
    %pop/vec4 1;
    %jmp T_7;
    .thread T_7, $push;
    .scope S_000002439dca9d70;
T_8 ;
    %wait E_000002439dceb410;
    %load/vec4 v000002439dd51dd0_0;
    %cmpi/e 0, 0, 4;
    %jmp/1 T_8.2, 4;
    %flag_mov 8, 4;
    %load/vec4 v000002439dd51dd0_0;
    %cmpi/e 1, 0, 4;
    %flag_or 4, 8;
T_8.2;
    %flag_mov 8, 4;
    %jmp/0 T_8.0, 8;
    %pushi/vec4 1, 0, 1;
    %jmp/1 T_8.1, 8;
T_8.0 ; End of true expr.
    %pushi/vec4 0, 0, 1;
    %jmp/0 T_8.1, 8;
 ; End of false expr.
    %blend;
T_8.1;
    %store/vec4 v000002439dd504d0_0, 0, 1;
    %load/vec4 v000002439dd51dd0_0;
    %cmpi/e 0, 0, 4;
    %jmp/1 T_8.5, 4;
    %flag_mov 8, 4;
    %load/vec4 v000002439dd51dd0_0;
    %cmpi/e 1, 0, 4;
    %flag_or 4, 8;
T_8.5;
    %flag_mov 8, 4;
    %jmp/0 T_8.3, 8;
    %pushi/vec4 1, 0, 1;
    %jmp/1 T_8.4, 8;
T_8.3 ; End of true expr.
    %pushi/vec4 0, 0, 1;
    %jmp/0 T_8.4, 8;
 ; End of false expr.
    %blend;
T_8.4;
    %store/vec4 v000002439dd50570_0, 0, 1;
    %load/vec4 v000002439dd51dd0_0;
    %cmpi/e 4, 0, 4;
    %flag_mov 8, 4;
    %jmp/0 T_8.6, 8;
    %pushi/vec4 1, 0, 1;
    %jmp/1 T_8.7, 8;
T_8.6 ; End of true expr.
    %pushi/vec4 0, 0, 1;
    %jmp/0 T_8.7, 8;
 ; End of false expr.
    %blend;
T_8.7;
    %store/vec4 v000002439dd51650_0, 0, 1;
    %load/vec4 v000002439dd51dd0_0;
    %cmpi/e 6, 0, 4;
    %flag_mov 8, 4;
    %jmp/0 T_8.8, 8;
    %pushi/vec4 1, 0, 1;
    %jmp/1 T_8.9, 8;
T_8.8 ; End of true expr.
    %pushi/vec4 0, 0, 1;
    %jmp/0 T_8.9, 8;
 ; End of false expr.
    %blend;
T_8.9;
    %store/vec4 v000002439dd513d0_0, 0, 1;
    %load/vec4 v000002439dd51dd0_0;
    %cmpi/e 12, 0, 4;
    %jmp/1 T_8.12, 4;
    %flag_mov 8, 4;
    %load/vec4 v000002439dd51dd0_0;
    %cmpi/e 13, 0, 4;
    %flag_or 4, 8;
T_8.12;
    %flag_mov 8, 4;
    %jmp/0 T_8.10, 8;
    %pushi/vec4 1, 0, 1;
    %jmp/1 T_8.11, 8;
T_8.10 ; End of true expr.
    %pushi/vec4 0, 0, 1;
    %jmp/0 T_8.11, 8;
 ; End of false expr.
    %blend;
T_8.11;
    %store/vec4 v000002439dd50070_0, 0, 1;
    %load/vec4 v000002439dd51dd0_0;
    %cmpi/e 12, 0, 4;
    %flag_mov 8, 4;
    %jmp/0 T_8.13, 8;
    %pushi/vec4 1, 0, 1;
    %jmp/1 T_8.14, 8;
T_8.13 ; End of true expr.
    %pushi/vec4 0, 0, 1;
    %jmp/0 T_8.14, 8;
 ; End of false expr.
    %blend;
T_8.14;
    %store/vec4 v000002439dd50e30_0, 0, 1;
    %load/vec4 v000002439dd51dd0_0;
    %cmpi/e 13, 0, 4;
    %flag_mov 8, 4;
    %jmp/0 T_8.15, 8;
    %pushi/vec4 1, 0, 1;
    %jmp/1 T_8.16, 8;
T_8.15 ; End of true expr.
    %pushi/vec4 0, 0, 1;
    %jmp/0 T_8.16, 8;
 ; End of false expr.
    %blend;
T_8.16;
    %store/vec4 v000002439dd51ab0_0, 0, 1;
    %load/vec4 v000002439dd51dd0_0;
    %dup/vec4;
    %pushi/vec4 0, 0, 4;
    %cmp/u;
    %jmp/1 T_8.17, 6;
    %dup/vec4;
    %pushi/vec4 1, 0, 4;
    %cmp/u;
    %jmp/1 T_8.18, 6;
    %dup/vec4;
    %pushi/vec4 4, 0, 4;
    %cmp/u;
    %jmp/1 T_8.19, 6;
    %dup/vec4;
    %pushi/vec4 5, 0, 4;
    %cmp/u;
    %jmp/1 T_8.20, 6;
    %dup/vec4;
    %pushi/vec4 6, 0, 4;
    %cmp/u;
    %jmp/1 T_8.21, 6;
    %dup/vec4;
    %pushi/vec4 12, 0, 4;
    %cmp/u;
    %jmp/1 T_8.22, 6;
    %pushi/vec4 15, 0, 4;
    %store/vec4 v000002439dd51510_0, 0, 4;
    %jmp T_8.24;
T_8.17 ;
    %pushi/vec4 0, 0, 4;
    %store/vec4 v000002439dd51510_0, 0, 4;
    %jmp T_8.24;
T_8.18 ;
    %pushi/vec4 1, 0, 4;
    %store/vec4 v000002439dd51510_0, 0, 4;
    %jmp T_8.24;
T_8.19 ;
    %pushi/vec4 4, 0, 4;
    %store/vec4 v000002439dd51510_0, 0, 4;
    %jmp T_8.24;
T_8.20 ;
    %pushi/vec4 5, 0, 4;
    %store/vec4 v000002439dd51510_0, 0, 4;
    %jmp T_8.24;
T_8.21 ;
    %pushi/vec4 6, 0, 4;
    %store/vec4 v000002439dd51510_0, 0, 4;
    %jmp T_8.24;
T_8.22 ;
    %pushi/vec4 12, 0, 4;
    %store/vec4 v000002439dd51510_0, 0, 4;
    %jmp T_8.24;
T_8.24 ;
    %pop/vec4 1;
    %jmp T_8;
    .thread T_8, $push;
    .scope S_000002439dcb88f0;
T_9 ;
    %wait E_000002439dce9590;
    %load/vec4 v000002439dcf6cd0_0;
    %dup/vec4;
    %pushi/vec4 0, 0, 4;
    %cmp/u;
    %jmp/1 T_9.0, 6;
    %dup/vec4;
    %pushi/vec4 1, 0, 4;
    %cmp/u;
    %jmp/1 T_9.1, 6;
    %dup/vec4;
    %pushi/vec4 2, 0, 4;
    %cmp/u;
    %jmp/1 T_9.2, 6;
    %dup/vec4;
    %pushi/vec4 3, 0, 4;
    %cmp/u;
    %jmp/1 T_9.3, 6;
    %dup/vec4;
    %pushi/vec4 4, 0, 4;
    %cmp/u;
    %jmp/1 T_9.4, 6;
    %dup/vec4;
    %pushi/vec4 5, 0, 4;
    %cmp/u;
    %jmp/1 T_9.5, 6;
    %dup/vec4;
    %pushi/vec4 6, 0, 4;
    %cmp/u;
    %jmp/1 T_9.6, 6;
    %dup/vec4;
    %pushi/vec4 7, 0, 4;
    %cmp/u;
    %jmp/1 T_9.7, 6;
    %dup/vec4;
    %pushi/vec4 8, 0, 4;
    %cmp/u;
    %jmp/1 T_9.8, 6;
    %dup/vec4;
    %pushi/vec4 9, 0, 4;
    %cmp/u;
    %jmp/1 T_9.9, 6;
    %dup/vec4;
    %pushi/vec4 10, 0, 4;
    %cmp/u;
    %jmp/1 T_9.10, 6;
    %dup/vec4;
    %pushi/vec4 11, 0, 4;
    %cmp/u;
    %jmp/1 T_9.11, 6;
    %dup/vec4;
    %pushi/vec4 12, 0, 4;
    %cmp/u;
    %jmp/1 T_9.12, 6;
    %dup/vec4;
    %pushi/vec4 13, 0, 4;
    %cmp/u;
    %jmp/1 T_9.13, 6;
    %dup/vec4;
    %pushi/vec4 14, 0, 4;
    %cmp/u;
    %jmp/1 T_9.14, 6;
    %dup/vec4;
    %pushi/vec4 15, 0, 4;
    %cmp/u;
    %jmp/1 T_9.15, 6;
    %pushi/vec4 127, 0, 7;
    %store/vec4 v000002439dcf76d0_0, 0, 7;
    %jmp T_9.17;
T_9.0 ;
    %pushi/vec4 64, 0, 7;
    %store/vec4 v000002439dcf76d0_0, 0, 7;
    %jmp T_9.17;
T_9.1 ;
    %pushi/vec4 121, 0, 7;
    %store/vec4 v000002439dcf76d0_0, 0, 7;
    %jmp T_9.17;
T_9.2 ;
    %pushi/vec4 36, 0, 7;
    %store/vec4 v000002439dcf76d0_0, 0, 7;
    %jmp T_9.17;
T_9.3 ;
    %pushi/vec4 48, 0, 7;
    %store/vec4 v000002439dcf76d0_0, 0, 7;
    %jmp T_9.17;
T_9.4 ;
    %pushi/vec4 25, 0, 7;
    %store/vec4 v000002439dcf76d0_0, 0, 7;
    %jmp T_9.17;
T_9.5 ;
    %pushi/vec4 18, 0, 7;
    %store/vec4 v000002439dcf76d0_0, 0, 7;
    %jmp T_9.17;
T_9.6 ;
    %pushi/vec4 2, 0, 7;
    %store/vec4 v000002439dcf76d0_0, 0, 7;
    %jmp T_9.17;
T_9.7 ;
    %pushi/vec4 120, 0, 7;
    %store/vec4 v000002439dcf76d0_0, 0, 7;
    %jmp T_9.17;
T_9.8 ;
    %pushi/vec4 0, 0, 7;
    %store/vec4 v000002439dcf76d0_0, 0, 7;
    %jmp T_9.17;
T_9.9 ;
    %pushi/vec4 16, 0, 7;
    %store/vec4 v000002439dcf76d0_0, 0, 7;
    %jmp T_9.17;
T_9.10 ;
    %pushi/vec4 8, 0, 7;
    %store/vec4 v000002439dcf76d0_0, 0, 7;
    %jmp T_9.17;
T_9.11 ;
    %pushi/vec4 3, 0, 7;
    %store/vec4 v000002439dcf76d0_0, 0, 7;
    %jmp T_9.17;
T_9.12 ;
    %pushi/vec4 70, 0, 7;
    %store/vec4 v000002439dcf76d0_0, 0, 7;
    %jmp T_9.17;
T_9.13 ;
    %pushi/vec4 33, 0, 7;
    %store/vec4 v000002439dcf76d0_0, 0, 7;
    %jmp T_9.17;
T_9.14 ;
    %pushi/vec4 6, 0, 7;
    %store/vec4 v000002439dcf76d0_0, 0, 7;
    %jmp T_9.17;
T_9.15 ;
    %pushi/vec4 14, 0, 7;
    %store/vec4 v000002439dcf76d0_0, 0, 7;
    %jmp T_9.17;
T_9.17 ;
    %pop/vec4 1;
    %jmp T_9;
    .thread T_9, $push;
    .scope S_000002439dca4430;
T_10 ;
    %wait E_000002439dce8b50;
    %load/vec4 v000002439dcf6230_0;
    %dup/vec4;
    %pushi/vec4 0, 0, 4;
    %cmp/u;
    %jmp/1 T_10.0, 6;
    %dup/vec4;
    %pushi/vec4 1, 0, 4;
    %cmp/u;
    %jmp/1 T_10.1, 6;
    %dup/vec4;
    %pushi/vec4 2, 0, 4;
    %cmp/u;
    %jmp/1 T_10.2, 6;
    %dup/vec4;
    %pushi/vec4 3, 0, 4;
    %cmp/u;
    %jmp/1 T_10.3, 6;
    %dup/vec4;
    %pushi/vec4 4, 0, 4;
    %cmp/u;
    %jmp/1 T_10.4, 6;
    %dup/vec4;
    %pushi/vec4 5, 0, 4;
    %cmp/u;
    %jmp/1 T_10.5, 6;
    %dup/vec4;
    %pushi/vec4 6, 0, 4;
    %cmp/u;
    %jmp/1 T_10.6, 6;
    %dup/vec4;
    %pushi/vec4 7, 0, 4;
    %cmp/u;
    %jmp/1 T_10.7, 6;
    %dup/vec4;
    %pushi/vec4 8, 0, 4;
    %cmp/u;
    %jmp/1 T_10.8, 6;
    %dup/vec4;
    %pushi/vec4 9, 0, 4;
    %cmp/u;
    %jmp/1 T_10.9, 6;
    %dup/vec4;
    %pushi/vec4 10, 0, 4;
    %cmp/u;
    %jmp/1 T_10.10, 6;
    %dup/vec4;
    %pushi/vec4 11, 0, 4;
    %cmp/u;
    %jmp/1 T_10.11, 6;
    %dup/vec4;
    %pushi/vec4 12, 0, 4;
    %cmp/u;
    %jmp/1 T_10.12, 6;
    %dup/vec4;
    %pushi/vec4 13, 0, 4;
    %cmp/u;
    %jmp/1 T_10.13, 6;
    %dup/vec4;
    %pushi/vec4 14, 0, 4;
    %cmp/u;
    %jmp/1 T_10.14, 6;
    %dup/vec4;
    %pushi/vec4 15, 0, 4;
    %cmp/u;
    %jmp/1 T_10.15, 6;
    %pushi/vec4 127, 0, 7;
    %store/vec4 v000002439dcf6190_0, 0, 7;
    %jmp T_10.17;
T_10.0 ;
    %pushi/vec4 64, 0, 7;
    %store/vec4 v000002439dcf6190_0, 0, 7;
    %jmp T_10.17;
T_10.1 ;
    %pushi/vec4 121, 0, 7;
    %store/vec4 v000002439dcf6190_0, 0, 7;
    %jmp T_10.17;
T_10.2 ;
    %pushi/vec4 36, 0, 7;
    %store/vec4 v000002439dcf6190_0, 0, 7;
    %jmp T_10.17;
T_10.3 ;
    %pushi/vec4 48, 0, 7;
    %store/vec4 v000002439dcf6190_0, 0, 7;
    %jmp T_10.17;
T_10.4 ;
    %pushi/vec4 25, 0, 7;
    %store/vec4 v000002439dcf6190_0, 0, 7;
    %jmp T_10.17;
T_10.5 ;
    %pushi/vec4 18, 0, 7;
    %store/vec4 v000002439dcf6190_0, 0, 7;
    %jmp T_10.17;
T_10.6 ;
    %pushi/vec4 2, 0, 7;
    %store/vec4 v000002439dcf6190_0, 0, 7;
    %jmp T_10.17;
T_10.7 ;
    %pushi/vec4 120, 0, 7;
    %store/vec4 v000002439dcf6190_0, 0, 7;
    %jmp T_10.17;
T_10.8 ;
    %pushi/vec4 0, 0, 7;
    %store/vec4 v000002439dcf6190_0, 0, 7;
    %jmp T_10.17;
T_10.9 ;
    %pushi/vec4 16, 0, 7;
    %store/vec4 v000002439dcf6190_0, 0, 7;
    %jmp T_10.17;
T_10.10 ;
    %pushi/vec4 8, 0, 7;
    %store/vec4 v000002439dcf6190_0, 0, 7;
    %jmp T_10.17;
T_10.11 ;
    %pushi/vec4 3, 0, 7;
    %store/vec4 v000002439dcf6190_0, 0, 7;
    %jmp T_10.17;
T_10.12 ;
    %pushi/vec4 70, 0, 7;
    %store/vec4 v000002439dcf6190_0, 0, 7;
    %jmp T_10.17;
T_10.13 ;
    %pushi/vec4 33, 0, 7;
    %store/vec4 v000002439dcf6190_0, 0, 7;
    %jmp T_10.17;
T_10.14 ;
    %pushi/vec4 6, 0, 7;
    %store/vec4 v000002439dcf6190_0, 0, 7;
    %jmp T_10.17;
T_10.15 ;
    %pushi/vec4 14, 0, 7;
    %store/vec4 v000002439dcf6190_0, 0, 7;
    %jmp T_10.17;
T_10.17 ;
    %pop/vec4 1;
    %jmp T_10;
    .thread T_10, $push;
    .scope S_000002439dcb8760;
T_11 ;
    %wait E_000002439dce9290;
    %load/vec4 v000002439dcf73b0_0;
    %dup/vec4;
    %pushi/vec4 0, 0, 4;
    %cmp/u;
    %jmp/1 T_11.0, 6;
    %dup/vec4;
    %pushi/vec4 1, 0, 4;
    %cmp/u;
    %jmp/1 T_11.1, 6;
    %dup/vec4;
    %pushi/vec4 2, 0, 4;
    %cmp/u;
    %jmp/1 T_11.2, 6;
    %dup/vec4;
    %pushi/vec4 3, 0, 4;
    %cmp/u;
    %jmp/1 T_11.3, 6;
    %dup/vec4;
    %pushi/vec4 4, 0, 4;
    %cmp/u;
    %jmp/1 T_11.4, 6;
    %dup/vec4;
    %pushi/vec4 5, 0, 4;
    %cmp/u;
    %jmp/1 T_11.5, 6;
    %dup/vec4;
    %pushi/vec4 6, 0, 4;
    %cmp/u;
    %jmp/1 T_11.6, 6;
    %dup/vec4;
    %pushi/vec4 7, 0, 4;
    %cmp/u;
    %jmp/1 T_11.7, 6;
    %dup/vec4;
    %pushi/vec4 8, 0, 4;
    %cmp/u;
    %jmp/1 T_11.8, 6;
    %dup/vec4;
    %pushi/vec4 9, 0, 4;
    %cmp/u;
    %jmp/1 T_11.9, 6;
    %dup/vec4;
    %pushi/vec4 10, 0, 4;
    %cmp/u;
    %jmp/1 T_11.10, 6;
    %dup/vec4;
    %pushi/vec4 11, 0, 4;
    %cmp/u;
    %jmp/1 T_11.11, 6;
    %dup/vec4;
    %pushi/vec4 12, 0, 4;
    %cmp/u;
    %jmp/1 T_11.12, 6;
    %dup/vec4;
    %pushi/vec4 13, 0, 4;
    %cmp/u;
    %jmp/1 T_11.13, 6;
    %dup/vec4;
    %pushi/vec4 14, 0, 4;
    %cmp/u;
    %jmp/1 T_11.14, 6;
    %dup/vec4;
    %pushi/vec4 15, 0, 4;
    %cmp/u;
    %jmp/1 T_11.15, 6;
    %pushi/vec4 127, 0, 7;
    %store/vec4 v000002439dcf6ff0_0, 0, 7;
    %jmp T_11.17;
T_11.0 ;
    %pushi/vec4 64, 0, 7;
    %store/vec4 v000002439dcf6ff0_0, 0, 7;
    %jmp T_11.17;
T_11.1 ;
    %pushi/vec4 121, 0, 7;
    %store/vec4 v000002439dcf6ff0_0, 0, 7;
    %jmp T_11.17;
T_11.2 ;
    %pushi/vec4 36, 0, 7;
    %store/vec4 v000002439dcf6ff0_0, 0, 7;
    %jmp T_11.17;
T_11.3 ;
    %pushi/vec4 48, 0, 7;
    %store/vec4 v000002439dcf6ff0_0, 0, 7;
    %jmp T_11.17;
T_11.4 ;
    %pushi/vec4 25, 0, 7;
    %store/vec4 v000002439dcf6ff0_0, 0, 7;
    %jmp T_11.17;
T_11.5 ;
    %pushi/vec4 18, 0, 7;
    %store/vec4 v000002439dcf6ff0_0, 0, 7;
    %jmp T_11.17;
T_11.6 ;
    %pushi/vec4 2, 0, 7;
    %store/vec4 v000002439dcf6ff0_0, 0, 7;
    %jmp T_11.17;
T_11.7 ;
    %pushi/vec4 120, 0, 7;
    %store/vec4 v000002439dcf6ff0_0, 0, 7;
    %jmp T_11.17;
T_11.8 ;
    %pushi/vec4 0, 0, 7;
    %store/vec4 v000002439dcf6ff0_0, 0, 7;
    %jmp T_11.17;
T_11.9 ;
    %pushi/vec4 16, 0, 7;
    %store/vec4 v000002439dcf6ff0_0, 0, 7;
    %jmp T_11.17;
T_11.10 ;
    %pushi/vec4 8, 0, 7;
    %store/vec4 v000002439dcf6ff0_0, 0, 7;
    %jmp T_11.17;
T_11.11 ;
    %pushi/vec4 3, 0, 7;
    %store/vec4 v000002439dcf6ff0_0, 0, 7;
    %jmp T_11.17;
T_11.12 ;
    %pushi/vec4 70, 0, 7;
    %store/vec4 v000002439dcf6ff0_0, 0, 7;
    %jmp T_11.17;
T_11.13 ;
    %pushi/vec4 33, 0, 7;
    %store/vec4 v000002439dcf6ff0_0, 0, 7;
    %jmp T_11.17;
T_11.14 ;
    %pushi/vec4 6, 0, 7;
    %store/vec4 v000002439dcf6ff0_0, 0, 7;
    %jmp T_11.17;
T_11.15 ;
    %pushi/vec4 14, 0, 7;
    %store/vec4 v000002439dcf6ff0_0, 0, 7;
    %jmp T_11.17;
T_11.17 ;
    %pop/vec4 1;
    %jmp T_11;
    .thread T_11, $push;
    .scope S_000002439dcb34f0;
T_12 ;
    %wait E_000002439dceab10;
    %load/vec4 v000002439dcf7bd0_0;
    %dup/vec4;
    %pushi/vec4 0, 0, 4;
    %cmp/u;
    %jmp/1 T_12.0, 6;
    %dup/vec4;
    %pushi/vec4 1, 0, 4;
    %cmp/u;
    %jmp/1 T_12.1, 6;
    %dup/vec4;
    %pushi/vec4 2, 0, 4;
    %cmp/u;
    %jmp/1 T_12.2, 6;
    %dup/vec4;
    %pushi/vec4 3, 0, 4;
    %cmp/u;
    %jmp/1 T_12.3, 6;
    %dup/vec4;
    %pushi/vec4 4, 0, 4;
    %cmp/u;
    %jmp/1 T_12.4, 6;
    %dup/vec4;
    %pushi/vec4 5, 0, 4;
    %cmp/u;
    %jmp/1 T_12.5, 6;
    %dup/vec4;
    %pushi/vec4 6, 0, 4;
    %cmp/u;
    %jmp/1 T_12.6, 6;
    %dup/vec4;
    %pushi/vec4 7, 0, 4;
    %cmp/u;
    %jmp/1 T_12.7, 6;
    %dup/vec4;
    %pushi/vec4 8, 0, 4;
    %cmp/u;
    %jmp/1 T_12.8, 6;
    %dup/vec4;
    %pushi/vec4 9, 0, 4;
    %cmp/u;
    %jmp/1 T_12.9, 6;
    %dup/vec4;
    %pushi/vec4 10, 0, 4;
    %cmp/u;
    %jmp/1 T_12.10, 6;
    %dup/vec4;
    %pushi/vec4 11, 0, 4;
    %cmp/u;
    %jmp/1 T_12.11, 6;
    %dup/vec4;
    %pushi/vec4 12, 0, 4;
    %cmp/u;
    %jmp/1 T_12.12, 6;
    %dup/vec4;
    %pushi/vec4 13, 0, 4;
    %cmp/u;
    %jmp/1 T_12.13, 6;
    %dup/vec4;
    %pushi/vec4 14, 0, 4;
    %cmp/u;
    %jmp/1 T_12.14, 6;
    %dup/vec4;
    %pushi/vec4 15, 0, 4;
    %cmp/u;
    %jmp/1 T_12.15, 6;
    %pushi/vec4 127, 0, 7;
    %store/vec4 v000002439dcf65f0_0, 0, 7;
    %jmp T_12.17;
T_12.0 ;
    %pushi/vec4 64, 0, 7;
    %store/vec4 v000002439dcf65f0_0, 0, 7;
    %jmp T_12.17;
T_12.1 ;
    %pushi/vec4 121, 0, 7;
    %store/vec4 v000002439dcf65f0_0, 0, 7;
    %jmp T_12.17;
T_12.2 ;
    %pushi/vec4 36, 0, 7;
    %store/vec4 v000002439dcf65f0_0, 0, 7;
    %jmp T_12.17;
T_12.3 ;
    %pushi/vec4 48, 0, 7;
    %store/vec4 v000002439dcf65f0_0, 0, 7;
    %jmp T_12.17;
T_12.4 ;
    %pushi/vec4 25, 0, 7;
    %store/vec4 v000002439dcf65f0_0, 0, 7;
    %jmp T_12.17;
T_12.5 ;
    %pushi/vec4 18, 0, 7;
    %store/vec4 v000002439dcf65f0_0, 0, 7;
    %jmp T_12.17;
T_12.6 ;
    %pushi/vec4 2, 0, 7;
    %store/vec4 v000002439dcf65f0_0, 0, 7;
    %jmp T_12.17;
T_12.7 ;
    %pushi/vec4 120, 0, 7;
    %store/vec4 v000002439dcf65f0_0, 0, 7;
    %jmp T_12.17;
T_12.8 ;
    %pushi/vec4 0, 0, 7;
    %store/vec4 v000002439dcf65f0_0, 0, 7;
    %jmp T_12.17;
T_12.9 ;
    %pushi/vec4 16, 0, 7;
    %store/vec4 v000002439dcf65f0_0, 0, 7;
    %jmp T_12.17;
T_12.10 ;
    %pushi/vec4 8, 0, 7;
    %store/vec4 v000002439dcf65f0_0, 0, 7;
    %jmp T_12.17;
T_12.11 ;
    %pushi/vec4 3, 0, 7;
    %store/vec4 v000002439dcf65f0_0, 0, 7;
    %jmp T_12.17;
T_12.12 ;
    %pushi/vec4 70, 0, 7;
    %store/vec4 v000002439dcf65f0_0, 0, 7;
    %jmp T_12.17;
T_12.13 ;
    %pushi/vec4 33, 0, 7;
    %store/vec4 v000002439dcf65f0_0, 0, 7;
    %jmp T_12.17;
T_12.14 ;
    %pushi/vec4 6, 0, 7;
    %store/vec4 v000002439dcf65f0_0, 0, 7;
    %jmp T_12.17;
T_12.15 ;
    %pushi/vec4 14, 0, 7;
    %store/vec4 v000002439dcf65f0_0, 0, 7;
    %jmp T_12.17;
T_12.17 ;
    %pop/vec4 1;
    %jmp T_12;
    .thread T_12, $push;
# The file index is used to find the file name in the following table.
:file_names 11;
    "N/A";
    "<interactive>";
    "circuito_exp5.v";
    "hexa7seg.v";
    "fluxo_dados.v";
    "comparador_85.v";
    "contador_163.v";
    "edge_detector.v";
    "sync_rom_16x4.v";
    "registrador_4.v";
    "unidade_controle.v";
