#! /c/Source/iverilog-install/bin/vvp
:ivl_version "12.0 (devel)" "(s20150603-1539-g2693dd32b)";
:ivl_delay_selection "TYPICAL";
:vpi_time_precision - 9;
:vpi_module "D:\iverilog\lib\ivl\system.vpi";
:vpi_module "D:\iverilog\lib\ivl\vhdl_sys.vpi";
:vpi_module "D:\iverilog\lib\ivl\vhdl_textio.vpi";
:vpi_module "D:\iverilog\lib\ivl\v2005_math.vpi";
:vpi_module "D:\iverilog\lib\ivl\va_math.vpi";
S_00000140384a20d0 .scope module, "circuito_exp4" "circuito_exp4" 2 1;
 .timescale -9 -9;
    .port_info 0 /INPUT 1 "clock";
    .port_info 1 /INPUT 1 "reset";
    .port_info 2 /INPUT 1 "iniciar";
    .port_info 3 /INPUT 4 "chaves";
    .port_info 4 /OUTPUT 1 "pronto";
    .port_info 5 /OUTPUT 1 "db_igual";
    .port_info 6 /OUTPUT 1 "db_iniciar";
    .port_info 7 /OUTPUT 7 "db_contagem";
    .port_info 8 /OUTPUT 7 "db_memoria";
    .port_info 9 /OUTPUT 7 "db_chaves";
    .port_info 10 /OUTPUT 7 "db_estado";
L_0000014038493a80 .functor BUFZ 1, L_00000140384939a0, C4<0>, C4<0>, C4<0>;
o00000140384a8408 .functor BUFZ 1, C4<z>; HiZ drive
L_00000140384939a0 .functor BUFZ 1, o00000140384a8408, C4<0>, C4<0>, C4<0>;
o00000140384a7d18 .functor BUFZ 4, C4<zzzz>; HiZ drive
v00000140384eacf0_0 .net "chaves", 3 0, o00000140384a7d18;  0 drivers
o00000140384a79e8 .functor BUFZ 1, C4<z>; HiZ drive
v00000140384ec940_0 .net "clock", 0 0, o00000140384a79e8;  0 drivers
v00000140384ec620_0 .net "db_chaves", 6 0, v000001403849f080_0;  1 drivers
v00000140384ec120_0 .net "db_contagem", 6 0, v000001403849fda0_0;  1 drivers
v00000140384ec6c0_0 .net "db_estado", 6 0, v000001403849fa80_0;  1 drivers
v00000140384ebb80_0 .net "db_igual", 0 0, L_0000014038494180;  1 drivers
v00000140384eb9a0_0 .net "db_iniciar", 0 0, L_0000014038493a80;  1 drivers
v00000140384ece40_0 .net "db_memoria", 6 0, v000001403849ed60_0;  1 drivers
v00000140384eb0e0_0 .net "iniciar", 0 0, o00000140384a8408;  0 drivers
v00000140384ecbc0_0 .net "pronto", 0 0, v00000140384ea750_0;  1 drivers
o00000140384a81c8 .functor BUFZ 1, C4<z>; HiZ drive
v00000140384ec1c0_0 .net "reset", 0 0, o00000140384a81c8;  0 drivers
v00000140384ec3a0_0 .net "s_chaves", 3 0, L_0000014038494490;  1 drivers
v00000140384eba40_0 .net "s_contagem", 3 0, L_0000014038494650;  1 drivers
v00000140384ebea0_0 .net "s_estado", 3 0, v00000140384e9490_0;  1 drivers
v00000140384ec080_0 .net "s_memoria", 3 0, L_0000014038493d90;  1 drivers
v00000140384ebfe0_0 .net "wireContaC", 0 0, v00000140384eabb0_0;  1 drivers
v00000140384ebf40_0 .net "wireFim", 0 0, v00000140384e97b0_0;  1 drivers
v00000140384ec760_0 .net "wireIniciar", 0 0, L_00000140384939a0;  1 drivers
v00000140384ecc60_0 .net "wireRegistraR", 0 0, v00000140384ea6b0_0;  1 drivers
v00000140384ec800_0 .net "wireZeraC", 0 0, v00000140384ea890_0;  1 drivers
v00000140384ebae0_0 .net "wireZeraR", 0 0, v00000140384ea9d0_0;  1 drivers
S_000001403845f2b0 .scope module, "HEX0" "hexa7seg" 2 61, 3 23 0, S_00000140384a20d0;
 .timescale -9 -9;
    .port_info 0 /INPUT 4 "hexa";
    .port_info 1 /OUTPUT 7 "display";
v000001403849fda0_0 .var "display", 6 0;
v000001403849ec20_0 .net "hexa", 3 0, L_0000014038494650;  alias, 1 drivers
E_000001403849b410 .event anyedge, v000001403849ec20_0;
S_000001403846c810 .scope module, "HEX1" "hexa7seg" 2 66, 3 23 0, S_00000140384a20d0;
 .timescale -9 -9;
    .port_info 0 /INPUT 4 "hexa";
    .port_info 1 /OUTPUT 7 "display";
v000001403849ed60_0 .var "display", 6 0;
v000001403849e9a0_0 .net "hexa", 3 0, L_0000014038493d90;  alias, 1 drivers
E_000001403849b7d0 .event anyedge, v000001403849e9a0_0;
S_000001403846c9a0 .scope module, "HEX2" "hexa7seg" 2 56, 3 23 0, S_00000140384a20d0;
 .timescale -9 -9;
    .port_info 0 /INPUT 4 "hexa";
    .port_info 1 /OUTPUT 7 "display";
v000001403849f080_0 .var "display", 6 0;
v000001403849f940_0 .net "hexa", 3 0, L_0000014038494490;  alias, 1 drivers
E_000001403849b250 .event anyedge, v000001403849f940_0;
S_0000014038464940 .scope module, "HEX5" "hexa7seg" 2 71, 3 23 0, S_00000140384a20d0;
 .timescale -9 -9;
    .port_info 0 /INPUT 4 "hexa";
    .port_info 1 /OUTPUT 7 "display";
v000001403849fa80_0 .var "display", 6 0;
v000001403849f260_0 .net "hexa", 3 0, v00000140384e9490_0;  alias, 1 drivers
E_000001403849b110 .event anyedge, v000001403849f260_0;
S_0000014038464ad0 .scope module, "fluxo" "exp4_fluxo_dados" 2 29, 4 17 0, S_00000140384a20d0;
 .timescale -9 -9;
    .port_info 0 /INPUT 1 "clock";
    .port_info 1 /INPUT 4 "chaves";
    .port_info 2 /INPUT 1 "zeraR";
    .port_info 3 /INPUT 1 "registraR";
    .port_info 4 /INPUT 1 "contaC";
    .port_info 5 /INPUT 1 "zeraC";
    .port_info 6 /OUTPUT 1 "chavesIgualMemoria";
    .port_info 7 /OUTPUT 1 "fimC";
    .port_info 8 /OUTPUT 4 "db_contagem";
    .port_info 9 /OUTPUT 4 "db_chaves";
    .port_info 10 /OUTPUT 4 "db_memoria";
L_0000014038494650 .functor BUFZ 4, v00000140384e9c10_0, C4<0000>, C4<0000>, C4<0000>;
L_0000014038494490 .functor BUFZ 4, v00000140384ead90_0, C4<0000>, C4<0000>, C4<0000>;
L_0000014038493d90 .functor BUFZ 4, v00000140384e9170_0, C4<0000>, C4<0000>, C4<0000>;
L_0000014038493ee0 .functor NOT 1, v00000140384ea890_0, C4<0>, C4<0>, C4<0>;
v00000140384e9ad0_0 .net "AGBo", 0 0, L_0000014038493af0;  1 drivers
v00000140384eab10_0 .net "ALBo", 0 0, L_0000014038493fc0;  1 drivers
v00000140384e9cb0_0 .net "chaves", 3 0, o00000140384a7d18;  alias, 0 drivers
v00000140384eae30_0 .net "chavesIgualMemoria", 0 0, L_0000014038494180;  alias, 1 drivers
v00000140384e9d50_0 .net "clock", 0 0, o00000140384a79e8;  alias, 0 drivers
v00000140384eaed0_0 .net "contaC", 0 0, v00000140384eabb0_0;  alias, 1 drivers
v00000140384e9f30_0 .net "db_chaves", 3 0, L_0000014038494490;  alias, 1 drivers
v00000140384e9fd0_0 .net "db_contagem", 3 0, L_0000014038494650;  alias, 1 drivers
v00000140384e92b0_0 .net "db_memoria", 3 0, L_0000014038493d90;  alias, 1 drivers
v00000140384e93f0_0 .net "fimC", 0 0, v00000140384e97b0_0;  alias, 1 drivers
v00000140384ea070_0 .net "registraR", 0 0, v00000140384ea6b0_0;  alias, 1 drivers
v00000140384ea110_0 .net "s_chaves", 3 0, v00000140384ead90_0;  1 drivers
v00000140384e9990_0 .net "s_dado", 3 0, v00000140384e9170_0;  1 drivers
v00000140384e9350_0 .net "s_endereco", 3 0, v00000140384e9c10_0;  1 drivers
v00000140384eac50_0 .net "zeraC", 0 0, v00000140384ea890_0;  alias, 1 drivers
v00000140384ea1b0_0 .net "zeraR", 0 0, v00000140384ea9d0_0;  alias, 1 drivers
S_0000014038449be0 .scope module, "comparador" "comparador_85" 4 68, 5 16 0, S_0000014038464ad0;
 .timescale 0 0;
    .port_info 0 /INPUT 1 "ALBi";
    .port_info 1 /INPUT 1 "AGBi";
    .port_info 2 /INPUT 1 "AEBi";
    .port_info 3 /INPUT 4 "A";
    .port_info 4 /INPUT 4 "B";
    .port_info 5 /OUTPUT 1 "ALBo";
    .port_info 6 /OUTPUT 1 "AGBo";
    .port_info 7 /OUTPUT 1 "AEBo";
L_0000014038494420 .functor NOT 5, L_00000140384ed230, C4<00000>, C4<00000>, C4<00000>;
L_0000014038493fc0 .functor NOT 1, L_00000140384eda50, C4<0>, C4<0>, C4<0>;
L_0000014038494340 .functor NOT 5, L_00000140384ee450, C4<00000>, C4<00000>, C4<00000>;
L_0000014038493af0 .functor NOT 1, L_000001403855b650, C4<0>, C4<0>, C4<0>;
L_00000140385122a0 .functor BUFT 1, C4<1>, C4<0>, C4<0>, C4<0>;
L_0000014038494180 .functor AND 1, L_000001403855bab0, L_00000140385122a0, C4<1>, C4<1>;
v000001403849eb80_0 .net "A", 3 0, v00000140384e9170_0;  alias, 1 drivers
v000001403849f620_0 .net "AEBi", 0 0, L_00000140385122a0;  1 drivers
v000001403849ea40_0 .net "AEBo", 0 0, L_0000014038494180;  alias, 1 drivers
L_0000014038512258 .functor BUFT 1, C4<0>, C4<0>, C4<0>, C4<0>;
v000001403849f1c0_0 .net "AGBi", 0 0, L_0000014038512258;  1 drivers
v000001403849ecc0_0 .net "AGBo", 0 0, L_0000014038493af0;  alias, 1 drivers
L_0000014038512210 .functor BUFT 1, C4<0>, C4<0>, C4<0>, C4<0>;
v000001403849e860_0 .net "ALBi", 0 0, L_0000014038512210;  1 drivers
v000001403849e540_0 .net "ALBo", 0 0, L_0000014038493fc0;  alias, 1 drivers
v000001403849f120_0 .net "B", 3 0, v00000140384ead90_0;  alias, 1 drivers
v000001403849ee00_0 .net "CSG", 4 0, L_000001403855b1f0;  1 drivers
v000001403849ef40_0 .net "CSL", 4 0, L_00000140384ed910;  1 drivers
v000001403849e040_0 .net *"_ivl_0", 4 0, L_00000140384ed230;  1 drivers
v000001403849fee0_0 .net *"_ivl_10", 4 0, L_00000140384eee50;  1 drivers
L_00000140385125b8 .functor BUFT 1, C4<00000>, C4<0>, C4<0>, C4<0>;
v000001403849efe0_0 .net *"_ivl_12", 4 0, L_00000140385125b8;  1 drivers
v000001403849f300_0 .net *"_ivl_19", 0 0, L_00000140384eda50;  1 drivers
v000001403849fe40_0 .net *"_ivl_22", 4 0, L_00000140384ee130;  1 drivers
L_0000014038512180 .functor BUFT 1, C4<0>, C4<0>, C4<0>, C4<0>;
v000001403849f6c0_0 .net *"_ivl_25", 0 0, L_0000014038512180;  1 drivers
v000001403849f760_0 .net *"_ivl_26", 4 0, L_00000140384ee450;  1 drivers
L_00000140385121c8 .functor BUFT 1, C4<0>, C4<0>, C4<0>, C4<0>;
v000001403849f9e0_0 .net *"_ivl_29", 0 0, L_00000140385121c8;  1 drivers
L_00000140385120f0 .functor BUFT 1, C4<0>, C4<0>, C4<0>, C4<0>;
v000001403849fbc0_0 .net *"_ivl_3", 0 0, L_00000140385120f0;  1 drivers
v000001403849fc60_0 .net *"_ivl_30", 4 0, L_0000014038494340;  1 drivers
v000001403849fd00_0 .net *"_ivl_32", 4 0, L_00000140384ee630;  1 drivers
L_0000014038512600 .functor BUFT 1, C4<00000>, C4<0>, C4<0>, C4<0>;
v0000014038488f30_0 .net *"_ivl_34", 4 0, L_0000014038512600;  1 drivers
v0000014038488490_0 .net *"_ivl_4", 4 0, L_0000014038494420;  1 drivers
v00000140384e9850_0 .net *"_ivl_41", 0 0, L_000001403855b650;  1 drivers
v00000140384ea570_0 .net *"_ivl_44", 0 0, L_000001403855bab0;  1 drivers
v00000140384e9670_0 .net *"_ivl_6", 4 0, L_00000140384eedb0;  1 drivers
L_0000014038512138 .functor BUFT 1, C4<0>, C4<0>, C4<0>, C4<0>;
v00000140384ea250_0 .net *"_ivl_9", 0 0, L_0000014038512138;  1 drivers
L_00000140384ed230 .concat [ 4 1 0 0], v00000140384e9170_0, L_00000140385120f0;
L_00000140384eedb0 .concat [ 4 1 0 0], v00000140384ead90_0, L_0000014038512138;
L_00000140384eee50 .arith/sum 5, L_0000014038494420, L_00000140384eedb0;
L_00000140384ed910 .arith/sum 5, L_00000140384eee50, L_00000140385125b8;
L_00000140384eda50 .part L_00000140384ed910, 4, 1;
L_00000140384ee130 .concat [ 4 1 0 0], v00000140384e9170_0, L_0000014038512180;
L_00000140384ee450 .concat [ 4 1 0 0], v00000140384ead90_0, L_00000140385121c8;
L_00000140384ee630 .arith/sum 5, L_00000140384ee130, L_0000014038494340;
L_000001403855b1f0 .arith/sum 5, L_00000140384ee630, L_0000014038512600;
L_000001403855b650 .part L_000001403855b1f0, 4, 1;
L_000001403855bab0 .cmp/eq 4, v00000140384e9170_0, v00000140384ead90_0;
S_0000014038449d70 .scope module, "contador" "contador_163" 4 42, 6 16 0, S_0000014038464ad0;
 .timescale 0 0;
    .port_info 0 /INPUT 1 "clock";
    .port_info 1 /INPUT 1 "clr";
    .port_info 2 /INPUT 1 "ld";
    .port_info 3 /INPUT 1 "ent";
    .port_info 4 /INPUT 1 "enp";
    .port_info 5 /INPUT 4 "D";
    .port_info 6 /OUTPUT 4 "Q";
    .port_info 7 /OUTPUT 1 "rco";
L_00000140385120a8 .functor BUFT 1, C4<0000>, C4<0>, C4<0>, C4<0>;
v00000140384ea4d0_0 .net "D", 3 0, L_00000140385120a8;  1 drivers
v00000140384e9c10_0 .var "Q", 3 0;
v00000140384e9b70_0 .net "clock", 0 0, o00000140384a79e8;  alias, 0 drivers
v00000140384ea390_0 .net "clr", 0 0, L_0000014038493ee0;  1 drivers
v00000140384e9e90_0 .net "enp", 0 0, v00000140384eabb0_0;  alias, 1 drivers
L_0000014038512060 .functor BUFT 1, C4<1>, C4<0>, C4<0>, C4<0>;
v00000140384e9710_0 .net "ent", 0 0, L_0000014038512060;  1 drivers
L_0000014038512018 .functor BUFT 1, C4<1>, C4<0>, C4<0>, C4<0>;
v00000140384e9530_0 .net "ld", 0 0, L_0000014038512018;  1 drivers
v00000140384e97b0_0 .var "rco", 0 0;
E_000001403849b810 .event anyedge, v00000140384e9710_0, v00000140384e9c10_0;
E_000001403849b1d0 .event posedge, v00000140384e9b70_0;
S_0000014038457ad0 .scope module, "mem" "sync_rom_16x4" 4 53, 7 13 0, S_0000014038464ad0;
 .timescale -9 -9;
    .port_info 0 /INPUT 1 "clock";
    .port_info 1 /INPUT 4 "address";
    .port_info 2 /OUTPUT 4 "data_out";
v00000140384e9df0_0 .net "address", 3 0, v00000140384e9c10_0;  alias, 1 drivers
v00000140384eaa70_0 .net "clock", 0 0, o00000140384a79e8;  alias, 0 drivers
v00000140384e9170_0 .var "data_out", 3 0;
S_0000014038457c60 .scope module, "reg1" "registrador_4" 4 59, 8 13 0, S_0000014038464ad0;
 .timescale -9 -9;
    .port_info 0 /INPUT 1 "clock";
    .port_info 1 /INPUT 1 "clear";
    .port_info 2 /INPUT 1 "enable";
    .port_info 3 /INPUT 4 "D";
    .port_info 4 /OUTPUT 4 "Q";
v00000140384ea930_0 .net "D", 3 0, o00000140384a7d18;  alias, 0 drivers
v00000140384ead90_0 .var "IQ", 3 0;
v00000140384e9210_0 .net "Q", 3 0, v00000140384ead90_0;  alias, 1 drivers
v00000140384e90d0_0 .net "clear", 0 0, v00000140384ea9d0_0;  alias, 1 drivers
v00000140384ea2f0_0 .net "clock", 0 0, o00000140384a79e8;  alias, 0 drivers
v00000140384eaf70_0 .net "enable", 0 0, v00000140384ea6b0_0;  alias, 1 drivers
E_000001403849cc10 .event posedge, v00000140384e90d0_0, v00000140384e9b70_0;
S_00000140383bc990 .scope module, "uc" "exp4_unidade_controle" 2 43, 9 15 0, S_00000140384a20d0;
 .timescale -9 -9;
    .port_info 0 /INPUT 1 "clock";
    .port_info 1 /INPUT 1 "reset";
    .port_info 2 /INPUT 1 "iniciar";
    .port_info 3 /INPUT 1 "fimC";
    .port_info 4 /OUTPUT 1 "zeraC";
    .port_info 5 /OUTPUT 1 "contaC";
    .port_info 6 /OUTPUT 1 "zeraR";
    .port_info 7 /OUTPUT 1 "registraR";
    .port_info 8 /OUTPUT 1 "pronto";
    .port_info 9 /OUTPUT 4 "db_estado";
P_0000014038457df0 .param/l "comparacao" 0 9 32, C4<0101>;
P_0000014038457e28 .param/l "fim" 0 9 34, C4<1100>;
P_0000014038457e60 .param/l "inicial" 0 9 29, C4<0000>;
P_0000014038457e98 .param/l "preparacao" 0 9 30, C4<0001>;
P_0000014038457ed0 .param/l "proximo" 0 9 33, C4<0110>;
P_0000014038457f08 .param/l "registra" 0 9 31, C4<0100>;
v00000140384e95d0_0 .var "Eatual", 3 0;
v00000140384e9a30_0 .var "Eprox", 3 0;
v00000140384ea430_0 .net "clock", 0 0, o00000140384a79e8;  alias, 0 drivers
v00000140384eabb0_0 .var "contaC", 0 0;
v00000140384e9490_0 .var "db_estado", 3 0;
v00000140384ea610_0 .net "fimC", 0 0, v00000140384e97b0_0;  alias, 1 drivers
v00000140384e98f0_0 .net "iniciar", 0 0, L_00000140384939a0;  alias, 1 drivers
v00000140384ea750_0 .var "pronto", 0 0;
v00000140384ea6b0_0 .var "registraR", 0 0;
v00000140384ea7f0_0 .net "reset", 0 0, o00000140384a81c8;  alias, 0 drivers
v00000140384ea890_0 .var "zeraC", 0 0;
v00000140384ea9d0_0 .var "zeraR", 0 0;
E_000001403849c610 .event anyedge, v00000140384e95d0_0;
E_000001403849c8d0 .event anyedge, v00000140384e95d0_0, v00000140384e98f0_0, v00000140384e97b0_0;
E_000001403849c650 .event posedge, v00000140384ea7f0_0, v00000140384e9b70_0;
S_000001403845f120 .scope module, "exp4_fluxo_dados_tb" "exp4_fluxo_dados_tb" 10 19;
 .timescale -9 -9;
P_000001403849bf90 .param/l "clockPeriod" 0 10 39, +C4<00000000000000000000000000010100>;
v00000140384ed690_0 .var "caso", 31 0;
v00000140384ed2d0_0 .net "chavesIgualMemoria_out", 0 0, L_00000140384734a0;  1 drivers
v00000140384eea90_0 .var "chaves_in", 3 0;
v00000140384eebd0_0 .net "chaves_out", 3 0, L_0000014038494260;  1 drivers
v00000140384eeef0_0 .var "clock_in", 0 0;
v00000140384edc30_0 .var "contaC_in", 0 0;
v00000140384ed870_0 .net "contagem_out", 3 0, L_0000014038493930;  1 drivers
v00000140384ed7d0_0 .net "fimC_out", 0 0, v00000140384ed0f0_0;  1 drivers
v00000140384eed10_0 .net "memoria_out", 3 0, L_00000140384943b0;  1 drivers
v00000140384ed730_0 .var "registraR_in", 0 0;
v00000140384ee090_0 .var "zeraC_in", 0 0;
v00000140384ee590_0 .var "zeraR_in", 0 0;
E_000001403849c910 .event negedge, v00000140384eb900_0;
S_00000140383bcb20 .scope module, "dut" "exp4_fluxo_dados" 10 48, 4 17 0, S_000001403845f120;
 .timescale -9 -9;
    .port_info 0 /INPUT 1 "clock";
    .port_info 1 /INPUT 4 "chaves";
    .port_info 2 /INPUT 1 "zeraR";
    .port_info 3 /INPUT 1 "registraR";
    .port_info 4 /INPUT 1 "contaC";
    .port_info 5 /INPUT 1 "zeraC";
    .port_info 6 /OUTPUT 1 "chavesIgualMemoria";
    .port_info 7 /OUTPUT 1 "fimC";
    .port_info 8 /OUTPUT 4 "db_contagem";
    .port_info 9 /OUTPUT 4 "db_chaves";
    .port_info 10 /OUTPUT 4 "db_memoria";
L_0000014038493930 .functor BUFZ 4, v00000140384eb860_0, C4<0000>, C4<0000>, C4<0000>;
L_0000014038494260 .functor BUFZ 4, v00000140384ed410_0, C4<0000>, C4<0000>, C4<0000>;
L_00000140384943b0 .functor BUFZ 4, v00000140384edd70_0, C4<0000>, C4<0000>, C4<0000>;
L_0000014038494500 .functor NOT 1, v00000140384ee090_0, C4<0>, C4<0>, C4<0>;
v00000140384ed5f0_0 .net "AGBo", 0 0, L_00000140384938c0;  1 drivers
v00000140384ede10_0 .net "ALBo", 0 0, L_00000140384945e0;  1 drivers
v00000140384ee4f0_0 .net "chaves", 3 0, v00000140384eea90_0;  1 drivers
v00000140384edeb0_0 .net "chavesIgualMemoria", 0 0, L_00000140384734a0;  alias, 1 drivers
v00000140384ee1d0_0 .net "clock", 0 0, v00000140384eeef0_0;  1 drivers
v00000140384eeb30_0 .net "contaC", 0 0, v00000140384edc30_0;  1 drivers
v00000140384ee3b0_0 .net "db_chaves", 3 0, L_0000014038494260;  alias, 1 drivers
v00000140384ee9f0_0 .net "db_contagem", 3 0, L_0000014038493930;  alias, 1 drivers
v00000140384ee770_0 .net "db_memoria", 3 0, L_00000140384943b0;  alias, 1 drivers
v00000140384ed4b0_0 .net "fimC", 0 0, v00000140384ed0f0_0;  alias, 1 drivers
v00000140384edf50_0 .net "registraR", 0 0, v00000140384ed730_0;  1 drivers
v00000140384edff0_0 .net "s_chaves", 3 0, v00000140384ed410_0;  1 drivers
v00000140384ee8b0_0 .net "s_dado", 3 0, v00000140384edd70_0;  1 drivers
v00000140384ee810_0 .net "s_endereco", 3 0, v00000140384eb860_0;  1 drivers
v00000140384ee270_0 .net "zeraC", 0 0, v00000140384ee090_0;  1 drivers
v00000140384ee310_0 .net "zeraR", 0 0, v00000140384ee590_0;  1 drivers
S_00000140384719f0 .scope module, "comparador" "comparador_85" 4 68, 5 16 0, S_00000140383bcb20;
 .timescale 0 0;
    .port_info 0 /INPUT 1 "ALBi";
    .port_info 1 /INPUT 1 "AGBi";
    .port_info 2 /INPUT 1 "AEBi";
    .port_info 3 /INPUT 4 "A";
    .port_info 4 /INPUT 4 "B";
    .port_info 5 /OUTPUT 1 "ALBo";
    .port_info 6 /OUTPUT 1 "AGBo";
    .port_info 7 /OUTPUT 1 "AEBo";
L_0000014038494570 .functor NOT 5, L_000001403855b3d0, C4<00000>, C4<00000>, C4<00000>;
L_00000140384945e0 .functor NOT 1, L_000001403855b5b0, C4<0>, C4<0>, C4<0>;
L_00000140384946c0 .functor NOT 5, L_000001403855a110, C4<00000>, C4<00000>, C4<00000>;
L_00000140384938c0 .functor NOT 1, L_000001403855b510, C4<0>, C4<0>, C4<0>;
L_0000014038512570 .functor BUFT 1, C4<1>, C4<0>, C4<0>, C4<0>;
L_00000140384734a0 .functor AND 1, L_000001403855a6b0, L_0000014038512570, C4<1>, C4<1>;
v00000140384eb180_0 .net "A", 3 0, v00000140384edd70_0;  alias, 1 drivers
v00000140384ec4e0_0 .net "AEBi", 0 0, L_0000014038512570;  1 drivers
v00000140384ebe00_0 .net "AEBo", 0 0, L_00000140384734a0;  alias, 1 drivers
L_0000014038512528 .functor BUFT 1, C4<0>, C4<0>, C4<0>, C4<0>;
v00000140384eb7c0_0 .net "AGBi", 0 0, L_0000014038512528;  1 drivers
v00000140384ec580_0 .net "AGBo", 0 0, L_00000140384938c0;  alias, 1 drivers
L_00000140385124e0 .functor BUFT 1, C4<0>, C4<0>, C4<0>, C4<0>;
v00000140384ec8a0_0 .net "ALBi", 0 0, L_00000140385124e0;  1 drivers
v00000140384ec9e0_0 .net "ALBo", 0 0, L_00000140384945e0;  alias, 1 drivers
v00000140384eca80_0 .net "B", 3 0, v00000140384ed410_0;  alias, 1 drivers
v00000140384ebc20_0 .net "CSG", 4 0, L_000001403855b290;  1 drivers
v00000140384ec260_0 .net "CSL", 4 0, L_000001403855b790;  1 drivers
v00000140384eb5e0_0 .net *"_ivl_0", 4 0, L_000001403855b3d0;  1 drivers
v00000140384ec300_0 .net *"_ivl_10", 4 0, L_000001403855ac50;  1 drivers
L_0000014038512648 .functor BUFT 1, C4<00000>, C4<0>, C4<0>, C4<0>;
v00000140384ecee0_0 .net *"_ivl_12", 4 0, L_0000014038512648;  1 drivers
v00000140384ec440_0 .net *"_ivl_19", 0 0, L_000001403855b5b0;  1 drivers
v00000140384ecb20_0 .net *"_ivl_22", 4 0, L_000001403855b6f0;  1 drivers
L_0000014038512450 .functor BUFT 1, C4<0>, C4<0>, C4<0>, C4<0>;
v00000140384eb540_0 .net *"_ivl_25", 0 0, L_0000014038512450;  1 drivers
v00000140384ecd00_0 .net *"_ivl_26", 4 0, L_000001403855a110;  1 drivers
L_0000014038512498 .functor BUFT 1, C4<0>, C4<0>, C4<0>, C4<0>;
v00000140384ecda0_0 .net *"_ivl_29", 0 0, L_0000014038512498;  1 drivers
L_00000140385123c0 .functor BUFT 1, C4<0>, C4<0>, C4<0>, C4<0>;
v00000140384ecf80_0 .net *"_ivl_3", 0 0, L_00000140385123c0;  1 drivers
v00000140384eb680_0 .net *"_ivl_30", 4 0, L_00000140384946c0;  1 drivers
v00000140384ebcc0_0 .net *"_ivl_32", 4 0, L_000001403855ba10;  1 drivers
L_0000014038512690 .functor BUFT 1, C4<00000>, C4<0>, C4<0>, C4<0>;
v00000140384eb220_0 .net *"_ivl_34", 4 0, L_0000014038512690;  1 drivers
v00000140384ebd60_0 .net *"_ivl_4", 4 0, L_0000014038494570;  1 drivers
v00000140384eb2c0_0 .net *"_ivl_41", 0 0, L_000001403855b510;  1 drivers
v00000140384eb360_0 .net *"_ivl_44", 0 0, L_000001403855a6b0;  1 drivers
v00000140384eb400_0 .net *"_ivl_6", 4 0, L_000001403855b470;  1 drivers
L_0000014038512408 .functor BUFT 1, C4<0>, C4<0>, C4<0>, C4<0>;
v00000140384eb4a0_0 .net *"_ivl_9", 0 0, L_0000014038512408;  1 drivers
L_000001403855b3d0 .concat [ 4 1 0 0], v00000140384edd70_0, L_00000140385123c0;
L_000001403855b470 .concat [ 4 1 0 0], v00000140384ed410_0, L_0000014038512408;
L_000001403855ac50 .arith/sum 5, L_0000014038494570, L_000001403855b470;
L_000001403855b790 .arith/sum 5, L_000001403855ac50, L_0000014038512648;
L_000001403855b5b0 .part L_000001403855b790, 4, 1;
L_000001403855b6f0 .concat [ 4 1 0 0], v00000140384edd70_0, L_0000014038512450;
L_000001403855a110 .concat [ 4 1 0 0], v00000140384ed410_0, L_0000014038512498;
L_000001403855ba10 .arith/sum 5, L_000001403855b6f0, L_00000140384946c0;
L_000001403855b290 .arith/sum 5, L_000001403855ba10, L_0000014038512690;
L_000001403855b510 .part L_000001403855b290, 4, 1;
L_000001403855a6b0 .cmp/eq 4, v00000140384edd70_0, v00000140384ed410_0;
S_0000014038471b80 .scope module, "contador" "contador_163" 4 42, 6 16 0, S_00000140383bcb20;
 .timescale 0 0;
    .port_info 0 /INPUT 1 "clock";
    .port_info 1 /INPUT 1 "clr";
    .port_info 2 /INPUT 1 "ld";
    .port_info 3 /INPUT 1 "ent";
    .port_info 4 /INPUT 1 "enp";
    .port_info 5 /INPUT 4 "D";
    .port_info 6 /OUTPUT 4 "Q";
    .port_info 7 /OUTPUT 1 "rco";
L_0000014038512378 .functor BUFT 1, C4<0000>, C4<0>, C4<0>, C4<0>;
v00000140384eb720_0 .net "D", 3 0, L_0000014038512378;  1 drivers
v00000140384eb860_0 .var "Q", 3 0;
v00000140384eb900_0 .net "clock", 0 0, v00000140384eeef0_0;  alias, 1 drivers
v00000140384edcd0_0 .net "clr", 0 0, L_0000014038494500;  1 drivers
v00000140384eef90_0 .net "enp", 0 0, v00000140384edc30_0;  alias, 1 drivers
L_0000014038512330 .functor BUFT 1, C4<1>, C4<0>, C4<0>, C4<0>;
v00000140384ed190_0 .net "ent", 0 0, L_0000014038512330;  1 drivers
L_00000140385122e8 .functor BUFT 1, C4<1>, C4<0>, C4<0>, C4<0>;
v00000140384edb90_0 .net "ld", 0 0, L_00000140385122e8;  1 drivers
v00000140384ed0f0_0 .var "rco", 0 0;
E_000001403849cb50 .event anyedge, v00000140384ed190_0, v00000140384eb860_0;
E_000001403849c850 .event posedge, v00000140384eb900_0;
S_00000140383b66c0 .scope module, "mem" "sync_rom_16x4" 4 53, 7 13 0, S_00000140383bcb20;
 .timescale -9 -9;
    .port_info 0 /INPUT 1 "clock";
    .port_info 1 /INPUT 4 "address";
    .port_info 2 /OUTPUT 4 "data_out";
v00000140384ee6d0_0 .net "address", 3 0, v00000140384eb860_0;  alias, 1 drivers
v00000140384edaf0_0 .net "clock", 0 0, v00000140384eeef0_0;  alias, 1 drivers
v00000140384edd70_0 .var "data_out", 3 0;
S_00000140383b6850 .scope module, "reg1" "registrador_4" 4 59, 8 13 0, S_00000140383bcb20;
 .timescale -9 -9;
    .port_info 0 /INPUT 1 "clock";
    .port_info 1 /INPUT 1 "clear";
    .port_info 2 /INPUT 1 "enable";
    .port_info 3 /INPUT 4 "D";
    .port_info 4 /OUTPUT 4 "Q";
v00000140384ed370_0 .net "D", 3 0, v00000140384eea90_0;  alias, 1 drivers
v00000140384ed410_0 .var "IQ", 3 0;
v00000140384ee950_0 .net "Q", 3 0, v00000140384ed410_0;  alias, 1 drivers
v00000140384ed550_0 .net "clear", 0 0, v00000140384ee590_0;  alias, 1 drivers
v00000140384ed9b0_0 .net "clock", 0 0, v00000140384eeef0_0;  alias, 1 drivers
v00000140384eec70_0 .net "enable", 0 0, v00000140384ed730_0;  alias, 1 drivers
E_000001403849c0d0 .event posedge, v00000140384ed550_0, v00000140384eb900_0;
    .scope S_0000014038449d70;
T_0 ;
    %pushi/vec4 0, 0, 4;
    %store/vec4 v00000140384e9c10_0, 0, 4;
    %end;
    .thread T_0;
    .scope S_0000014038449d70;
T_1 ;
    %wait E_000001403849b1d0;
    %load/vec4 v00000140384ea390_0;
    %inv;
    %flag_set/vec4 8;
    %jmp/0xz  T_1.0, 8;
    %pushi/vec4 0, 0, 4;
    %assign/vec4 v00000140384e9c10_0, 0;
    %jmp T_1.1;
T_1.0 ;
    %load/vec4 v00000140384e9530_0;
    %inv;
    %flag_set/vec4 8;
    %jmp/0xz  T_1.2, 8;
    %load/vec4 v00000140384ea4d0_0;
    %assign/vec4 v00000140384e9c10_0, 0;
    %jmp T_1.3;
T_1.2 ;
    %load/vec4 v00000140384e9710_0;
    %flag_set/vec4 9;
    %flag_get/vec4 9;
    %jmp/0 T_1.6, 9;
    %load/vec4 v00000140384e9e90_0;
    %and;
T_1.6;
    %flag_set/vec4 8;
    %jmp/0xz  T_1.4, 8;
    %load/vec4 v00000140384e9c10_0;
    %addi 1, 0, 4;
    %assign/vec4 v00000140384e9c10_0, 0;
    %jmp T_1.5;
T_1.4 ;
    %load/vec4 v00000140384e9c10_0;
    %assign/vec4 v00000140384e9c10_0, 0;
T_1.5 ;
T_1.3 ;
T_1.1 ;
    %jmp T_1;
    .thread T_1;
    .scope S_0000014038449d70;
T_2 ;
    %wait E_000001403849b810;
    %load/vec4 v00000140384e9710_0;
    %flag_set/vec4 9;
    %flag_get/vec4 9;
    %jmp/0 T_2.2, 9;
    %load/vec4 v00000140384e9c10_0;
    %pushi/vec4 15, 0, 4;
    %cmp/e;
    %flag_get/vec4 4;
    %and;
T_2.2;
    %flag_set/vec4 8;
    %jmp/0xz  T_2.0, 8;
    %pushi/vec4 1, 0, 1;
    %store/vec4 v00000140384e97b0_0, 0, 1;
    %jmp T_2.1;
T_2.0 ;
    %pushi/vec4 0, 0, 1;
    %store/vec4 v00000140384e97b0_0, 0, 1;
T_2.1 ;
    %jmp T_2;
    .thread T_2, $push;
    .scope S_0000014038457ad0;
T_3 ;
    %wait E_000001403849b1d0;
    %load/vec4 v00000140384e9df0_0;
    %dup/vec4;
    %pushi/vec4 0, 0, 4;
    %cmp/u;
    %jmp/1 T_3.0, 6;
    %dup/vec4;
    %pushi/vec4 1, 0, 4;
    %cmp/u;
    %jmp/1 T_3.1, 6;
    %dup/vec4;
    %pushi/vec4 2, 0, 4;
    %cmp/u;
    %jmp/1 T_3.2, 6;
    %dup/vec4;
    %pushi/vec4 3, 0, 4;
    %cmp/u;
    %jmp/1 T_3.3, 6;
    %dup/vec4;
    %pushi/vec4 4, 0, 4;
    %cmp/u;
    %jmp/1 T_3.4, 6;
    %dup/vec4;
    %pushi/vec4 5, 0, 4;
    %cmp/u;
    %jmp/1 T_3.5, 6;
    %dup/vec4;
    %pushi/vec4 6, 0, 4;
    %cmp/u;
    %jmp/1 T_3.6, 6;
    %dup/vec4;
    %pushi/vec4 7, 0, 4;
    %cmp/u;
    %jmp/1 T_3.7, 6;
    %dup/vec4;
    %pushi/vec4 8, 0, 4;
    %cmp/u;
    %jmp/1 T_3.8, 6;
    %dup/vec4;
    %pushi/vec4 9, 0, 4;
    %cmp/u;
    %jmp/1 T_3.9, 6;
    %dup/vec4;
    %pushi/vec4 10, 0, 4;
    %cmp/u;
    %jmp/1 T_3.10, 6;
    %dup/vec4;
    %pushi/vec4 11, 0, 4;
    %cmp/u;
    %jmp/1 T_3.11, 6;
    %dup/vec4;
    %pushi/vec4 12, 0, 4;
    %cmp/u;
    %jmp/1 T_3.12, 6;
    %dup/vec4;
    %pushi/vec4 13, 0, 4;
    %cmp/u;
    %jmp/1 T_3.13, 6;
    %dup/vec4;
    %pushi/vec4 14, 0, 4;
    %cmp/u;
    %jmp/1 T_3.14, 6;
    %dup/vec4;
    %pushi/vec4 15, 0, 4;
    %cmp/u;
    %jmp/1 T_3.15, 6;
    %jmp T_3.16;
T_3.0 ;
    %pushi/vec4 1, 0, 4;
    %store/vec4 v00000140384e9170_0, 0, 4;
    %jmp T_3.16;
T_3.1 ;
    %pushi/vec4 2, 0, 4;
    %store/vec4 v00000140384e9170_0, 0, 4;
    %jmp T_3.16;
T_3.2 ;
    %pushi/vec4 4, 0, 4;
    %store/vec4 v00000140384e9170_0, 0, 4;
    %jmp T_3.16;
T_3.3 ;
    %pushi/vec4 8, 0, 4;
    %store/vec4 v00000140384e9170_0, 0, 4;
    %jmp T_3.16;
T_3.4 ;
    %pushi/vec4 4, 0, 4;
    %store/vec4 v00000140384e9170_0, 0, 4;
    %jmp T_3.16;
T_3.5 ;
    %pushi/vec4 2, 0, 4;
    %store/vec4 v00000140384e9170_0, 0, 4;
    %jmp T_3.16;
T_3.6 ;
    %pushi/vec4 1, 0, 4;
    %store/vec4 v00000140384e9170_0, 0, 4;
    %jmp T_3.16;
T_3.7 ;
    %pushi/vec4 1, 0, 4;
    %store/vec4 v00000140384e9170_0, 0, 4;
    %jmp T_3.16;
T_3.8 ;
    %pushi/vec4 2, 0, 4;
    %store/vec4 v00000140384e9170_0, 0, 4;
    %jmp T_3.16;
T_3.9 ;
    %pushi/vec4 2, 0, 4;
    %store/vec4 v00000140384e9170_0, 0, 4;
    %jmp T_3.16;
T_3.10 ;
    %pushi/vec4 4, 0, 4;
    %store/vec4 v00000140384e9170_0, 0, 4;
    %jmp T_3.16;
T_3.11 ;
    %pushi/vec4 4, 0, 4;
    %store/vec4 v00000140384e9170_0, 0, 4;
    %jmp T_3.16;
T_3.12 ;
    %pushi/vec4 8, 0, 4;
    %store/vec4 v00000140384e9170_0, 0, 4;
    %jmp T_3.16;
T_3.13 ;
    %pushi/vec4 8, 0, 4;
    %store/vec4 v00000140384e9170_0, 0, 4;
    %jmp T_3.16;
T_3.14 ;
    %pushi/vec4 1, 0, 4;
    %store/vec4 v00000140384e9170_0, 0, 4;
    %jmp T_3.16;
T_3.15 ;
    %pushi/vec4 4, 0, 4;
    %store/vec4 v00000140384e9170_0, 0, 4;
    %jmp T_3.16;
T_3.16 ;
    %pop/vec4 1;
    %jmp T_3;
    .thread T_3;
    .scope S_0000014038457c60;
T_4 ;
    %wait E_000001403849cc10;
    %load/vec4 v00000140384e90d0_0;
    %flag_set/vec4 8;
    %jmp/0xz  T_4.0, 8;
    %pushi/vec4 0, 0, 4;
    %assign/vec4 v00000140384ead90_0, 0;
    %jmp T_4.1;
T_4.0 ;
    %load/vec4 v00000140384eaf70_0;
    %flag_set/vec4 8;
    %jmp/0xz  T_4.2, 8;
    %load/vec4 v00000140384ea930_0;
    %assign/vec4 v00000140384ead90_0, 0;
T_4.2 ;
T_4.1 ;
    %jmp T_4;
    .thread T_4;
    .scope S_00000140383bc990;
T_5 ;
    %wait E_000001403849c650;
    %load/vec4 v00000140384ea7f0_0;
    %flag_set/vec4 8;
    %jmp/0xz  T_5.0, 8;
    %pushi/vec4 0, 0, 4;
    %assign/vec4 v00000140384e95d0_0, 0;
    %jmp T_5.1;
T_5.0 ;
    %load/vec4 v00000140384e9a30_0;
    %assign/vec4 v00000140384e95d0_0, 0;
T_5.1 ;
    %jmp T_5;
    .thread T_5;
    .scope S_00000140383bc990;
T_6 ;
    %wait E_000001403849c8d0;
    %load/vec4 v00000140384e95d0_0;
    %dup/vec4;
    %pushi/vec4 0, 0, 4;
    %cmp/u;
    %jmp/1 T_6.0, 6;
    %dup/vec4;
    %pushi/vec4 1, 0, 4;
    %cmp/u;
    %jmp/1 T_6.1, 6;
    %dup/vec4;
    %pushi/vec4 4, 0, 4;
    %cmp/u;
    %jmp/1 T_6.2, 6;
    %dup/vec4;
    %pushi/vec4 5, 0, 4;
    %cmp/u;
    %jmp/1 T_6.3, 6;
    %dup/vec4;
    %pushi/vec4 6, 0, 4;
    %cmp/u;
    %jmp/1 T_6.4, 6;
    %dup/vec4;
    %pushi/vec4 12, 0, 4;
    %cmp/u;
    %jmp/1 T_6.5, 6;
    %pushi/vec4 0, 0, 4;
    %store/vec4 v00000140384e9a30_0, 0, 4;
    %jmp T_6.7;
T_6.0 ;
    %load/vec4 v00000140384e98f0_0;
    %flag_set/vec4 8;
    %jmp/0 T_6.8, 8;
    %pushi/vec4 1, 0, 4;
    %jmp/1 T_6.9, 8;
T_6.8 ; End of true expr.
    %pushi/vec4 0, 0, 4;
    %jmp/0 T_6.9, 8;
 ; End of false expr.
    %blend;
T_6.9;
    %store/vec4 v00000140384e9a30_0, 0, 4;
    %jmp T_6.7;
T_6.1 ;
    %pushi/vec4 4, 0, 4;
    %store/vec4 v00000140384e9a30_0, 0, 4;
    %jmp T_6.7;
T_6.2 ;
    %pushi/vec4 5, 0, 4;
    %store/vec4 v00000140384e9a30_0, 0, 4;
    %jmp T_6.7;
T_6.3 ;
    %load/vec4 v00000140384ea610_0;
    %flag_set/vec4 8;
    %jmp/0 T_6.10, 8;
    %pushi/vec4 12, 0, 4;
    %jmp/1 T_6.11, 8;
T_6.10 ; End of true expr.
    %pushi/vec4 6, 0, 4;
    %jmp/0 T_6.11, 8;
 ; End of false expr.
    %blend;
T_6.11;
    %store/vec4 v00000140384e9a30_0, 0, 4;
    %jmp T_6.7;
T_6.4 ;
    %pushi/vec4 4, 0, 4;
    %store/vec4 v00000140384e9a30_0, 0, 4;
    %jmp T_6.7;
T_6.5 ;
    %pushi/vec4 0, 0, 4;
    %store/vec4 v00000140384e9a30_0, 0, 4;
    %jmp T_6.7;
T_6.7 ;
    %pop/vec4 1;
    %jmp T_6;
    .thread T_6, $push;
    .scope S_00000140383bc990;
T_7 ;
    %wait E_000001403849c610;
    %load/vec4 v00000140384e95d0_0;
    %cmpi/e 0, 0, 4;
    %jmp/1 T_7.2, 4;
    %flag_mov 8, 4;
    %load/vec4 v00000140384e95d0_0;
    %cmpi/e 1, 0, 4;
    %flag_or 4, 8;
T_7.2;
    %flag_mov 8, 4;
    %jmp/0 T_7.0, 8;
    %pushi/vec4 1, 0, 1;
    %jmp/1 T_7.1, 8;
T_7.0 ; End of true expr.
    %pushi/vec4 0, 0, 1;
    %jmp/0 T_7.1, 8;
 ; End of false expr.
    %blend;
T_7.1;
    %store/vec4 v00000140384ea890_0, 0, 1;
    %load/vec4 v00000140384e95d0_0;
    %cmpi/e 0, 0, 4;
    %jmp/1 T_7.5, 4;
    %flag_mov 8, 4;
    %load/vec4 v00000140384e95d0_0;
    %cmpi/e 1, 0, 4;
    %flag_or 4, 8;
T_7.5;
    %flag_mov 8, 4;
    %jmp/0 T_7.3, 8;
    %pushi/vec4 1, 0, 1;
    %jmp/1 T_7.4, 8;
T_7.3 ; End of true expr.
    %pushi/vec4 0, 0, 1;
    %jmp/0 T_7.4, 8;
 ; End of false expr.
    %blend;
T_7.4;
    %store/vec4 v00000140384ea9d0_0, 0, 1;
    %load/vec4 v00000140384e95d0_0;
    %cmpi/e 4, 0, 4;
    %flag_mov 8, 4;
    %jmp/0 T_7.6, 8;
    %pushi/vec4 1, 0, 1;
    %jmp/1 T_7.7, 8;
T_7.6 ; End of true expr.
    %pushi/vec4 0, 0, 1;
    %jmp/0 T_7.7, 8;
 ; End of false expr.
    %blend;
T_7.7;
    %store/vec4 v00000140384ea6b0_0, 0, 1;
    %load/vec4 v00000140384e95d0_0;
    %cmpi/e 6, 0, 4;
    %flag_mov 8, 4;
    %jmp/0 T_7.8, 8;
    %pushi/vec4 1, 0, 1;
    %jmp/1 T_7.9, 8;
T_7.8 ; End of true expr.
    %pushi/vec4 0, 0, 1;
    %jmp/0 T_7.9, 8;
 ; End of false expr.
    %blend;
T_7.9;
    %store/vec4 v00000140384eabb0_0, 0, 1;
    %load/vec4 v00000140384e95d0_0;
    %cmpi/e 12, 0, 4;
    %flag_mov 8, 4;
    %jmp/0 T_7.10, 8;
    %pushi/vec4 1, 0, 1;
    %jmp/1 T_7.11, 8;
T_7.10 ; End of true expr.
    %pushi/vec4 0, 0, 1;
    %jmp/0 T_7.11, 8;
 ; End of false expr.
    %blend;
T_7.11;
    %store/vec4 v00000140384ea750_0, 0, 1;
    %load/vec4 v00000140384e95d0_0;
    %dup/vec4;
    %pushi/vec4 0, 0, 4;
    %cmp/u;
    %jmp/1 T_7.12, 6;
    %dup/vec4;
    %pushi/vec4 1, 0, 4;
    %cmp/u;
    %jmp/1 T_7.13, 6;
    %dup/vec4;
    %pushi/vec4 4, 0, 4;
    %cmp/u;
    %jmp/1 T_7.14, 6;
    %dup/vec4;
    %pushi/vec4 5, 0, 4;
    %cmp/u;
    %jmp/1 T_7.15, 6;
    %dup/vec4;
    %pushi/vec4 6, 0, 4;
    %cmp/u;
    %jmp/1 T_7.16, 6;
    %dup/vec4;
    %pushi/vec4 12, 0, 4;
    %cmp/u;
    %jmp/1 T_7.17, 6;
    %pushi/vec4 15, 0, 4;
    %store/vec4 v00000140384e9490_0, 0, 4;
    %jmp T_7.19;
T_7.12 ;
    %pushi/vec4 0, 0, 4;
    %store/vec4 v00000140384e9490_0, 0, 4;
    %jmp T_7.19;
T_7.13 ;
    %pushi/vec4 1, 0, 4;
    %store/vec4 v00000140384e9490_0, 0, 4;
    %jmp T_7.19;
T_7.14 ;
    %pushi/vec4 4, 0, 4;
    %store/vec4 v00000140384e9490_0, 0, 4;
    %jmp T_7.19;
T_7.15 ;
    %pushi/vec4 5, 0, 4;
    %store/vec4 v00000140384e9490_0, 0, 4;
    %jmp T_7.19;
T_7.16 ;
    %pushi/vec4 6, 0, 4;
    %store/vec4 v00000140384e9490_0, 0, 4;
    %jmp T_7.19;
T_7.17 ;
    %pushi/vec4 12, 0, 4;
    %store/vec4 v00000140384e9490_0, 0, 4;
    %jmp T_7.19;
T_7.19 ;
    %pop/vec4 1;
    %jmp T_7;
    .thread T_7, $push;
    .scope S_000001403846c9a0;
T_8 ;
    %wait E_000001403849b250;
    %load/vec4 v000001403849f940_0;
    %dup/vec4;
    %pushi/vec4 0, 0, 4;
    %cmp/u;
    %jmp/1 T_8.0, 6;
    %dup/vec4;
    %pushi/vec4 1, 0, 4;
    %cmp/u;
    %jmp/1 T_8.1, 6;
    %dup/vec4;
    %pushi/vec4 2, 0, 4;
    %cmp/u;
    %jmp/1 T_8.2, 6;
    %dup/vec4;
    %pushi/vec4 3, 0, 4;
    %cmp/u;
    %jmp/1 T_8.3, 6;
    %dup/vec4;
    %pushi/vec4 4, 0, 4;
    %cmp/u;
    %jmp/1 T_8.4, 6;
    %dup/vec4;
    %pushi/vec4 5, 0, 4;
    %cmp/u;
    %jmp/1 T_8.5, 6;
    %dup/vec4;
    %pushi/vec4 6, 0, 4;
    %cmp/u;
    %jmp/1 T_8.6, 6;
    %dup/vec4;
    %pushi/vec4 7, 0, 4;
    %cmp/u;
    %jmp/1 T_8.7, 6;
    %dup/vec4;
    %pushi/vec4 8, 0, 4;
    %cmp/u;
    %jmp/1 T_8.8, 6;
    %dup/vec4;
    %pushi/vec4 9, 0, 4;
    %cmp/u;
    %jmp/1 T_8.9, 6;
    %dup/vec4;
    %pushi/vec4 10, 0, 4;
    %cmp/u;
    %jmp/1 T_8.10, 6;
    %dup/vec4;
    %pushi/vec4 11, 0, 4;
    %cmp/u;
    %jmp/1 T_8.11, 6;
    %dup/vec4;
    %pushi/vec4 12, 0, 4;
    %cmp/u;
    %jmp/1 T_8.12, 6;
    %dup/vec4;
    %pushi/vec4 13, 0, 4;
    %cmp/u;
    %jmp/1 T_8.13, 6;
    %dup/vec4;
    %pushi/vec4 14, 0, 4;
    %cmp/u;
    %jmp/1 T_8.14, 6;
    %dup/vec4;
    %pushi/vec4 15, 0, 4;
    %cmp/u;
    %jmp/1 T_8.15, 6;
    %pushi/vec4 127, 0, 7;
    %store/vec4 v000001403849f080_0, 0, 7;
    %jmp T_8.17;
T_8.0 ;
    %pushi/vec4 64, 0, 7;
    %store/vec4 v000001403849f080_0, 0, 7;
    %jmp T_8.17;
T_8.1 ;
    %pushi/vec4 121, 0, 7;
    %store/vec4 v000001403849f080_0, 0, 7;
    %jmp T_8.17;
T_8.2 ;
    %pushi/vec4 36, 0, 7;
    %store/vec4 v000001403849f080_0, 0, 7;
    %jmp T_8.17;
T_8.3 ;
    %pushi/vec4 48, 0, 7;
    %store/vec4 v000001403849f080_0, 0, 7;
    %jmp T_8.17;
T_8.4 ;
    %pushi/vec4 25, 0, 7;
    %store/vec4 v000001403849f080_0, 0, 7;
    %jmp T_8.17;
T_8.5 ;
    %pushi/vec4 18, 0, 7;
    %store/vec4 v000001403849f080_0, 0, 7;
    %jmp T_8.17;
T_8.6 ;
    %pushi/vec4 2, 0, 7;
    %store/vec4 v000001403849f080_0, 0, 7;
    %jmp T_8.17;
T_8.7 ;
    %pushi/vec4 120, 0, 7;
    %store/vec4 v000001403849f080_0, 0, 7;
    %jmp T_8.17;
T_8.8 ;
    %pushi/vec4 0, 0, 7;
    %store/vec4 v000001403849f080_0, 0, 7;
    %jmp T_8.17;
T_8.9 ;
    %pushi/vec4 16, 0, 7;
    %store/vec4 v000001403849f080_0, 0, 7;
    %jmp T_8.17;
T_8.10 ;
    %pushi/vec4 8, 0, 7;
    %store/vec4 v000001403849f080_0, 0, 7;
    %jmp T_8.17;
T_8.11 ;
    %pushi/vec4 3, 0, 7;
    %store/vec4 v000001403849f080_0, 0, 7;
    %jmp T_8.17;
T_8.12 ;
    %pushi/vec4 70, 0, 7;
    %store/vec4 v000001403849f080_0, 0, 7;
    %jmp T_8.17;
T_8.13 ;
    %pushi/vec4 33, 0, 7;
    %store/vec4 v000001403849f080_0, 0, 7;
    %jmp T_8.17;
T_8.14 ;
    %pushi/vec4 6, 0, 7;
    %store/vec4 v000001403849f080_0, 0, 7;
    %jmp T_8.17;
T_8.15 ;
    %pushi/vec4 14, 0, 7;
    %store/vec4 v000001403849f080_0, 0, 7;
    %jmp T_8.17;
T_8.17 ;
    %pop/vec4 1;
    %jmp T_8;
    .thread T_8, $push;
    .scope S_000001403845f2b0;
T_9 ;
    %wait E_000001403849b410;
    %load/vec4 v000001403849ec20_0;
    %dup/vec4;
    %pushi/vec4 0, 0, 4;
    %cmp/u;
    %jmp/1 T_9.0, 6;
    %dup/vec4;
    %pushi/vec4 1, 0, 4;
    %cmp/u;
    %jmp/1 T_9.1, 6;
    %dup/vec4;
    %pushi/vec4 2, 0, 4;
    %cmp/u;
    %jmp/1 T_9.2, 6;
    %dup/vec4;
    %pushi/vec4 3, 0, 4;
    %cmp/u;
    %jmp/1 T_9.3, 6;
    %dup/vec4;
    %pushi/vec4 4, 0, 4;
    %cmp/u;
    %jmp/1 T_9.4, 6;
    %dup/vec4;
    %pushi/vec4 5, 0, 4;
    %cmp/u;
    %jmp/1 T_9.5, 6;
    %dup/vec4;
    %pushi/vec4 6, 0, 4;
    %cmp/u;
    %jmp/1 T_9.6, 6;
    %dup/vec4;
    %pushi/vec4 7, 0, 4;
    %cmp/u;
    %jmp/1 T_9.7, 6;
    %dup/vec4;
    %pushi/vec4 8, 0, 4;
    %cmp/u;
    %jmp/1 T_9.8, 6;
    %dup/vec4;
    %pushi/vec4 9, 0, 4;
    %cmp/u;
    %jmp/1 T_9.9, 6;
    %dup/vec4;
    %pushi/vec4 10, 0, 4;
    %cmp/u;
    %jmp/1 T_9.10, 6;
    %dup/vec4;
    %pushi/vec4 11, 0, 4;
    %cmp/u;
    %jmp/1 T_9.11, 6;
    %dup/vec4;
    %pushi/vec4 12, 0, 4;
    %cmp/u;
    %jmp/1 T_9.12, 6;
    %dup/vec4;
    %pushi/vec4 13, 0, 4;
    %cmp/u;
    %jmp/1 T_9.13, 6;
    %dup/vec4;
    %pushi/vec4 14, 0, 4;
    %cmp/u;
    %jmp/1 T_9.14, 6;
    %dup/vec4;
    %pushi/vec4 15, 0, 4;
    %cmp/u;
    %jmp/1 T_9.15, 6;
    %pushi/vec4 127, 0, 7;
    %store/vec4 v000001403849fda0_0, 0, 7;
    %jmp T_9.17;
T_9.0 ;
    %pushi/vec4 64, 0, 7;
    %store/vec4 v000001403849fda0_0, 0, 7;
    %jmp T_9.17;
T_9.1 ;
    %pushi/vec4 121, 0, 7;
    %store/vec4 v000001403849fda0_0, 0, 7;
    %jmp T_9.17;
T_9.2 ;
    %pushi/vec4 36, 0, 7;
    %store/vec4 v000001403849fda0_0, 0, 7;
    %jmp T_9.17;
T_9.3 ;
    %pushi/vec4 48, 0, 7;
    %store/vec4 v000001403849fda0_0, 0, 7;
    %jmp T_9.17;
T_9.4 ;
    %pushi/vec4 25, 0, 7;
    %store/vec4 v000001403849fda0_0, 0, 7;
    %jmp T_9.17;
T_9.5 ;
    %pushi/vec4 18, 0, 7;
    %store/vec4 v000001403849fda0_0, 0, 7;
    %jmp T_9.17;
T_9.6 ;
    %pushi/vec4 2, 0, 7;
    %store/vec4 v000001403849fda0_0, 0, 7;
    %jmp T_9.17;
T_9.7 ;
    %pushi/vec4 120, 0, 7;
    %store/vec4 v000001403849fda0_0, 0, 7;
    %jmp T_9.17;
T_9.8 ;
    %pushi/vec4 0, 0, 7;
    %store/vec4 v000001403849fda0_0, 0, 7;
    %jmp T_9.17;
T_9.9 ;
    %pushi/vec4 16, 0, 7;
    %store/vec4 v000001403849fda0_0, 0, 7;
    %jmp T_9.17;
T_9.10 ;
    %pushi/vec4 8, 0, 7;
    %store/vec4 v000001403849fda0_0, 0, 7;
    %jmp T_9.17;
T_9.11 ;
    %pushi/vec4 3, 0, 7;
    %store/vec4 v000001403849fda0_0, 0, 7;
    %jmp T_9.17;
T_9.12 ;
    %pushi/vec4 70, 0, 7;
    %store/vec4 v000001403849fda0_0, 0, 7;
    %jmp T_9.17;
T_9.13 ;
    %pushi/vec4 33, 0, 7;
    %store/vec4 v000001403849fda0_0, 0, 7;
    %jmp T_9.17;
T_9.14 ;
    %pushi/vec4 6, 0, 7;
    %store/vec4 v000001403849fda0_0, 0, 7;
    %jmp T_9.17;
T_9.15 ;
    %pushi/vec4 14, 0, 7;
    %store/vec4 v000001403849fda0_0, 0, 7;
    %jmp T_9.17;
T_9.17 ;
    %pop/vec4 1;
    %jmp T_9;
    .thread T_9, $push;
    .scope S_000001403846c810;
T_10 ;
    %wait E_000001403849b7d0;
    %load/vec4 v000001403849e9a0_0;
    %dup/vec4;
    %pushi/vec4 0, 0, 4;
    %cmp/u;
    %jmp/1 T_10.0, 6;
    %dup/vec4;
    %pushi/vec4 1, 0, 4;
    %cmp/u;
    %jmp/1 T_10.1, 6;
    %dup/vec4;
    %pushi/vec4 2, 0, 4;
    %cmp/u;
    %jmp/1 T_10.2, 6;
    %dup/vec4;
    %pushi/vec4 3, 0, 4;
    %cmp/u;
    %jmp/1 T_10.3, 6;
    %dup/vec4;
    %pushi/vec4 4, 0, 4;
    %cmp/u;
    %jmp/1 T_10.4, 6;
    %dup/vec4;
    %pushi/vec4 5, 0, 4;
    %cmp/u;
    %jmp/1 T_10.5, 6;
    %dup/vec4;
    %pushi/vec4 6, 0, 4;
    %cmp/u;
    %jmp/1 T_10.6, 6;
    %dup/vec4;
    %pushi/vec4 7, 0, 4;
    %cmp/u;
    %jmp/1 T_10.7, 6;
    %dup/vec4;
    %pushi/vec4 8, 0, 4;
    %cmp/u;
    %jmp/1 T_10.8, 6;
    %dup/vec4;
    %pushi/vec4 9, 0, 4;
    %cmp/u;
    %jmp/1 T_10.9, 6;
    %dup/vec4;
    %pushi/vec4 10, 0, 4;
    %cmp/u;
    %jmp/1 T_10.10, 6;
    %dup/vec4;
    %pushi/vec4 11, 0, 4;
    %cmp/u;
    %jmp/1 T_10.11, 6;
    %dup/vec4;
    %pushi/vec4 12, 0, 4;
    %cmp/u;
    %jmp/1 T_10.12, 6;
    %dup/vec4;
    %pushi/vec4 13, 0, 4;
    %cmp/u;
    %jmp/1 T_10.13, 6;
    %dup/vec4;
    %pushi/vec4 14, 0, 4;
    %cmp/u;
    %jmp/1 T_10.14, 6;
    %dup/vec4;
    %pushi/vec4 15, 0, 4;
    %cmp/u;
    %jmp/1 T_10.15, 6;
    %pushi/vec4 127, 0, 7;
    %store/vec4 v000001403849ed60_0, 0, 7;
    %jmp T_10.17;
T_10.0 ;
    %pushi/vec4 64, 0, 7;
    %store/vec4 v000001403849ed60_0, 0, 7;
    %jmp T_10.17;
T_10.1 ;
    %pushi/vec4 121, 0, 7;
    %store/vec4 v000001403849ed60_0, 0, 7;
    %jmp T_10.17;
T_10.2 ;
    %pushi/vec4 36, 0, 7;
    %store/vec4 v000001403849ed60_0, 0, 7;
    %jmp T_10.17;
T_10.3 ;
    %pushi/vec4 48, 0, 7;
    %store/vec4 v000001403849ed60_0, 0, 7;
    %jmp T_10.17;
T_10.4 ;
    %pushi/vec4 25, 0, 7;
    %store/vec4 v000001403849ed60_0, 0, 7;
    %jmp T_10.17;
T_10.5 ;
    %pushi/vec4 18, 0, 7;
    %store/vec4 v000001403849ed60_0, 0, 7;
    %jmp T_10.17;
T_10.6 ;
    %pushi/vec4 2, 0, 7;
    %store/vec4 v000001403849ed60_0, 0, 7;
    %jmp T_10.17;
T_10.7 ;
    %pushi/vec4 120, 0, 7;
    %store/vec4 v000001403849ed60_0, 0, 7;
    %jmp T_10.17;
T_10.8 ;
    %pushi/vec4 0, 0, 7;
    %store/vec4 v000001403849ed60_0, 0, 7;
    %jmp T_10.17;
T_10.9 ;
    %pushi/vec4 16, 0, 7;
    %store/vec4 v000001403849ed60_0, 0, 7;
    %jmp T_10.17;
T_10.10 ;
    %pushi/vec4 8, 0, 7;
    %store/vec4 v000001403849ed60_0, 0, 7;
    %jmp T_10.17;
T_10.11 ;
    %pushi/vec4 3, 0, 7;
    %store/vec4 v000001403849ed60_0, 0, 7;
    %jmp T_10.17;
T_10.12 ;
    %pushi/vec4 70, 0, 7;
    %store/vec4 v000001403849ed60_0, 0, 7;
    %jmp T_10.17;
T_10.13 ;
    %pushi/vec4 33, 0, 7;
    %store/vec4 v000001403849ed60_0, 0, 7;
    %jmp T_10.17;
T_10.14 ;
    %pushi/vec4 6, 0, 7;
    %store/vec4 v000001403849ed60_0, 0, 7;
    %jmp T_10.17;
T_10.15 ;
    %pushi/vec4 14, 0, 7;
    %store/vec4 v000001403849ed60_0, 0, 7;
    %jmp T_10.17;
T_10.17 ;
    %pop/vec4 1;
    %jmp T_10;
    .thread T_10, $push;
    .scope S_0000014038464940;
T_11 ;
    %wait E_000001403849b110;
    %load/vec4 v000001403849f260_0;
    %dup/vec4;
    %pushi/vec4 0, 0, 4;
    %cmp/u;
    %jmp/1 T_11.0, 6;
    %dup/vec4;
    %pushi/vec4 1, 0, 4;
    %cmp/u;
    %jmp/1 T_11.1, 6;
    %dup/vec4;
    %pushi/vec4 2, 0, 4;
    %cmp/u;
    %jmp/1 T_11.2, 6;
    %dup/vec4;
    %pushi/vec4 3, 0, 4;
    %cmp/u;
    %jmp/1 T_11.3, 6;
    %dup/vec4;
    %pushi/vec4 4, 0, 4;
    %cmp/u;
    %jmp/1 T_11.4, 6;
    %dup/vec4;
    %pushi/vec4 5, 0, 4;
    %cmp/u;
    %jmp/1 T_11.5, 6;
    %dup/vec4;
    %pushi/vec4 6, 0, 4;
    %cmp/u;
    %jmp/1 T_11.6, 6;
    %dup/vec4;
    %pushi/vec4 7, 0, 4;
    %cmp/u;
    %jmp/1 T_11.7, 6;
    %dup/vec4;
    %pushi/vec4 8, 0, 4;
    %cmp/u;
    %jmp/1 T_11.8, 6;
    %dup/vec4;
    %pushi/vec4 9, 0, 4;
    %cmp/u;
    %jmp/1 T_11.9, 6;
    %dup/vec4;
    %pushi/vec4 10, 0, 4;
    %cmp/u;
    %jmp/1 T_11.10, 6;
    %dup/vec4;
    %pushi/vec4 11, 0, 4;
    %cmp/u;
    %jmp/1 T_11.11, 6;
    %dup/vec4;
    %pushi/vec4 12, 0, 4;
    %cmp/u;
    %jmp/1 T_11.12, 6;
    %dup/vec4;
    %pushi/vec4 13, 0, 4;
    %cmp/u;
    %jmp/1 T_11.13, 6;
    %dup/vec4;
    %pushi/vec4 14, 0, 4;
    %cmp/u;
    %jmp/1 T_11.14, 6;
    %dup/vec4;
    %pushi/vec4 15, 0, 4;
    %cmp/u;
    %jmp/1 T_11.15, 6;
    %pushi/vec4 127, 0, 7;
    %store/vec4 v000001403849fa80_0, 0, 7;
    %jmp T_11.17;
T_11.0 ;
    %pushi/vec4 64, 0, 7;
    %store/vec4 v000001403849fa80_0, 0, 7;
    %jmp T_11.17;
T_11.1 ;
    %pushi/vec4 121, 0, 7;
    %store/vec4 v000001403849fa80_0, 0, 7;
    %jmp T_11.17;
T_11.2 ;
    %pushi/vec4 36, 0, 7;
    %store/vec4 v000001403849fa80_0, 0, 7;
    %jmp T_11.17;
T_11.3 ;
    %pushi/vec4 48, 0, 7;
    %store/vec4 v000001403849fa80_0, 0, 7;
    %jmp T_11.17;
T_11.4 ;
    %pushi/vec4 25, 0, 7;
    %store/vec4 v000001403849fa80_0, 0, 7;
    %jmp T_11.17;
T_11.5 ;
    %pushi/vec4 18, 0, 7;
    %store/vec4 v000001403849fa80_0, 0, 7;
    %jmp T_11.17;
T_11.6 ;
    %pushi/vec4 2, 0, 7;
    %store/vec4 v000001403849fa80_0, 0, 7;
    %jmp T_11.17;
T_11.7 ;
    %pushi/vec4 120, 0, 7;
    %store/vec4 v000001403849fa80_0, 0, 7;
    %jmp T_11.17;
T_11.8 ;
    %pushi/vec4 0, 0, 7;
    %store/vec4 v000001403849fa80_0, 0, 7;
    %jmp T_11.17;
T_11.9 ;
    %pushi/vec4 16, 0, 7;
    %store/vec4 v000001403849fa80_0, 0, 7;
    %jmp T_11.17;
T_11.10 ;
    %pushi/vec4 8, 0, 7;
    %store/vec4 v000001403849fa80_0, 0, 7;
    %jmp T_11.17;
T_11.11 ;
    %pushi/vec4 3, 0, 7;
    %store/vec4 v000001403849fa80_0, 0, 7;
    %jmp T_11.17;
T_11.12 ;
    %pushi/vec4 70, 0, 7;
    %store/vec4 v000001403849fa80_0, 0, 7;
    %jmp T_11.17;
T_11.13 ;
    %pushi/vec4 33, 0, 7;
    %store/vec4 v000001403849fa80_0, 0, 7;
    %jmp T_11.17;
T_11.14 ;
    %pushi/vec4 6, 0, 7;
    %store/vec4 v000001403849fa80_0, 0, 7;
    %jmp T_11.17;
T_11.15 ;
    %pushi/vec4 14, 0, 7;
    %store/vec4 v000001403849fa80_0, 0, 7;
    %jmp T_11.17;
T_11.17 ;
    %pop/vec4 1;
    %jmp T_11;
    .thread T_11, $push;
    .scope S_0000014038471b80;
T_12 ;
    %pushi/vec4 0, 0, 4;
    %store/vec4 v00000140384eb860_0, 0, 4;
    %end;
    .thread T_12;
    .scope S_0000014038471b80;
T_13 ;
    %wait E_000001403849c850;
    %load/vec4 v00000140384edcd0_0;
    %inv;
    %flag_set/vec4 8;
    %jmp/0xz  T_13.0, 8;
    %pushi/vec4 0, 0, 4;
    %assign/vec4 v00000140384eb860_0, 0;
    %jmp T_13.1;
T_13.0 ;
    %load/vec4 v00000140384edb90_0;
    %inv;
    %flag_set/vec4 8;
    %jmp/0xz  T_13.2, 8;
    %load/vec4 v00000140384eb720_0;
    %assign/vec4 v00000140384eb860_0, 0;
    %jmp T_13.3;
T_13.2 ;
    %load/vec4 v00000140384ed190_0;
    %flag_set/vec4 9;
    %flag_get/vec4 9;
    %jmp/0 T_13.6, 9;
    %load/vec4 v00000140384eef90_0;
    %and;
T_13.6;
    %flag_set/vec4 8;
    %jmp/0xz  T_13.4, 8;
    %load/vec4 v00000140384eb860_0;
    %addi 1, 0, 4;
    %assign/vec4 v00000140384eb860_0, 0;
    %jmp T_13.5;
T_13.4 ;
    %load/vec4 v00000140384eb860_0;
    %assign/vec4 v00000140384eb860_0, 0;
T_13.5 ;
T_13.3 ;
T_13.1 ;
    %jmp T_13;
    .thread T_13;
    .scope S_0000014038471b80;
T_14 ;
    %wait E_000001403849cb50;
    %load/vec4 v00000140384ed190_0;
    %flag_set/vec4 9;
    %flag_get/vec4 9;
    %jmp/0 T_14.2, 9;
    %load/vec4 v00000140384eb860_0;
    %pushi/vec4 15, 0, 4;
    %cmp/e;
    %flag_get/vec4 4;
    %and;
T_14.2;
    %flag_set/vec4 8;
    %jmp/0xz  T_14.0, 8;
    %pushi/vec4 1, 0, 1;
    %store/vec4 v00000140384ed0f0_0, 0, 1;
    %jmp T_14.1;
T_14.0 ;
    %pushi/vec4 0, 0, 1;
    %store/vec4 v00000140384ed0f0_0, 0, 1;
T_14.1 ;
    %jmp T_14;
    .thread T_14, $push;
    .scope S_00000140383b66c0;
T_15 ;
    %wait E_000001403849c850;
    %load/vec4 v00000140384ee6d0_0;
    %dup/vec4;
    %pushi/vec4 0, 0, 4;
    %cmp/u;
    %jmp/1 T_15.0, 6;
    %dup/vec4;
    %pushi/vec4 1, 0, 4;
    %cmp/u;
    %jmp/1 T_15.1, 6;
    %dup/vec4;
    %pushi/vec4 2, 0, 4;
    %cmp/u;
    %jmp/1 T_15.2, 6;
    %dup/vec4;
    %pushi/vec4 3, 0, 4;
    %cmp/u;
    %jmp/1 T_15.3, 6;
    %dup/vec4;
    %pushi/vec4 4, 0, 4;
    %cmp/u;
    %jmp/1 T_15.4, 6;
    %dup/vec4;
    %pushi/vec4 5, 0, 4;
    %cmp/u;
    %jmp/1 T_15.5, 6;
    %dup/vec4;
    %pushi/vec4 6, 0, 4;
    %cmp/u;
    %jmp/1 T_15.6, 6;
    %dup/vec4;
    %pushi/vec4 7, 0, 4;
    %cmp/u;
    %jmp/1 T_15.7, 6;
    %dup/vec4;
    %pushi/vec4 8, 0, 4;
    %cmp/u;
    %jmp/1 T_15.8, 6;
    %dup/vec4;
    %pushi/vec4 9, 0, 4;
    %cmp/u;
    %jmp/1 T_15.9, 6;
    %dup/vec4;
    %pushi/vec4 10, 0, 4;
    %cmp/u;
    %jmp/1 T_15.10, 6;
    %dup/vec4;
    %pushi/vec4 11, 0, 4;
    %cmp/u;
    %jmp/1 T_15.11, 6;
    %dup/vec4;
    %pushi/vec4 12, 0, 4;
    %cmp/u;
    %jmp/1 T_15.12, 6;
    %dup/vec4;
    %pushi/vec4 13, 0, 4;
    %cmp/u;
    %jmp/1 T_15.13, 6;
    %dup/vec4;
    %pushi/vec4 14, 0, 4;
    %cmp/u;
    %jmp/1 T_15.14, 6;
    %dup/vec4;
    %pushi/vec4 15, 0, 4;
    %cmp/u;
    %jmp/1 T_15.15, 6;
    %jmp T_15.16;
T_15.0 ;
    %pushi/vec4 1, 0, 4;
    %store/vec4 v00000140384edd70_0, 0, 4;
    %jmp T_15.16;
T_15.1 ;
    %pushi/vec4 2, 0, 4;
    %store/vec4 v00000140384edd70_0, 0, 4;
    %jmp T_15.16;
T_15.2 ;
    %pushi/vec4 4, 0, 4;
    %store/vec4 v00000140384edd70_0, 0, 4;
    %jmp T_15.16;
T_15.3 ;
    %pushi/vec4 8, 0, 4;
    %store/vec4 v00000140384edd70_0, 0, 4;
    %jmp T_15.16;
T_15.4 ;
    %pushi/vec4 4, 0, 4;
    %store/vec4 v00000140384edd70_0, 0, 4;
    %jmp T_15.16;
T_15.5 ;
    %pushi/vec4 2, 0, 4;
    %store/vec4 v00000140384edd70_0, 0, 4;
    %jmp T_15.16;
T_15.6 ;
    %pushi/vec4 1, 0, 4;
    %store/vec4 v00000140384edd70_0, 0, 4;
    %jmp T_15.16;
T_15.7 ;
    %pushi/vec4 1, 0, 4;
    %store/vec4 v00000140384edd70_0, 0, 4;
    %jmp T_15.16;
T_15.8 ;
    %pushi/vec4 2, 0, 4;
    %store/vec4 v00000140384edd70_0, 0, 4;
    %jmp T_15.16;
T_15.9 ;
    %pushi/vec4 2, 0, 4;
    %store/vec4 v00000140384edd70_0, 0, 4;
    %jmp T_15.16;
T_15.10 ;
    %pushi/vec4 4, 0, 4;
    %store/vec4 v00000140384edd70_0, 0, 4;
    %jmp T_15.16;
T_15.11 ;
    %pushi/vec4 4, 0, 4;
    %store/vec4 v00000140384edd70_0, 0, 4;
    %jmp T_15.16;
T_15.12 ;
    %pushi/vec4 8, 0, 4;
    %store/vec4 v00000140384edd70_0, 0, 4;
    %jmp T_15.16;
T_15.13 ;
    %pushi/vec4 8, 0, 4;
    %store/vec4 v00000140384edd70_0, 0, 4;
    %jmp T_15.16;
T_15.14 ;
    %pushi/vec4 1, 0, 4;
    %store/vec4 v00000140384edd70_0, 0, 4;
    %jmp T_15.16;
T_15.15 ;
    %pushi/vec4 4, 0, 4;
    %store/vec4 v00000140384edd70_0, 0, 4;
    %jmp T_15.16;
T_15.16 ;
    %pop/vec4 1;
    %jmp T_15;
    .thread T_15;
    .scope S_00000140383b6850;
T_16 ;
    %wait E_000001403849c0d0;
    %load/vec4 v00000140384ed550_0;
    %flag_set/vec4 8;
    %jmp/0xz  T_16.0, 8;
    %pushi/vec4 0, 0, 4;
    %assign/vec4 v00000140384ed410_0, 0;
    %jmp T_16.1;
T_16.0 ;
    %load/vec4 v00000140384eec70_0;
    %flag_set/vec4 8;
    %jmp/0xz  T_16.2, 8;
    %load/vec4 v00000140384ed370_0;
    %assign/vec4 v00000140384ed410_0, 0;
T_16.2 ;
T_16.1 ;
    %jmp T_16;
    .thread T_16;
    .scope S_000001403845f120;
T_17 ;
    %pushi/vec4 1, 0, 1;
    %store/vec4 v00000140384eeef0_0, 0, 1;
    %pushi/vec4 0, 0, 1;
    %store/vec4 v00000140384ee090_0, 0, 1;
    %pushi/vec4 0, 0, 1;
    %store/vec4 v00000140384edc30_0, 0, 1;
    %pushi/vec4 0, 0, 1;
    %store/vec4 v00000140384ee590_0, 0, 1;
    %pushi/vec4 0, 0, 1;
    %store/vec4 v00000140384ed730_0, 0, 1;
    %pushi/vec4 0, 0, 4;
    %store/vec4 v00000140384eea90_0, 0, 4;
    %pushi/vec4 0, 0, 32;
    %store/vec4 v00000140384ed690_0, 0, 32;
    %end;
    .thread T_17;
    .scope S_000001403845f120;
T_18 ;
    %delay 10, 0;
    %load/vec4 v00000140384eeef0_0;
    %inv;
    %store/vec4 v00000140384eeef0_0, 0, 1;
    %jmp T_18;
    .thread T_18;
    .scope S_000001403845f120;
T_19 ;
    %vpi_call 10 64 "$display", "Inicio da simulacao" {0 0 0};
    %pushi/vec4 0, 0, 32;
    %store/vec4 v00000140384ed690_0, 0, 32;
    %pushi/vec4 1, 0, 1;
    %store/vec4 v00000140384eeef0_0, 0, 1;
    %pushi/vec4 0, 0, 1;
    %store/vec4 v00000140384ee090_0, 0, 1;
    %pushi/vec4 0, 0, 1;
    %store/vec4 v00000140384edc30_0, 0, 1;
    %pushi/vec4 0, 0, 1;
    %store/vec4 v00000140384ee590_0, 0, 1;
    %pushi/vec4 0, 0, 1;
    %store/vec4 v00000140384ed730_0, 0, 1;
    %pushi/vec4 0, 0, 4;
    %store/vec4 v00000140384eea90_0, 0, 4;
    %delay 20, 0;
    %pushi/vec4 1, 0, 32;
    %store/vec4 v00000140384ed690_0, 0, 32;
    %wait E_000001403849c910;
    %pushi/vec4 1, 0, 1;
    %store/vec4 v00000140384ee090_0, 0, 1;
    %pushi/vec4 1, 0, 1;
    %store/vec4 v00000140384ee590_0, 0, 1;
    %delay 20, 0;
    %pushi/vec4 0, 0, 1;
    %store/vec4 v00000140384ee090_0, 0, 1;
    %pushi/vec4 0, 0, 1;
    %store/vec4 v00000140384ee590_0, 0, 1;
    %delay 20, 0;
    %pushi/vec4 2, 0, 32;
    %store/vec4 v00000140384ed690_0, 0, 32;
    %pushi/vec4 1, 0, 4;
    %store/vec4 v00000140384eea90_0, 0, 4;
    %delay 40, 0;
    %pushi/vec4 3, 0, 32;
    %store/vec4 v00000140384ed690_0, 0, 32;
    %wait E_000001403849c910;
    %pushi/vec4 1, 0, 4;
    %store/vec4 v00000140384eea90_0, 0, 4;
    %pushi/vec4 1, 0, 1;
    %store/vec4 v00000140384ed730_0, 0, 1;
    %delay 20, 0;
    %pushi/vec4 0, 0, 1;
    %store/vec4 v00000140384ed730_0, 0, 1;
    %pushi/vec4 4, 0, 32;
    %store/vec4 v00000140384ed690_0, 0, 32;
    %wait E_000001403849c910;
    %pushi/vec4 1, 0, 4;
    %store/vec4 v00000140384eea90_0, 0, 4;
    %delay 20, 0;
    %pushi/vec4 5, 0, 32;
    %store/vec4 v00000140384ed690_0, 0, 32;
    %wait E_000001403849c910;
    %pushi/vec4 1, 0, 4;
    %store/vec4 v00000140384eea90_0, 0, 4;
    %pushi/vec4 1, 0, 1;
    %store/vec4 v00000140384edc30_0, 0, 1;
    %delay 20, 0;
    %pushi/vec4 0, 0, 1;
    %store/vec4 v00000140384edc30_0, 0, 1;
    %delay 20, 0;
    %pushi/vec4 6, 0, 32;
    %store/vec4 v00000140384ed690_0, 0, 32;
    %wait E_000001403849c910;
    %pushi/vec4 2, 0, 4;
    %store/vec4 v00000140384eea90_0, 0, 4;
    %pushi/vec4 1, 0, 1;
    %store/vec4 v00000140384ed730_0, 0, 1;
    %delay 20, 0;
    %pushi/vec4 0, 0, 1;
    %store/vec4 v00000140384ed730_0, 0, 1;
    %pushi/vec4 7, 0, 32;
    %store/vec4 v00000140384ed690_0, 0, 32;
    %wait E_000001403849c910;
    %pushi/vec4 2, 0, 4;
    %store/vec4 v00000140384eea90_0, 0, 4;
    %delay 20, 0;
    %pushi/vec4 8, 0, 32;
    %store/vec4 v00000140384ed690_0, 0, 32;
    %wait E_000001403849c910;
    %pushi/vec4 2, 0, 4;
    %store/vec4 v00000140384eea90_0, 0, 4;
    %pushi/vec4 1, 0, 1;
    %store/vec4 v00000140384edc30_0, 0, 1;
    %delay 20, 0;
    %pushi/vec4 0, 0, 1;
    %store/vec4 v00000140384edc30_0, 0, 1;
    %delay 20, 0;
    %pushi/vec4 9, 0, 32;
    %store/vec4 v00000140384ed690_0, 0, 32;
    %wait E_000001403849c910;
    %pushi/vec4 8, 0, 4;
    %store/vec4 v00000140384eea90_0, 0, 4;
    %pushi/vec4 1, 0, 1;
    %store/vec4 v00000140384ed730_0, 0, 1;
    %delay 20, 0;
    %pushi/vec4 0, 0, 1;
    %store/vec4 v00000140384ed730_0, 0, 1;
    %pushi/vec4 10, 0, 32;
    %store/vec4 v00000140384ed690_0, 0, 32;
    %wait E_000001403849c910;
    %pushi/vec4 8, 0, 4;
    %store/vec4 v00000140384eea90_0, 0, 4;
    %delay 20, 0;
    %pushi/vec4 11, 0, 32;
    %store/vec4 v00000140384ed690_0, 0, 32;
    %wait E_000001403849c910;
    %pushi/vec4 8, 0, 4;
    %store/vec4 v00000140384eea90_0, 0, 4;
    %pushi/vec4 13, 0, 32;
T_19.0 %dup/vec4;
    %pushi/vec4 0, 0, 32;
    %cmp/s;
    %jmp/1xz T_19.1, 5;
    %jmp/1 T_19.1, 4;
    %pushi/vec4 1, 0, 32;
    %sub;
    %pushi/vec4 1, 0, 1;
    %store/vec4 v00000140384edc30_0, 0, 1;
    %delay 20, 0;
    %pushi/vec4 0, 0, 1;
    %store/vec4 v00000140384edc30_0, 0, 1;
    %delay 20, 0;
    %jmp T_19.0;
T_19.1 ;
    %pop/vec4 1;
    %pushi/vec4 99, 0, 32;
    %store/vec4 v00000140384ed690_0, 0, 32;
    %delay 100, 0;
    %vpi_call 10 167 "$display", "Fim da simulacao" {0 0 0};
    %vpi_call 10 168 "$stop" {0 0 0};
    %end;
    .thread T_19;
# The file index is used to find the file name in the following table.
:file_names 11;
    "N/A";
    "<interactive>";
    "circuito_exp4.v";
    "hexa7seg.v";
    "exp4_fluxo_dados.v";
    "comparador_85.v";
    "contador_163.v";
    "sync_rom_16x4.v";
    "registrador_4.v";
    "exp4_unidade_controle.v";
    "exp4_fluxo_dados_tb.v";
