#! /c/Source/iverilog-install/bin/vvp
:ivl_version "12.0 (devel)" "(s20150603-1539-g2693dd32b)";
:ivl_delay_selection "TYPICAL";
:vpi_time_precision + 0;
:vpi_module "D:\iverilog\lib\ivl\system.vpi";
:vpi_module "D:\iverilog\lib\ivl\vhdl_sys.vpi";
:vpi_module "D:\iverilog\lib\ivl\vhdl_textio.vpi";
:vpi_module "D:\iverilog\lib\ivl\v2005_math.vpi";
:vpi_module "D:\iverilog\lib\ivl\va_math.vpi";
S_000002528c702b80 .scope module, "exp4" "exp4" 2 1;
 .timescale 0 0;
    .port_info 0 /INPUT 4 "chaves";
    .port_info 1 /INPUT 1 "clock";
    .port_info 2 /INPUT 1 "iniciar";
    .port_info 3 /INPUT 1 "reset";
    .port_info 4 /OUTPUT 1 "db_igual";
    .port_info 5 /OUTPUT 7 "db_chaves";
    .port_info 6 /OUTPUT 7 "db_contagem";
    .port_info 7 /OUTPUT 7 "db_memoria";
    .port_info 8 /OUTPUT 7 "db_estado";
    .port_info 9 /OUTPUT 1 "pronto";
    .port_info 10 /OUTPUT 1 "db_iniciar";
o000002528c730518 .functor BUFZ 1, C4<z>; HiZ drive
L_000002528c72ae20 .functor BUFZ 1, o000002528c730518, C4<0>, C4<0>, C4<0>;
o000002528c7300c8 .functor BUFZ 4, C4<zzzz>; HiZ drive
v000002528c78b6d0_0 .net "chaves", 3 0, o000002528c7300c8;  0 drivers
o000002528c72fd98 .functor BUFZ 1, C4<z>; HiZ drive
v000002528c78cf30_0 .net "clock", 0 0, o000002528c72fd98;  0 drivers
v000002528c78b1d0_0 .net "db_chaves", 6 0, v000002528c71fc30_0;  1 drivers
v000002528c78ca30_0 .net "db_contagem", 6 0, v000002528c71f190_0;  1 drivers
v000002528c78bdb0_0 .net "db_estado", 6 0, v000002528c71fcd0_0;  1 drivers
v000002528c78b3b0_0 .net "db_igual", 0 0, L_000002528c72a480;  1 drivers
v000002528c78b310_0 .net "db_iniciar", 0 0, L_000002528c72ae20;  1 drivers
v000002528c78b4f0_0 .net "db_memoria", 6 0, v000002528c71f370_0;  1 drivers
o000002528c7307b8 .functor BUFZ 1, C4<z>; HiZ drive
v000002528c78cad0_0 .net "iniciar", 0 0, o000002528c7307b8;  0 drivers
v000002528c78be50_0 .net "pronto", 0 0, v000002528c78ce90_0;  1 drivers
o000002528c730578 .functor BUFZ 1, C4<z>; HiZ drive
v000002528c78cdf0_0 .net "reset", 0 0, o000002528c730578;  0 drivers
v000002528c78bf90_0 .net "s_chaves", 3 0, L_000002528c72a8e0;  1 drivers
v000002528c78b770_0 .net "s_contagem", 3 0, L_000002528c72a950;  1 drivers
v000002528c78c7b0_0 .net "s_estado", 3 0, v000002528c78c530_0;  1 drivers
v000002528c78b8b0_0 .net "s_memoria", 3 0, L_000002528c72a250;  1 drivers
v000002528c78c850_0 .net "wireContaC", 0 0, v000002528c78c3f0_0;  1 drivers
v000002528c78b590_0 .net "wireFim", 0 0, v000002528c780880_0;  1 drivers
v000002528c78b950_0 .net "wireIniciar", 0 0, o000002528c730518;  0 drivers
v000002528c78cb70_0 .net "wireRegistraR", 0 0, v000002528c78ccb0_0;  1 drivers
v000002528c78bbd0_0 .net "wireZeraC", 0 0, v000002528c78c5d0_0;  1 drivers
v000002528c78c030_0 .net "wireZeraR", 0 0, v000002528c78c210_0;  1 drivers
S_000002528c6fe7c0 .scope module, "HEX0" "hexa7seg" 2 60, 3 23 0, S_000002528c702b80;
 .timescale 0 0;
    .port_info 0 /INPUT 4 "hexa";
    .port_info 1 /OUTPUT 7 "display";
v000002528c71f190_0 .var "display", 6 0;
v000002528c71f2d0_0 .net "hexa", 3 0, L_000002528c72a950;  alias, 1 drivers
E_000002528c728cf0 .event anyedge, v000002528c71f2d0_0;
S_000002528c6fe950 .scope module, "HEX1" "hexa7seg" 2 65, 3 23 0, S_000002528c702b80;
 .timescale 0 0;
    .port_info 0 /INPUT 4 "hexa";
    .port_info 1 /OUTPUT 7 "display";
v000002528c71f370_0 .var "display", 6 0;
v000002528c71f910_0 .net "hexa", 3 0, L_000002528c72a250;  alias, 1 drivers
E_000002528c728370 .event anyedge, v000002528c71f910_0;
S_000002528c7103d0 .scope module, "HEX2" "hexa7seg" 2 55, 3 23 0, S_000002528c702b80;
 .timescale 0 0;
    .port_info 0 /INPUT 4 "hexa";
    .port_info 1 /OUTPUT 7 "display";
v000002528c71fc30_0 .var "display", 6 0;
v000002528c71f9b0_0 .net "hexa", 3 0, L_000002528c72a8e0;  alias, 1 drivers
E_000002528c728df0 .event anyedge, v000002528c71f9b0_0;
S_000002528c710560 .scope module, "HEX5" "hexa7seg" 2 70, 3 23 0, S_000002528c702b80;
 .timescale 0 0;
    .port_info 0 /INPUT 4 "hexa";
    .port_info 1 /OUTPUT 7 "display";
v000002528c71fcd0_0 .var "display", 6 0;
v000002528c781320_0 .net "hexa", 3 0, v000002528c78c530_0;  alias, 1 drivers
E_000002528c7284b0 .event anyedge, v000002528c781320_0;
S_000002528c7074d0 .scope module, "fluxo" "exp4_fluxo_dados" 2 28, 4 17 0, S_000002528c702b80;
 .timescale 0 0;
    .port_info 0 /INPUT 1 "clock";
    .port_info 1 /INPUT 4 "chaves";
    .port_info 2 /INPUT 1 "zeraR";
    .port_info 3 /INPUT 1 "registraR";
    .port_info 4 /INPUT 1 "contaC";
    .port_info 5 /INPUT 1 "zeraC";
    .port_info 6 /OUTPUT 1 "chavesIgualMemoria";
    .port_info 7 /OUTPUT 1 "fimC";
    .port_info 8 /OUTPUT 4 "db_contagem";
    .port_info 9 /OUTPUT 4 "db_chaves";
    .port_info 10 /OUTPUT 4 "db_memoria";
L_000002528c72a950 .functor BUFZ 4, v000002528c780ba0_0, C4<0000>, C4<0000>, C4<0000>;
L_000002528c72a8e0 .functor BUFZ 4, v000002528c7816e0_0, C4<0000>, C4<0000>, C4<0000>;
L_000002528c72a250 .functor BUFZ 4, v000002528c781140_0, C4<0000>, C4<0000>, C4<0000>;
L_000002528c72ab10 .functor NOT 1, v000002528c78c5d0_0, C4<0>, C4<0>, C4<0>;
v000002528c7818c0_0 .net "AGBo", 0 0, L_000002528c72a2c0;  1 drivers
v000002528c781960_0 .net "ALBo", 0 0, L_000002528c72ab80;  1 drivers
v000002528c781a00_0 .net "chaves", 3 0, o000002528c7300c8;  alias, 0 drivers
v000002528c781b40_0 .net "chavesIgualMemoria", 0 0, L_000002528c72a480;  alias, 1 drivers
v000002528c7801a0_0 .net "clock", 0 0, o000002528c72fd98;  alias, 0 drivers
v000002528c78c8f0_0 .net "contaC", 0 0, v000002528c78c3f0_0;  alias, 1 drivers
v000002528c78b450_0 .net "db_chaves", 3 0, L_000002528c72a8e0;  alias, 1 drivers
v000002528c78c710_0 .net "db_contagem", 3 0, L_000002528c72a950;  alias, 1 drivers
v000002528c78ba90_0 .net "db_memoria", 3 0, L_000002528c72a250;  alias, 1 drivers
v000002528c78c670_0 .net "fimC", 0 0, v000002528c780880_0;  alias, 1 drivers
v000002528c78b270_0 .net "registraR", 0 0, v000002528c78ccb0_0;  alias, 1 drivers
v000002528c78c990_0 .net "s_chaves", 3 0, v000002528c7816e0_0;  1 drivers
v000002528c78b810_0 .net "s_dado", 3 0, v000002528c781140_0;  1 drivers
v000002528c78bef0_0 .net "s_endereco", 3 0, v000002528c780ba0_0;  1 drivers
v000002528c78c170_0 .net "zeraC", 0 0, v000002528c78c5d0_0;  alias, 1 drivers
v000002528c78cc10_0 .net "zeraR", 0 0, v000002528c78c210_0;  alias, 1 drivers
S_000002528c707660 .scope module, "comparador" "comparador_85" 4 68, 5 16 0, S_000002528c7074d0;
 .timescale 0 0;
    .port_info 0 /INPUT 1 "ALBi";
    .port_info 1 /INPUT 1 "AGBi";
    .port_info 2 /INPUT 1 "AEBi";
    .port_info 3 /INPUT 4 "A";
    .port_info 4 /INPUT 4 "B";
    .port_info 5 /OUTPUT 1 "ALBo";
    .port_info 6 /OUTPUT 1 "AGBo";
    .port_info 7 /OUTPUT 1 "AEBo";
L_000002528c72a6b0 .functor NOT 5, L_000002528c78bc70, C4<00000>, C4<00000>, C4<00000>;
L_000002528c72ab80 .functor NOT 1, L_000002528c78c2b0, C4<0>, C4<0>, C4<0>;
L_000002528c72a640 .functor NOT 5, L_000002528c78f830, C4<00000>, C4<00000>, C4<00000>;
L_000002528c72a2c0 .functor NOT 1, L_000002528c78fa10, C4<0>, C4<0>, C4<0>;
L_000002528c7b0310 .functor BUFT 1, C4<1>, C4<0>, C4<0>, C4<0>;
L_000002528c72a480 .functor AND 1, L_000002528c78f970, L_000002528c7b0310, C4<1>, C4<1>;
v000002528c780c40_0 .net "A", 3 0, v000002528c781140_0;  alias, 1 drivers
v000002528c781c80_0 .net "AEBi", 0 0, L_000002528c7b0310;  1 drivers
v000002528c781280_0 .net "AEBo", 0 0, L_000002528c72a480;  alias, 1 drivers
L_000002528c7b02c8 .functor BUFT 1, C4<0>, C4<0>, C4<0>, C4<0>;
v000002528c7806a0_0 .net "AGBi", 0 0, L_000002528c7b02c8;  1 drivers
v000002528c7802e0_0 .net "AGBo", 0 0, L_000002528c72a2c0;  alias, 1 drivers
L_000002528c7b0280 .functor BUFT 1, C4<0>, C4<0>, C4<0>, C4<0>;
v000002528c781460_0 .net "ALBi", 0 0, L_000002528c7b0280;  1 drivers
v000002528c781000_0 .net "ALBo", 0 0, L_000002528c72ab80;  alias, 1 drivers
v000002528c781500_0 .net "B", 3 0, v000002528c7816e0_0;  alias, 1 drivers
v000002528c780f60_0 .net "CSG", 4 0, L_000002528c790f50;  1 drivers
v000002528c780380_0 .net "CSL", 4 0, L_000002528c78c0d0;  1 drivers
v000002528c780420_0 .net *"_ivl_0", 4 0, L_000002528c78bc70;  1 drivers
v000002528c7813c0_0 .net *"_ivl_10", 4 0, L_000002528c78b130;  1 drivers
L_000002528c7b0358 .functor BUFT 1, C4<00000>, C4<0>, C4<0>, C4<0>;
v000002528c7811e0_0 .net *"_ivl_12", 4 0, L_000002528c7b0358;  1 drivers
v000002528c7804c0_0 .net *"_ivl_19", 0 0, L_000002528c78c2b0;  1 drivers
v000002528c7815a0_0 .net *"_ivl_22", 4 0, L_000002528c78c490;  1 drivers
L_000002528c7b01f0 .functor BUFT 1, C4<0>, C4<0>, C4<0>, C4<0>;
v000002528c780560_0 .net *"_ivl_25", 0 0, L_000002528c7b01f0;  1 drivers
v000002528c781dc0_0 .net *"_ivl_26", 4 0, L_000002528c78f830;  1 drivers
L_000002528c7b0238 .functor BUFT 1, C4<0>, C4<0>, C4<0>, C4<0>;
v000002528c780060_0 .net *"_ivl_29", 0 0, L_000002528c7b0238;  1 drivers
L_000002528c7b0160 .functor BUFT 1, C4<0>, C4<0>, C4<0>, C4<0>;
v000002528c781e60_0 .net *"_ivl_3", 0 0, L_000002528c7b0160;  1 drivers
v000002528c7810a0_0 .net *"_ivl_30", 4 0, L_000002528c72a640;  1 drivers
v000002528c781aa0_0 .net *"_ivl_32", 4 0, L_000002528c7904b0;  1 drivers
L_000002528c7b03a0 .functor BUFT 1, C4<00000>, C4<0>, C4<0>, C4<0>;
v000002528c781be0_0 .net *"_ivl_34", 4 0, L_000002528c7b03a0;  1 drivers
v000002528c780240_0 .net *"_ivl_4", 4 0, L_000002528c72a6b0;  1 drivers
v000002528c780b00_0 .net *"_ivl_41", 0 0, L_000002528c78fa10;  1 drivers
v000002528c7809c0_0 .net *"_ivl_44", 0 0, L_000002528c78f970;  1 drivers
v000002528c7807e0_0 .net *"_ivl_6", 4 0, L_000002528c78b090;  1 drivers
L_000002528c7b01a8 .functor BUFT 1, C4<0>, C4<0>, C4<0>, C4<0>;
v000002528c781780_0 .net *"_ivl_9", 0 0, L_000002528c7b01a8;  1 drivers
L_000002528c78bc70 .concat [ 4 1 0 0], v000002528c781140_0, L_000002528c7b0160;
L_000002528c78b090 .concat [ 4 1 0 0], v000002528c7816e0_0, L_000002528c7b01a8;
L_000002528c78b130 .arith/sum 5, L_000002528c72a6b0, L_000002528c78b090;
L_000002528c78c0d0 .arith/sum 5, L_000002528c78b130, L_000002528c7b0358;
L_000002528c78c2b0 .part L_000002528c78c0d0, 4, 1;
L_000002528c78c490 .concat [ 4 1 0 0], v000002528c781140_0, L_000002528c7b01f0;
L_000002528c78f830 .concat [ 4 1 0 0], v000002528c7816e0_0, L_000002528c7b0238;
L_000002528c7904b0 .arith/sum 5, L_000002528c78c490, L_000002528c72a640;
L_000002528c790f50 .arith/sum 5, L_000002528c7904b0, L_000002528c7b03a0;
L_000002528c78fa10 .part L_000002528c790f50, 4, 1;
L_000002528c78f970 .cmp/eq 4, v000002528c781140_0, v000002528c7816e0_0;
S_000002528c6f9be0 .scope module, "contador" "contador_163" 4 42, 6 16 0, S_000002528c7074d0;
 .timescale 0 0;
    .port_info 0 /INPUT 1 "clock";
    .port_info 1 /INPUT 1 "clr";
    .port_info 2 /INPUT 1 "ld";
    .port_info 3 /INPUT 1 "ent";
    .port_info 4 /INPUT 1 "enp";
    .port_info 5 /INPUT 4 "D";
    .port_info 6 /OUTPUT 4 "Q";
    .port_info 7 /OUTPUT 1 "rco";
L_000002528c7b0118 .functor BUFT 1, C4<0000>, C4<0>, C4<0>, C4<0>;
v000002528c780ec0_0 .net "D", 3 0, L_000002528c7b0118;  1 drivers
v000002528c780ba0_0 .var "Q", 3 0;
v000002528c780ce0_0 .net "clock", 0 0, o000002528c72fd98;  alias, 0 drivers
v000002528c780100_0 .net "clr", 0 0, L_000002528c72ab10;  1 drivers
v000002528c781d20_0 .net "enp", 0 0, v000002528c78c3f0_0;  alias, 1 drivers
L_000002528c7b00d0 .functor BUFT 1, C4<1>, C4<0>, C4<0>, C4<0>;
v000002528c780740_0 .net "ent", 0 0, L_000002528c7b00d0;  1 drivers
L_000002528c7b0088 .functor BUFT 1, C4<1>, C4<0>, C4<0>, C4<0>;
v000002528c780600_0 .net "ld", 0 0, L_000002528c7b0088;  1 drivers
v000002528c780880_0 .var "rco", 0 0;
E_000002528c728330 .event anyedge, v000002528c780740_0, v000002528c780ba0_0;
E_000002528c728d30 .event posedge, v000002528c780ce0_0;
S_000002528c6f9d70 .scope module, "mem" "sync_rom_16x4" 4 53, 7 13 0, S_000002528c7074d0;
 .timescale 0 0;
    .port_info 0 /INPUT 1 "clock";
    .port_info 1 /INPUT 4 "address";
    .port_info 2 /OUTPUT 4 "data_out";
v000002528c780920_0 .net "address", 3 0, v000002528c780ba0_0;  alias, 1 drivers
v000002528c780d80_0 .net "clock", 0 0, o000002528c72fd98;  alias, 0 drivers
v000002528c781140_0 .var "data_out", 3 0;
S_000002528c714a20 .scope module, "reg1" "registrador_4" 4 59, 8 13 0, S_000002528c7074d0;
 .timescale 0 0;
    .port_info 0 /INPUT 1 "clock";
    .port_info 1 /INPUT 1 "clear";
    .port_info 2 /INPUT 1 "enable";
    .port_info 3 /INPUT 4 "D";
    .port_info 4 /OUTPUT 4 "Q";
v000002528c781640_0 .net "D", 3 0, o000002528c7300c8;  alias, 0 drivers
v000002528c7816e0_0 .var "IQ", 3 0;
v000002528c781f00_0 .net "Q", 3 0, v000002528c7816e0_0;  alias, 1 drivers
v000002528c780a60_0 .net "clear", 0 0, v000002528c78c210_0;  alias, 1 drivers
v000002528c780e20_0 .net "clock", 0 0, o000002528c72fd98;  alias, 0 drivers
v000002528c781820_0 .net "enable", 0 0, v000002528c78ccb0_0;  alias, 1 drivers
E_000002528c728f70 .event posedge, v000002528c780a60_0, v000002528c780ce0_0;
S_000002528c714bb0 .scope module, "uc" "exp4_unidade_controle" 2 42, 9 15 0, S_000002528c702b80;
 .timescale 0 0;
    .port_info 0 /INPUT 1 "clock";
    .port_info 1 /INPUT 1 "reset";
    .port_info 2 /INPUT 1 "iniciar";
    .port_info 3 /INPUT 1 "fimC";
    .port_info 4 /OUTPUT 1 "zeraC";
    .port_info 5 /OUTPUT 1 "contaC";
    .port_info 6 /OUTPUT 1 "zeraR";
    .port_info 7 /OUTPUT 1 "registraR";
    .port_info 8 /OUTPUT 1 "pronto";
    .port_info 9 /OUTPUT 4 "db_estado";
P_000002528c714d40 .param/l "comparacao" 0 9 32, C4<0101>;
P_000002528c714d78 .param/l "fim" 0 9 34, C4<1100>;
P_000002528c714db0 .param/l "inicial" 0 9 29, C4<0000>;
P_000002528c714de8 .param/l "preparacao" 0 9 30, C4<0001>;
P_000002528c714e20 .param/l "proximo" 0 9 33, C4<0110>;
P_000002528c714e58 .param/l "registra" 0 9 31, C4<0100>;
v000002528c78b9f0_0 .var "Eatual", 3 0;
v000002528c78bb30_0 .var "Eprox", 3 0;
v000002528c78c350_0 .net "clock", 0 0, o000002528c72fd98;  alias, 0 drivers
v000002528c78c3f0_0 .var "contaC", 0 0;
v000002528c78c530_0 .var "db_estado", 3 0;
v000002528c78b630_0 .net "fimC", 0 0, v000002528c780880_0;  alias, 1 drivers
v000002528c78bd10_0 .net "iniciar", 0 0, o000002528c730518;  alias, 0 drivers
v000002528c78ce90_0 .var "pronto", 0 0;
v000002528c78ccb0_0 .var "registraR", 0 0;
v000002528c78cd50_0 .net "reset", 0 0, o000002528c730578;  alias, 0 drivers
v000002528c78c5d0_0 .var "zeraC", 0 0;
v000002528c78c210_0 .var "zeraR", 0 0;
E_000002528c7282b0 .event anyedge, v000002528c78b9f0_0;
E_000002528c7287b0 .event anyedge, v000002528c78b9f0_0, v000002528c78bd10_0, v000002528c780880_0;
E_000002528c7289f0 .event posedge, v000002528c78cd50_0, v000002528c780ce0_0;
    .scope S_000002528c6f9be0;
T_0 ;
    %pushi/vec4 0, 0, 4;
    %store/vec4 v000002528c780ba0_0, 0, 4;
    %end;
    .thread T_0;
    .scope S_000002528c6f9be0;
T_1 ;
    %wait E_000002528c728d30;
    %load/vec4 v000002528c780100_0;
    %inv;
    %flag_set/vec4 8;
    %jmp/0xz  T_1.0, 8;
    %pushi/vec4 0, 0, 4;
    %assign/vec4 v000002528c780ba0_0, 0;
    %jmp T_1.1;
T_1.0 ;
    %load/vec4 v000002528c780600_0;
    %inv;
    %flag_set/vec4 8;
    %jmp/0xz  T_1.2, 8;
    %load/vec4 v000002528c780ec0_0;
    %assign/vec4 v000002528c780ba0_0, 0;
    %jmp T_1.3;
T_1.2 ;
    %load/vec4 v000002528c780740_0;
    %flag_set/vec4 9;
    %flag_get/vec4 9;
    %jmp/0 T_1.6, 9;
    %load/vec4 v000002528c781d20_0;
    %and;
T_1.6;
    %flag_set/vec4 8;
    %jmp/0xz  T_1.4, 8;
    %load/vec4 v000002528c780ba0_0;
    %addi 1, 0, 4;
    %assign/vec4 v000002528c780ba0_0, 0;
    %jmp T_1.5;
T_1.4 ;
    %load/vec4 v000002528c780ba0_0;
    %assign/vec4 v000002528c780ba0_0, 0;
T_1.5 ;
T_1.3 ;
T_1.1 ;
    %jmp T_1;
    .thread T_1;
    .scope S_000002528c6f9be0;
T_2 ;
    %wait E_000002528c728330;
    %load/vec4 v000002528c780740_0;
    %flag_set/vec4 9;
    %flag_get/vec4 9;
    %jmp/0 T_2.2, 9;
    %load/vec4 v000002528c780ba0_0;
    %pushi/vec4 15, 0, 4;
    %cmp/e;
    %flag_get/vec4 4;
    %and;
T_2.2;
    %flag_set/vec4 8;
    %jmp/0xz  T_2.0, 8;
    %pushi/vec4 1, 0, 1;
    %store/vec4 v000002528c780880_0, 0, 1;
    %jmp T_2.1;
T_2.0 ;
    %pushi/vec4 0, 0, 1;
    %store/vec4 v000002528c780880_0, 0, 1;
T_2.1 ;
    %jmp T_2;
    .thread T_2, $push;
    .scope S_000002528c6f9d70;
T_3 ;
    %wait E_000002528c728d30;
    %load/vec4 v000002528c780920_0;
    %dup/vec4;
    %pushi/vec4 0, 0, 4;
    %cmp/u;
    %jmp/1 T_3.0, 6;
    %dup/vec4;
    %pushi/vec4 1, 0, 4;
    %cmp/u;
    %jmp/1 T_3.1, 6;
    %dup/vec4;
    %pushi/vec4 2, 0, 4;
    %cmp/u;
    %jmp/1 T_3.2, 6;
    %dup/vec4;
    %pushi/vec4 3, 0, 4;
    %cmp/u;
    %jmp/1 T_3.3, 6;
    %dup/vec4;
    %pushi/vec4 4, 0, 4;
    %cmp/u;
    %jmp/1 T_3.4, 6;
    %dup/vec4;
    %pushi/vec4 5, 0, 4;
    %cmp/u;
    %jmp/1 T_3.5, 6;
    %dup/vec4;
    %pushi/vec4 6, 0, 4;
    %cmp/u;
    %jmp/1 T_3.6, 6;
    %dup/vec4;
    %pushi/vec4 7, 0, 4;
    %cmp/u;
    %jmp/1 T_3.7, 6;
    %dup/vec4;
    %pushi/vec4 8, 0, 4;
    %cmp/u;
    %jmp/1 T_3.8, 6;
    %dup/vec4;
    %pushi/vec4 9, 0, 4;
    %cmp/u;
    %jmp/1 T_3.9, 6;
    %dup/vec4;
    %pushi/vec4 10, 0, 4;
    %cmp/u;
    %jmp/1 T_3.10, 6;
    %dup/vec4;
    %pushi/vec4 11, 0, 4;
    %cmp/u;
    %jmp/1 T_3.11, 6;
    %dup/vec4;
    %pushi/vec4 12, 0, 4;
    %cmp/u;
    %jmp/1 T_3.12, 6;
    %dup/vec4;
    %pushi/vec4 13, 0, 4;
    %cmp/u;
    %jmp/1 T_3.13, 6;
    %dup/vec4;
    %pushi/vec4 14, 0, 4;
    %cmp/u;
    %jmp/1 T_3.14, 6;
    %dup/vec4;
    %pushi/vec4 15, 0, 4;
    %cmp/u;
    %jmp/1 T_3.15, 6;
    %jmp T_3.16;
T_3.0 ;
    %pushi/vec4 1, 0, 4;
    %store/vec4 v000002528c781140_0, 0, 4;
    %jmp T_3.16;
T_3.1 ;
    %pushi/vec4 2, 0, 4;
    %store/vec4 v000002528c781140_0, 0, 4;
    %jmp T_3.16;
T_3.2 ;
    %pushi/vec4 4, 0, 4;
    %store/vec4 v000002528c781140_0, 0, 4;
    %jmp T_3.16;
T_3.3 ;
    %pushi/vec4 8, 0, 4;
    %store/vec4 v000002528c781140_0, 0, 4;
    %jmp T_3.16;
T_3.4 ;
    %pushi/vec4 4, 0, 4;
    %store/vec4 v000002528c781140_0, 0, 4;
    %jmp T_3.16;
T_3.5 ;
    %pushi/vec4 2, 0, 4;
    %store/vec4 v000002528c781140_0, 0, 4;
    %jmp T_3.16;
T_3.6 ;
    %pushi/vec4 1, 0, 4;
    %store/vec4 v000002528c781140_0, 0, 4;
    %jmp T_3.16;
T_3.7 ;
    %pushi/vec4 1, 0, 4;
    %store/vec4 v000002528c781140_0, 0, 4;
    %jmp T_3.16;
T_3.8 ;
    %pushi/vec4 2, 0, 4;
    %store/vec4 v000002528c781140_0, 0, 4;
    %jmp T_3.16;
T_3.9 ;
    %pushi/vec4 2, 0, 4;
    %store/vec4 v000002528c781140_0, 0, 4;
    %jmp T_3.16;
T_3.10 ;
    %pushi/vec4 4, 0, 4;
    %store/vec4 v000002528c781140_0, 0, 4;
    %jmp T_3.16;
T_3.11 ;
    %pushi/vec4 4, 0, 4;
    %store/vec4 v000002528c781140_0, 0, 4;
    %jmp T_3.16;
T_3.12 ;
    %pushi/vec4 8, 0, 4;
    %store/vec4 v000002528c781140_0, 0, 4;
    %jmp T_3.16;
T_3.13 ;
    %pushi/vec4 8, 0, 4;
    %store/vec4 v000002528c781140_0, 0, 4;
    %jmp T_3.16;
T_3.14 ;
    %pushi/vec4 1, 0, 4;
    %store/vec4 v000002528c781140_0, 0, 4;
    %jmp T_3.16;
T_3.15 ;
    %pushi/vec4 4, 0, 4;
    %store/vec4 v000002528c781140_0, 0, 4;
    %jmp T_3.16;
T_3.16 ;
    %pop/vec4 1;
    %jmp T_3;
    .thread T_3;
    .scope S_000002528c714a20;
T_4 ;
    %wait E_000002528c728f70;
    %load/vec4 v000002528c780a60_0;
    %flag_set/vec4 8;
    %jmp/0xz  T_4.0, 8;
    %pushi/vec4 0, 0, 4;
    %assign/vec4 v000002528c7816e0_0, 0;
    %jmp T_4.1;
T_4.0 ;
    %load/vec4 v000002528c781820_0;
    %flag_set/vec4 8;
    %jmp/0xz  T_4.2, 8;
    %load/vec4 v000002528c781640_0;
    %assign/vec4 v000002528c7816e0_0, 0;
T_4.2 ;
T_4.1 ;
    %jmp T_4;
    .thread T_4;
    .scope S_000002528c714bb0;
T_5 ;
    %wait E_000002528c7289f0;
    %load/vec4 v000002528c78cd50_0;
    %flag_set/vec4 8;
    %jmp/0xz  T_5.0, 8;
    %pushi/vec4 0, 0, 4;
    %assign/vec4 v000002528c78b9f0_0, 0;
    %jmp T_5.1;
T_5.0 ;
    %load/vec4 v000002528c78bb30_0;
    %assign/vec4 v000002528c78b9f0_0, 0;
T_5.1 ;
    %jmp T_5;
    .thread T_5;
    .scope S_000002528c714bb0;
T_6 ;
    %wait E_000002528c7287b0;
    %load/vec4 v000002528c78b9f0_0;
    %dup/vec4;
    %pushi/vec4 0, 0, 4;
    %cmp/u;
    %jmp/1 T_6.0, 6;
    %dup/vec4;
    %pushi/vec4 1, 0, 4;
    %cmp/u;
    %jmp/1 T_6.1, 6;
    %dup/vec4;
    %pushi/vec4 4, 0, 4;
    %cmp/u;
    %jmp/1 T_6.2, 6;
    %dup/vec4;
    %pushi/vec4 5, 0, 4;
    %cmp/u;
    %jmp/1 T_6.3, 6;
    %dup/vec4;
    %pushi/vec4 6, 0, 4;
    %cmp/u;
    %jmp/1 T_6.4, 6;
    %dup/vec4;
    %pushi/vec4 12, 0, 4;
    %cmp/u;
    %jmp/1 T_6.5, 6;
    %pushi/vec4 0, 0, 4;
    %store/vec4 v000002528c78bb30_0, 0, 4;
    %jmp T_6.7;
T_6.0 ;
    %load/vec4 v000002528c78bd10_0;
    %flag_set/vec4 8;
    %jmp/0 T_6.8, 8;
    %pushi/vec4 1, 0, 4;
    %jmp/1 T_6.9, 8;
T_6.8 ; End of true expr.
    %pushi/vec4 0, 0, 4;
    %jmp/0 T_6.9, 8;
 ; End of false expr.
    %blend;
T_6.9;
    %store/vec4 v000002528c78bb30_0, 0, 4;
    %jmp T_6.7;
T_6.1 ;
    %pushi/vec4 4, 0, 4;
    %store/vec4 v000002528c78bb30_0, 0, 4;
    %jmp T_6.7;
T_6.2 ;
    %pushi/vec4 5, 0, 4;
    %store/vec4 v000002528c78bb30_0, 0, 4;
    %jmp T_6.7;
T_6.3 ;
    %load/vec4 v000002528c78b630_0;
    %flag_set/vec4 8;
    %jmp/0 T_6.10, 8;
    %pushi/vec4 12, 0, 4;
    %jmp/1 T_6.11, 8;
T_6.10 ; End of true expr.
    %pushi/vec4 6, 0, 4;
    %jmp/0 T_6.11, 8;
 ; End of false expr.
    %blend;
T_6.11;
    %store/vec4 v000002528c78bb30_0, 0, 4;
    %jmp T_6.7;
T_6.4 ;
    %pushi/vec4 4, 0, 4;
    %store/vec4 v000002528c78bb30_0, 0, 4;
    %jmp T_6.7;
T_6.5 ;
    %pushi/vec4 0, 0, 4;
    %store/vec4 v000002528c78bb30_0, 0, 4;
    %jmp T_6.7;
T_6.7 ;
    %pop/vec4 1;
    %jmp T_6;
    .thread T_6, $push;
    .scope S_000002528c714bb0;
T_7 ;
    %wait E_000002528c7282b0;
    %load/vec4 v000002528c78b9f0_0;
    %cmpi/e 0, 0, 4;
    %jmp/1 T_7.2, 4;
    %flag_mov 8, 4;
    %load/vec4 v000002528c78b9f0_0;
    %cmpi/e 1, 0, 4;
    %flag_or 4, 8;
T_7.2;
    %flag_mov 8, 4;
    %jmp/0 T_7.0, 8;
    %pushi/vec4 1, 0, 1;
    %jmp/1 T_7.1, 8;
T_7.0 ; End of true expr.
    %pushi/vec4 0, 0, 1;
    %jmp/0 T_7.1, 8;
 ; End of false expr.
    %blend;
T_7.1;
    %store/vec4 v000002528c78c5d0_0, 0, 1;
    %load/vec4 v000002528c78b9f0_0;
    %cmpi/e 0, 0, 4;
    %jmp/1 T_7.5, 4;
    %flag_mov 8, 4;
    %load/vec4 v000002528c78b9f0_0;
    %cmpi/e 1, 0, 4;
    %flag_or 4, 8;
T_7.5;
    %flag_mov 8, 4;
    %jmp/0 T_7.3, 8;
    %pushi/vec4 1, 0, 1;
    %jmp/1 T_7.4, 8;
T_7.3 ; End of true expr.
    %pushi/vec4 0, 0, 1;
    %jmp/0 T_7.4, 8;
 ; End of false expr.
    %blend;
T_7.4;
    %store/vec4 v000002528c78c210_0, 0, 1;
    %load/vec4 v000002528c78b9f0_0;
    %cmpi/e 4, 0, 4;
    %flag_mov 8, 4;
    %jmp/0 T_7.6, 8;
    %pushi/vec4 1, 0, 1;
    %jmp/1 T_7.7, 8;
T_7.6 ; End of true expr.
    %pushi/vec4 0, 0, 1;
    %jmp/0 T_7.7, 8;
 ; End of false expr.
    %blend;
T_7.7;
    %store/vec4 v000002528c78ccb0_0, 0, 1;
    %load/vec4 v000002528c78b9f0_0;
    %cmpi/e 6, 0, 4;
    %flag_mov 8, 4;
    %jmp/0 T_7.8, 8;
    %pushi/vec4 1, 0, 1;
    %jmp/1 T_7.9, 8;
T_7.8 ; End of true expr.
    %pushi/vec4 0, 0, 1;
    %jmp/0 T_7.9, 8;
 ; End of false expr.
    %blend;
T_7.9;
    %store/vec4 v000002528c78c3f0_0, 0, 1;
    %load/vec4 v000002528c78b9f0_0;
    %cmpi/e 12, 0, 4;
    %flag_mov 8, 4;
    %jmp/0 T_7.10, 8;
    %pushi/vec4 1, 0, 1;
    %jmp/1 T_7.11, 8;
T_7.10 ; End of true expr.
    %pushi/vec4 0, 0, 1;
    %jmp/0 T_7.11, 8;
 ; End of false expr.
    %blend;
T_7.11;
    %store/vec4 v000002528c78ce90_0, 0, 1;
    %load/vec4 v000002528c78b9f0_0;
    %dup/vec4;
    %pushi/vec4 0, 0, 4;
    %cmp/u;
    %jmp/1 T_7.12, 6;
    %dup/vec4;
    %pushi/vec4 1, 0, 4;
    %cmp/u;
    %jmp/1 T_7.13, 6;
    %dup/vec4;
    %pushi/vec4 4, 0, 4;
    %cmp/u;
    %jmp/1 T_7.14, 6;
    %dup/vec4;
    %pushi/vec4 5, 0, 4;
    %cmp/u;
    %jmp/1 T_7.15, 6;
    %dup/vec4;
    %pushi/vec4 6, 0, 4;
    %cmp/u;
    %jmp/1 T_7.16, 6;
    %dup/vec4;
    %pushi/vec4 12, 0, 4;
    %cmp/u;
    %jmp/1 T_7.17, 6;
    %pushi/vec4 15, 0, 4;
    %store/vec4 v000002528c78c530_0, 0, 4;
    %jmp T_7.19;
T_7.12 ;
    %pushi/vec4 0, 0, 4;
    %store/vec4 v000002528c78c530_0, 0, 4;
    %jmp T_7.19;
T_7.13 ;
    %pushi/vec4 1, 0, 4;
    %store/vec4 v000002528c78c530_0, 0, 4;
    %jmp T_7.19;
T_7.14 ;
    %pushi/vec4 4, 0, 4;
    %store/vec4 v000002528c78c530_0, 0, 4;
    %jmp T_7.19;
T_7.15 ;
    %pushi/vec4 5, 0, 4;
    %store/vec4 v000002528c78c530_0, 0, 4;
    %jmp T_7.19;
T_7.16 ;
    %pushi/vec4 6, 0, 4;
    %store/vec4 v000002528c78c530_0, 0, 4;
    %jmp T_7.19;
T_7.17 ;
    %pushi/vec4 12, 0, 4;
    %store/vec4 v000002528c78c530_0, 0, 4;
    %jmp T_7.19;
T_7.19 ;
    %pop/vec4 1;
    %jmp T_7;
    .thread T_7, $push;
    .scope S_000002528c7103d0;
T_8 ;
    %wait E_000002528c728df0;
    %load/vec4 v000002528c71f9b0_0;
    %dup/vec4;
    %pushi/vec4 0, 0, 4;
    %cmp/u;
    %jmp/1 T_8.0, 6;
    %dup/vec4;
    %pushi/vec4 1, 0, 4;
    %cmp/u;
    %jmp/1 T_8.1, 6;
    %dup/vec4;
    %pushi/vec4 2, 0, 4;
    %cmp/u;
    %jmp/1 T_8.2, 6;
    %dup/vec4;
    %pushi/vec4 3, 0, 4;
    %cmp/u;
    %jmp/1 T_8.3, 6;
    %dup/vec4;
    %pushi/vec4 4, 0, 4;
    %cmp/u;
    %jmp/1 T_8.4, 6;
    %dup/vec4;
    %pushi/vec4 5, 0, 4;
    %cmp/u;
    %jmp/1 T_8.5, 6;
    %dup/vec4;
    %pushi/vec4 6, 0, 4;
    %cmp/u;
    %jmp/1 T_8.6, 6;
    %dup/vec4;
    %pushi/vec4 7, 0, 4;
    %cmp/u;
    %jmp/1 T_8.7, 6;
    %dup/vec4;
    %pushi/vec4 8, 0, 4;
    %cmp/u;
    %jmp/1 T_8.8, 6;
    %dup/vec4;
    %pushi/vec4 9, 0, 4;
    %cmp/u;
    %jmp/1 T_8.9, 6;
    %dup/vec4;
    %pushi/vec4 10, 0, 4;
    %cmp/u;
    %jmp/1 T_8.10, 6;
    %dup/vec4;
    %pushi/vec4 11, 0, 4;
    %cmp/u;
    %jmp/1 T_8.11, 6;
    %dup/vec4;
    %pushi/vec4 12, 0, 4;
    %cmp/u;
    %jmp/1 T_8.12, 6;
    %dup/vec4;
    %pushi/vec4 13, 0, 4;
    %cmp/u;
    %jmp/1 T_8.13, 6;
    %dup/vec4;
    %pushi/vec4 14, 0, 4;
    %cmp/u;
    %jmp/1 T_8.14, 6;
    %dup/vec4;
    %pushi/vec4 15, 0, 4;
    %cmp/u;
    %jmp/1 T_8.15, 6;
    %pushi/vec4 127, 0, 7;
    %store/vec4 v000002528c71fc30_0, 0, 7;
    %jmp T_8.17;
T_8.0 ;
    %pushi/vec4 64, 0, 7;
    %store/vec4 v000002528c71fc30_0, 0, 7;
    %jmp T_8.17;
T_8.1 ;
    %pushi/vec4 121, 0, 7;
    %store/vec4 v000002528c71fc30_0, 0, 7;
    %jmp T_8.17;
T_8.2 ;
    %pushi/vec4 36, 0, 7;
    %store/vec4 v000002528c71fc30_0, 0, 7;
    %jmp T_8.17;
T_8.3 ;
    %pushi/vec4 48, 0, 7;
    %store/vec4 v000002528c71fc30_0, 0, 7;
    %jmp T_8.17;
T_8.4 ;
    %pushi/vec4 25, 0, 7;
    %store/vec4 v000002528c71fc30_0, 0, 7;
    %jmp T_8.17;
T_8.5 ;
    %pushi/vec4 18, 0, 7;
    %store/vec4 v000002528c71fc30_0, 0, 7;
    %jmp T_8.17;
T_8.6 ;
    %pushi/vec4 2, 0, 7;
    %store/vec4 v000002528c71fc30_0, 0, 7;
    %jmp T_8.17;
T_8.7 ;
    %pushi/vec4 120, 0, 7;
    %store/vec4 v000002528c71fc30_0, 0, 7;
    %jmp T_8.17;
T_8.8 ;
    %pushi/vec4 0, 0, 7;
    %store/vec4 v000002528c71fc30_0, 0, 7;
    %jmp T_8.17;
T_8.9 ;
    %pushi/vec4 16, 0, 7;
    %store/vec4 v000002528c71fc30_0, 0, 7;
    %jmp T_8.17;
T_8.10 ;
    %pushi/vec4 8, 0, 7;
    %store/vec4 v000002528c71fc30_0, 0, 7;
    %jmp T_8.17;
T_8.11 ;
    %pushi/vec4 3, 0, 7;
    %store/vec4 v000002528c71fc30_0, 0, 7;
    %jmp T_8.17;
T_8.12 ;
    %pushi/vec4 70, 0, 7;
    %store/vec4 v000002528c71fc30_0, 0, 7;
    %jmp T_8.17;
T_8.13 ;
    %pushi/vec4 33, 0, 7;
    %store/vec4 v000002528c71fc30_0, 0, 7;
    %jmp T_8.17;
T_8.14 ;
    %pushi/vec4 6, 0, 7;
    %store/vec4 v000002528c71fc30_0, 0, 7;
    %jmp T_8.17;
T_8.15 ;
    %pushi/vec4 14, 0, 7;
    %store/vec4 v000002528c71fc30_0, 0, 7;
    %jmp T_8.17;
T_8.17 ;
    %pop/vec4 1;
    %jmp T_8;
    .thread T_8, $push;
    .scope S_000002528c6fe7c0;
T_9 ;
    %wait E_000002528c728cf0;
    %load/vec4 v000002528c71f2d0_0;
    %dup/vec4;
    %pushi/vec4 0, 0, 4;
    %cmp/u;
    %jmp/1 T_9.0, 6;
    %dup/vec4;
    %pushi/vec4 1, 0, 4;
    %cmp/u;
    %jmp/1 T_9.1, 6;
    %dup/vec4;
    %pushi/vec4 2, 0, 4;
    %cmp/u;
    %jmp/1 T_9.2, 6;
    %dup/vec4;
    %pushi/vec4 3, 0, 4;
    %cmp/u;
    %jmp/1 T_9.3, 6;
    %dup/vec4;
    %pushi/vec4 4, 0, 4;
    %cmp/u;
    %jmp/1 T_9.4, 6;
    %dup/vec4;
    %pushi/vec4 5, 0, 4;
    %cmp/u;
    %jmp/1 T_9.5, 6;
    %dup/vec4;
    %pushi/vec4 6, 0, 4;
    %cmp/u;
    %jmp/1 T_9.6, 6;
    %dup/vec4;
    %pushi/vec4 7, 0, 4;
    %cmp/u;
    %jmp/1 T_9.7, 6;
    %dup/vec4;
    %pushi/vec4 8, 0, 4;
    %cmp/u;
    %jmp/1 T_9.8, 6;
    %dup/vec4;
    %pushi/vec4 9, 0, 4;
    %cmp/u;
    %jmp/1 T_9.9, 6;
    %dup/vec4;
    %pushi/vec4 10, 0, 4;
    %cmp/u;
    %jmp/1 T_9.10, 6;
    %dup/vec4;
    %pushi/vec4 11, 0, 4;
    %cmp/u;
    %jmp/1 T_9.11, 6;
    %dup/vec4;
    %pushi/vec4 12, 0, 4;
    %cmp/u;
    %jmp/1 T_9.12, 6;
    %dup/vec4;
    %pushi/vec4 13, 0, 4;
    %cmp/u;
    %jmp/1 T_9.13, 6;
    %dup/vec4;
    %pushi/vec4 14, 0, 4;
    %cmp/u;
    %jmp/1 T_9.14, 6;
    %dup/vec4;
    %pushi/vec4 15, 0, 4;
    %cmp/u;
    %jmp/1 T_9.15, 6;
    %pushi/vec4 127, 0, 7;
    %store/vec4 v000002528c71f190_0, 0, 7;
    %jmp T_9.17;
T_9.0 ;
    %pushi/vec4 64, 0, 7;
    %store/vec4 v000002528c71f190_0, 0, 7;
    %jmp T_9.17;
T_9.1 ;
    %pushi/vec4 121, 0, 7;
    %store/vec4 v000002528c71f190_0, 0, 7;
    %jmp T_9.17;
T_9.2 ;
    %pushi/vec4 36, 0, 7;
    %store/vec4 v000002528c71f190_0, 0, 7;
    %jmp T_9.17;
T_9.3 ;
    %pushi/vec4 48, 0, 7;
    %store/vec4 v000002528c71f190_0, 0, 7;
    %jmp T_9.17;
T_9.4 ;
    %pushi/vec4 25, 0, 7;
    %store/vec4 v000002528c71f190_0, 0, 7;
    %jmp T_9.17;
T_9.5 ;
    %pushi/vec4 18, 0, 7;
    %store/vec4 v000002528c71f190_0, 0, 7;
    %jmp T_9.17;
T_9.6 ;
    %pushi/vec4 2, 0, 7;
    %store/vec4 v000002528c71f190_0, 0, 7;
    %jmp T_9.17;
T_9.7 ;
    %pushi/vec4 120, 0, 7;
    %store/vec4 v000002528c71f190_0, 0, 7;
    %jmp T_9.17;
T_9.8 ;
    %pushi/vec4 0, 0, 7;
    %store/vec4 v000002528c71f190_0, 0, 7;
    %jmp T_9.17;
T_9.9 ;
    %pushi/vec4 16, 0, 7;
    %store/vec4 v000002528c71f190_0, 0, 7;
    %jmp T_9.17;
T_9.10 ;
    %pushi/vec4 8, 0, 7;
    %store/vec4 v000002528c71f190_0, 0, 7;
    %jmp T_9.17;
T_9.11 ;
    %pushi/vec4 3, 0, 7;
    %store/vec4 v000002528c71f190_0, 0, 7;
    %jmp T_9.17;
T_9.12 ;
    %pushi/vec4 70, 0, 7;
    %store/vec4 v000002528c71f190_0, 0, 7;
    %jmp T_9.17;
T_9.13 ;
    %pushi/vec4 33, 0, 7;
    %store/vec4 v000002528c71f190_0, 0, 7;
    %jmp T_9.17;
T_9.14 ;
    %pushi/vec4 6, 0, 7;
    %store/vec4 v000002528c71f190_0, 0, 7;
    %jmp T_9.17;
T_9.15 ;
    %pushi/vec4 14, 0, 7;
    %store/vec4 v000002528c71f190_0, 0, 7;
    %jmp T_9.17;
T_9.17 ;
    %pop/vec4 1;
    %jmp T_9;
    .thread T_9, $push;
    .scope S_000002528c6fe950;
T_10 ;
    %wait E_000002528c728370;
    %load/vec4 v000002528c71f910_0;
    %dup/vec4;
    %pushi/vec4 0, 0, 4;
    %cmp/u;
    %jmp/1 T_10.0, 6;
    %dup/vec4;
    %pushi/vec4 1, 0, 4;
    %cmp/u;
    %jmp/1 T_10.1, 6;
    %dup/vec4;
    %pushi/vec4 2, 0, 4;
    %cmp/u;
    %jmp/1 T_10.2, 6;
    %dup/vec4;
    %pushi/vec4 3, 0, 4;
    %cmp/u;
    %jmp/1 T_10.3, 6;
    %dup/vec4;
    %pushi/vec4 4, 0, 4;
    %cmp/u;
    %jmp/1 T_10.4, 6;
    %dup/vec4;
    %pushi/vec4 5, 0, 4;
    %cmp/u;
    %jmp/1 T_10.5, 6;
    %dup/vec4;
    %pushi/vec4 6, 0, 4;
    %cmp/u;
    %jmp/1 T_10.6, 6;
    %dup/vec4;
    %pushi/vec4 7, 0, 4;
    %cmp/u;
    %jmp/1 T_10.7, 6;
    %dup/vec4;
    %pushi/vec4 8, 0, 4;
    %cmp/u;
    %jmp/1 T_10.8, 6;
    %dup/vec4;
    %pushi/vec4 9, 0, 4;
    %cmp/u;
    %jmp/1 T_10.9, 6;
    %dup/vec4;
    %pushi/vec4 10, 0, 4;
    %cmp/u;
    %jmp/1 T_10.10, 6;
    %dup/vec4;
    %pushi/vec4 11, 0, 4;
    %cmp/u;
    %jmp/1 T_10.11, 6;
    %dup/vec4;
    %pushi/vec4 12, 0, 4;
    %cmp/u;
    %jmp/1 T_10.12, 6;
    %dup/vec4;
    %pushi/vec4 13, 0, 4;
    %cmp/u;
    %jmp/1 T_10.13, 6;
    %dup/vec4;
    %pushi/vec4 14, 0, 4;
    %cmp/u;
    %jmp/1 T_10.14, 6;
    %dup/vec4;
    %pushi/vec4 15, 0, 4;
    %cmp/u;
    %jmp/1 T_10.15, 6;
    %pushi/vec4 127, 0, 7;
    %store/vec4 v000002528c71f370_0, 0, 7;
    %jmp T_10.17;
T_10.0 ;
    %pushi/vec4 64, 0, 7;
    %store/vec4 v000002528c71f370_0, 0, 7;
    %jmp T_10.17;
T_10.1 ;
    %pushi/vec4 121, 0, 7;
    %store/vec4 v000002528c71f370_0, 0, 7;
    %jmp T_10.17;
T_10.2 ;
    %pushi/vec4 36, 0, 7;
    %store/vec4 v000002528c71f370_0, 0, 7;
    %jmp T_10.17;
T_10.3 ;
    %pushi/vec4 48, 0, 7;
    %store/vec4 v000002528c71f370_0, 0, 7;
    %jmp T_10.17;
T_10.4 ;
    %pushi/vec4 25, 0, 7;
    %store/vec4 v000002528c71f370_0, 0, 7;
    %jmp T_10.17;
T_10.5 ;
    %pushi/vec4 18, 0, 7;
    %store/vec4 v000002528c71f370_0, 0, 7;
    %jmp T_10.17;
T_10.6 ;
    %pushi/vec4 2, 0, 7;
    %store/vec4 v000002528c71f370_0, 0, 7;
    %jmp T_10.17;
T_10.7 ;
    %pushi/vec4 120, 0, 7;
    %store/vec4 v000002528c71f370_0, 0, 7;
    %jmp T_10.17;
T_10.8 ;
    %pushi/vec4 0, 0, 7;
    %store/vec4 v000002528c71f370_0, 0, 7;
    %jmp T_10.17;
T_10.9 ;
    %pushi/vec4 16, 0, 7;
    %store/vec4 v000002528c71f370_0, 0, 7;
    %jmp T_10.17;
T_10.10 ;
    %pushi/vec4 8, 0, 7;
    %store/vec4 v000002528c71f370_0, 0, 7;
    %jmp T_10.17;
T_10.11 ;
    %pushi/vec4 3, 0, 7;
    %store/vec4 v000002528c71f370_0, 0, 7;
    %jmp T_10.17;
T_10.12 ;
    %pushi/vec4 70, 0, 7;
    %store/vec4 v000002528c71f370_0, 0, 7;
    %jmp T_10.17;
T_10.13 ;
    %pushi/vec4 33, 0, 7;
    %store/vec4 v000002528c71f370_0, 0, 7;
    %jmp T_10.17;
T_10.14 ;
    %pushi/vec4 6, 0, 7;
    %store/vec4 v000002528c71f370_0, 0, 7;
    %jmp T_10.17;
T_10.15 ;
    %pushi/vec4 14, 0, 7;
    %store/vec4 v000002528c71f370_0, 0, 7;
    %jmp T_10.17;
T_10.17 ;
    %pop/vec4 1;
    %jmp T_10;
    .thread T_10, $push;
    .scope S_000002528c710560;
T_11 ;
    %wait E_000002528c7284b0;
    %load/vec4 v000002528c781320_0;
    %dup/vec4;
    %pushi/vec4 0, 0, 4;
    %cmp/u;
    %jmp/1 T_11.0, 6;
    %dup/vec4;
    %pushi/vec4 1, 0, 4;
    %cmp/u;
    %jmp/1 T_11.1, 6;
    %dup/vec4;
    %pushi/vec4 2, 0, 4;
    %cmp/u;
    %jmp/1 T_11.2, 6;
    %dup/vec4;
    %pushi/vec4 3, 0, 4;
    %cmp/u;
    %jmp/1 T_11.3, 6;
    %dup/vec4;
    %pushi/vec4 4, 0, 4;
    %cmp/u;
    %jmp/1 T_11.4, 6;
    %dup/vec4;
    %pushi/vec4 5, 0, 4;
    %cmp/u;
    %jmp/1 T_11.5, 6;
    %dup/vec4;
    %pushi/vec4 6, 0, 4;
    %cmp/u;
    %jmp/1 T_11.6, 6;
    %dup/vec4;
    %pushi/vec4 7, 0, 4;
    %cmp/u;
    %jmp/1 T_11.7, 6;
    %dup/vec4;
    %pushi/vec4 8, 0, 4;
    %cmp/u;
    %jmp/1 T_11.8, 6;
    %dup/vec4;
    %pushi/vec4 9, 0, 4;
    %cmp/u;
    %jmp/1 T_11.9, 6;
    %dup/vec4;
    %pushi/vec4 10, 0, 4;
    %cmp/u;
    %jmp/1 T_11.10, 6;
    %dup/vec4;
    %pushi/vec4 11, 0, 4;
    %cmp/u;
    %jmp/1 T_11.11, 6;
    %dup/vec4;
    %pushi/vec4 12, 0, 4;
    %cmp/u;
    %jmp/1 T_11.12, 6;
    %dup/vec4;
    %pushi/vec4 13, 0, 4;
    %cmp/u;
    %jmp/1 T_11.13, 6;
    %dup/vec4;
    %pushi/vec4 14, 0, 4;
    %cmp/u;
    %jmp/1 T_11.14, 6;
    %dup/vec4;
    %pushi/vec4 15, 0, 4;
    %cmp/u;
    %jmp/1 T_11.15, 6;
    %pushi/vec4 127, 0, 7;
    %store/vec4 v000002528c71fcd0_0, 0, 7;
    %jmp T_11.17;
T_11.0 ;
    %pushi/vec4 64, 0, 7;
    %store/vec4 v000002528c71fcd0_0, 0, 7;
    %jmp T_11.17;
T_11.1 ;
    %pushi/vec4 121, 0, 7;
    %store/vec4 v000002528c71fcd0_0, 0, 7;
    %jmp T_11.17;
T_11.2 ;
    %pushi/vec4 36, 0, 7;
    %store/vec4 v000002528c71fcd0_0, 0, 7;
    %jmp T_11.17;
T_11.3 ;
    %pushi/vec4 48, 0, 7;
    %store/vec4 v000002528c71fcd0_0, 0, 7;
    %jmp T_11.17;
T_11.4 ;
    %pushi/vec4 25, 0, 7;
    %store/vec4 v000002528c71fcd0_0, 0, 7;
    %jmp T_11.17;
T_11.5 ;
    %pushi/vec4 18, 0, 7;
    %store/vec4 v000002528c71fcd0_0, 0, 7;
    %jmp T_11.17;
T_11.6 ;
    %pushi/vec4 2, 0, 7;
    %store/vec4 v000002528c71fcd0_0, 0, 7;
    %jmp T_11.17;
T_11.7 ;
    %pushi/vec4 120, 0, 7;
    %store/vec4 v000002528c71fcd0_0, 0, 7;
    %jmp T_11.17;
T_11.8 ;
    %pushi/vec4 0, 0, 7;
    %store/vec4 v000002528c71fcd0_0, 0, 7;
    %jmp T_11.17;
T_11.9 ;
    %pushi/vec4 16, 0, 7;
    %store/vec4 v000002528c71fcd0_0, 0, 7;
    %jmp T_11.17;
T_11.10 ;
    %pushi/vec4 8, 0, 7;
    %store/vec4 v000002528c71fcd0_0, 0, 7;
    %jmp T_11.17;
T_11.11 ;
    %pushi/vec4 3, 0, 7;
    %store/vec4 v000002528c71fcd0_0, 0, 7;
    %jmp T_11.17;
T_11.12 ;
    %pushi/vec4 70, 0, 7;
    %store/vec4 v000002528c71fcd0_0, 0, 7;
    %jmp T_11.17;
T_11.13 ;
    %pushi/vec4 33, 0, 7;
    %store/vec4 v000002528c71fcd0_0, 0, 7;
    %jmp T_11.17;
T_11.14 ;
    %pushi/vec4 6, 0, 7;
    %store/vec4 v000002528c71fcd0_0, 0, 7;
    %jmp T_11.17;
T_11.15 ;
    %pushi/vec4 14, 0, 7;
    %store/vec4 v000002528c71fcd0_0, 0, 7;
    %jmp T_11.17;
T_11.17 ;
    %pop/vec4 1;
    %jmp T_11;
    .thread T_11, $push;
# The file index is used to find the file name in the following table.
:file_names 10;
    "N/A";
    "<interactive>";
    "exp4.v";
    "hexa7seg.v";
    "exp4_fluxo_dados.v";
    "comparador_85.v";
    "contador_163.v";
    "sync_rom_16x4.v";
    "registrador_4.v";
    "exp4_unidade_controle.v";
